#
# There is insufficient memory for the Java Runtime Environment to continue.
# Native memory allocation (malloc) failed to allocate 32744 bytes for ChunkPool::allocate
# Possible reasons:
#   The system is out of physical RAM or swap space
#   The process is running with CompressedOops enabled, and the Java Heap may be blocking the growth of the native heap
# Possible solutions:
#   Reduce memory load on the system
#   Increase physical memory or swap space
#   Check if swap backing store is full
#   Decrease Java heap size (-Xmx/-Xms)
#   Decrease number of Java threads
#   Decrease Java thread stack sizes (-Xss)
#   Set larger code cache with -XX:ReservedCodeCacheSize=
#   JVM is running with Unscaled Compressed Oops mode in which the Java heap is
#     placed in the first 4GB address space. The Java Heap base address is the
#     maximum limit for the native heap growth. Please use -XX:HeapBaseMinAddress
#     to set the Java Heap base and to place the Java Heap above 4GB virtual address.
# This output file may be truncated or incomplete.
#
#  Out of Memory Error (arena.cpp:78), pid=13484, tid=10404
#
# JRE version: OpenJDK Runtime Environment Temurin-17.0.4.1+1 (17.0.4.1+1) (build 17.0.4.1+1)
# Java VM: OpenJDK 64-Bit Server VM Temurin-17.0.4.1+1 (17.0.4.1+1, mixed mode, sharing, tiered, compressed oops, compressed class ptrs, g1 gc, windows-amd64)
# No core dump will be written. Minidumps are not enabled by default on client versions of Windows
#

---------------  S U M M A R Y ------------

Command Line: -Dfile.encoding=UTF-8 -Djava.security.policy=applet.policy --module-path=C:\Users\91839\Documents\NetBeansProjects\Travel  Management System\build\classes travel.management.system.ViewBookedHotel

Host: Intel(R) Core(TM) i5-10300H CPU @ 2.50GHz, 8 cores, 7G,  Windows 11 , 64 bit Build 22621 (10.0.22621.1485)
Time: Fri May 19 00:41:21 2023 India Standard Time elapsed time: 20856.150006 seconds (0d 5h 47m 36s)

---------------  T H R E A D  ---------------

Current thread (0x00000177b055b8f0):  JavaThread "C2 CompilerThread0" daemon [_thread_in_native, id=10404, stack(0x0000000acba00000,0x0000000acbb00000)]


Current CompileTask:
C2:20856150 1812       4       java.net.URLStreamHandler::parseURL (1201 bytes)

Stack: [0x0000000acba00000,0x0000000acbb00000]
Native frames: (J=compiled Java code, j=interpreted, Vv=VM code, C=native code)
V  [jvm.dll+0x67731a]
V  [jvm.dll+0x832284]
V  [jvm.dll+0x833a2e]
V  [jvm.dll+0x834093]
V  [jvm.dll+0x245775]
V  [jvm.dll+0xabfc0]
V  [jvm.dll+0xac30c]
V  [jvm.dll+0xabe8b]
V  [jvm.dll+0x6536be]
V  [jvm.dll+0x589ff2]
V  [jvm.dll+0x573bf6]
V  [jvm.dll+0x571c65]
V  [jvm.dll+0x57e359]
V  [jvm.dll+0x220892]
V  [jvm.dll+0x219d3f]
V  [jvm.dll+0x21799b]
V  [jvm.dll+0x1a3f8d]
V  [jvm.dll+0x227498]
V  [jvm.dll+0x2255e5]
V  [jvm.dll+0x7e7e9b]
V  [jvm.dll+0x7e240a]
V  [jvm.dll+0x6761a5]
C  [ucrtbase.dll+0x29363]
C  [KERNEL32.DLL+0x1269d]
C  [ntdll.dll+0x5a9f8]


---------------  P R O C E S S  ---------------

Threads class SMR info:
_java_thread_list=0x00000177b23cd4f0, length=17, elements={
0x00000177b0545890, 0x00000177b0546440, 0x00000177b05578d0, 0x00000177b0558280,
0x00000177b0559e50, 0x00000177b055a800, 0x00000177b055b8f0, 0x00000177b055fea0,
0x00000177b0560890, 0x00000177b10962c0, 0x00000177b11425d0, 0x00000177b1323b50,
0x00000177b1328340, 0x00000177b132bc50, 0x00000177b1363b00, 0x00000177b349ca20,
0x0000017792280320
}

Java Threads: ( => current thread )
  0x00000177b0545890 JavaThread "Reference Handler" daemon [_thread_blocked, id=29120, stack(0x0000000acb400000,0x0000000acb500000)]
  0x00000177b0546440 JavaThread "Finalizer" daemon [_thread_blocked, id=20964, stack(0x0000000acb500000,0x0000000acb600000)]
  0x00000177b05578d0 JavaThread "Signal Dispatcher" daemon [_thread_blocked, id=15156, stack(0x0000000acb600000,0x0000000acb700000)]
  0x00000177b0558280 JavaThread "Attach Listener" daemon [_thread_blocked, id=29040, stack(0x0000000acb700000,0x0000000acb800000)]
  0x00000177b0559e50 JavaThread "Service Thread" daemon [_thread_blocked, id=12536, stack(0x0000000acb800000,0x0000000acb900000)]
  0x00000177b055a800 JavaThread "Monitor Deflation Thread" daemon [_thread_blocked, id=21388, stack(0x0000000acb900000,0x0000000acba00000)]
=>0x00000177b055b8f0 JavaThread "C2 CompilerThread0" daemon [_thread_in_native, id=10404, stack(0x0000000acba00000,0x0000000acbb00000)]
  0x00000177b055fea0 JavaThread "C1 CompilerThread0" daemon [_thread_blocked, id=16248, stack(0x0000000acbb00000,0x0000000acbc00000)]
  0x00000177b0560890 JavaThread "Sweeper thread" daemon [_thread_blocked, id=20072, stack(0x0000000acbc00000,0x0000000acbd00000)]
  0x00000177b10962c0 JavaThread "Common-Cleaner" daemon [_thread_blocked, id=33280, stack(0x0000000acbd00000,0x0000000acbe00000)]
  0x00000177b11425d0 JavaThread "Notification Thread" daemon [_thread_blocked, id=13116, stack(0x0000000acbe00000,0x0000000acbf00000)]
  0x00000177b1323b50 JavaThread "Java2D Disposer" daemon [_thread_blocked, id=2364, stack(0x0000000acc000000,0x0000000acc100000)]
  0x00000177b1328340 JavaThread "AWT-Shutdown" [_thread_blocked, id=10396, stack(0x0000000acc100000,0x0000000acc200000)]
  0x00000177b132bc50 JavaThread "AWT-Windows" daemon [_thread_in_native, id=21684, stack(0x0000000acc200000,0x0000000acc300000)]
  0x00000177b1363b00 JavaThread "mysql-cj-abandoned-connection-cleanup" daemon [_thread_blocked, id=30580, stack(0x0000000acc500000,0x0000000acc600000)]
  0x00000177b349ca20 JavaThread "AWT-EventQueue-0" [_thread_blocked, id=12276, stack(0x0000000accf00000,0x0000000acd000000)]
  0x0000017792280320 JavaThread "DestroyJavaVM" [_thread_blocked, id=18584, stack(0x0000000acad00000,0x0000000acae00000)]

Other Threads:
  0x00000177b053dfd0 VMThread "VM Thread" [stack: 0x0000000acb300000,0x0000000acb400000] [id=13564]
  0x00000177922efaf0 WatcherThread [stack: 0x0000000acbf00000,0x0000000acc000000] [id=33232]
  0x00000177922d7230 GCTaskThread "GC Thread#0" [stack: 0x0000000acae00000,0x0000000acaf00000] [id=11060]
  0x00000177b21086f0 GCTaskThread "GC Thread#1" [stack: 0x0000000acc700000,0x0000000acc800000] [id=21032]
  0x00000177b21089a0 GCTaskThread "GC Thread#2" [stack: 0x0000000acc800000,0x0000000acc900000] [id=7116]
  0x00000177b2108c50 GCTaskThread "GC Thread#3" [stack: 0x0000000acc900000,0x0000000acca00000] [id=27072]
  0x00000177b2133280 GCTaskThread "GC Thread#4" [stack: 0x0000000acca00000,0x0000000accb00000] [id=33656]
  0x00000177b252f740 GCTaskThread "GC Thread#5" [stack: 0x0000000accb00000,0x0000000accc00000] [id=32960]
  0x00000177b2451c30 GCTaskThread "GC Thread#6" [stack: 0x0000000accc00000,0x0000000accd00000] [id=33004]
  0x00000177b1f9b870 GCTaskThread "GC Thread#7" [stack: 0x0000000accd00000,0x0000000acce00000] [id=31436]
  0x00000177922e8de0 ConcurrentGCThread "G1 Main Marker" [stack: 0x0000000acaf00000,0x0000000acb000000] [id=10524]
  0x00000177922e9f90 ConcurrentGCThread "G1 Conc#0" [stack: 0x0000000acb000000,0x0000000acb100000] [id=23732]
  0x000001779234e550 ConcurrentGCThread "G1 Refine#0" [stack: 0x0000000acb100000,0x0000000acb200000] [id=29428]
  0x00000177b1f9bf30 ConcurrentGCThread "G1 Refine#1" [stack: 0x0000000acce00000,0x0000000accf00000] [id=9404]
  0x00000177b03fa180 ConcurrentGCThread "G1 Service" [stack: 0x0000000acb200000,0x0000000acb300000] [id=31596]

Threads with active compile tasks:
C2 CompilerThread0  20856174 1812       4       java.net.URLStreamHandler::parseURL (1201 bytes)

VM state: not at safepoint (normal execution)

VM Mutex/Monitor currently owned by a thread: None

Heap address: 0x0000000082800000, size: 2008 MB, Compressed Oops mode: 32-bit

CDS archive(s) mapped at: [0x0000000800000000-0x0000000800bc0000-0x0000000800bc0000), size 12320768, SharedBaseAddress: 0x0000000800000000, ArchiveRelocationMode: 0.
Compressed class space mapped at: 0x0000000800c00000-0x0000000840c00000, reserved size: 1073741824
Narrow klass base: 0x0000000800000000, Narrow klass shift: 0, Narrow klass range: 0x100000000

GC Precious Log:
 CPUs: 8 total, 8 available
 Memory: 8029M
 Large Page Support: Disabled
 NUMA Support: Disabled
 Compressed Oops: Enabled (32-bit)
 Heap Region Size: 1M
 Heap Min Capacity: 8M
 Heap Initial Capacity: 126M
 Heap Max Capacity: 2008M
 Pre-touch: Disabled
 Parallel Workers: 8
 Concurrent Workers: 2
 Concurrent Refinement Workers: 8
 Periodic GC: Disabled

Heap:
 garbage-first heap   total 129024K, used 18037K [0x0000000082800000, 0x0000000100000000)
  region size 1024K, 8 young (8192K), 3 survivors (3072K)
 Metaspace       used 15540K, committed 15808K, reserved 1064960K
  class space    used 1741K, committed 1856K, reserved 1048576K

Heap Regions: E=young(eden), S=young(survivor), O=old, HS=humongous(starts), HC=humongous(continues), CS=collection set, F=free, OA=open archive, CA=closed archive, TAMS=top-at-mark-start (previous, next)
|   0|0x0000000082800000, 0x0000000082900000, 0x0000000082900000|100%|HS|  |TAMS 0x0000000082800000, 0x0000000082800000| Complete 
|   1|0x0000000082900000, 0x0000000082a00000, 0x0000000082a00000|100%|HC|  |TAMS 0x0000000082900000, 0x0000000082900000| Complete 
|   2|0x0000000082a00000, 0x0000000082b00000, 0x0000000082b00000|100%|HC|  |TAMS 0x0000000082a00000, 0x0000000082a00000| Complete 
|   3|0x0000000082b00000, 0x0000000082c00000, 0x0000000082c00000|100%|HS|  |TAMS 0x0000000082b00000, 0x0000000082b00000| Complete 
|   4|0x0000000082c00000, 0x0000000082d00000, 0x0000000082d00000|100%|HC|  |TAMS 0x0000000082c00000, 0x0000000082c00000| Complete 
|   5|0x0000000082d00000, 0x0000000082e00000, 0x0000000082e00000|100%| O|  |TAMS 0x0000000082d00000, 0x0000000082d00000| Untracked 
|   6|0x0000000082e00000, 0x0000000082e9d400, 0x0000000082f00000| 61%| O|  |TAMS 0x0000000082e00000, 0x0000000082e00000| Untracked 
|   7|0x0000000082f00000, 0x0000000083000000, 0x0000000083000000|100%|HS|  |TAMS 0x0000000082f00000, 0x0000000082f00000| Complete 
|   8|0x0000000083000000, 0x0000000083100000, 0x0000000083100000|100%|HC|  |TAMS 0x0000000083000000, 0x0000000083000000| Complete 
|   9|0x0000000083100000, 0x0000000083200000, 0x0000000083200000|100%|HC|  |TAMS 0x0000000083100000, 0x0000000083100000| Complete 
|  10|0x0000000083200000, 0x0000000083300000, 0x0000000083300000|100%|HC|  |TAMS 0x0000000083200000, 0x0000000083200000| Complete 
|  11|0x0000000083300000, 0x0000000083300000, 0x0000000083400000|  0%| F|  |TAMS 0x0000000083300000, 0x0000000083300000| Untracked 
|  12|0x0000000083400000, 0x0000000083400000, 0x0000000083500000|  0%| F|  |TAMS 0x0000000083400000, 0x0000000083400000| Untracked 
|  13|0x0000000083500000, 0x0000000083500000, 0x0000000083600000|  0%| F|  |TAMS 0x0000000083500000, 0x0000000083500000| Untracked 
|  14|0x0000000083600000, 0x0000000083600000, 0x0000000083700000|  0%| F|  |TAMS 0x0000000083600000, 0x0000000083600000| Untracked 
|  15|0x0000000083700000, 0x0000000083700000, 0x0000000083800000|  0%| F|  |TAMS 0x0000000083700000, 0x0000000083700000| Untracked 
|  16|0x0000000083800000, 0x0000000083800000, 0x0000000083900000|  0%| F|  |TAMS 0x0000000083800000, 0x0000000083800000| Untracked 
|  17|0x0000000083900000, 0x0000000083900000, 0x0000000083a00000|  0%| F|  |TAMS 0x0000000083900000, 0x0000000083900000| Untracked 
|  18|0x0000000083a00000, 0x0000000083a00000, 0x0000000083b00000|  0%| F|  |TAMS 0x0000000083a00000, 0x0000000083a00000| Untracked 
|  19|0x0000000083b00000, 0x0000000083b00000, 0x0000000083c00000|  0%| F|  |TAMS 0x0000000083b00000, 0x0000000083b00000| Untracked 
|  20|0x0000000083c00000, 0x0000000083c00000, 0x0000000083d00000|  0%| F|  |TAMS 0x0000000083c00000, 0x0000000083c00000| Untracked 
|  21|0x0000000083d00000, 0x0000000083d00000, 0x0000000083e00000|  0%| F|  |TAMS 0x0000000083d00000, 0x0000000083d00000| Untracked 
|  22|0x0000000083e00000, 0x0000000083e00000, 0x0000000083f00000|  0%| F|  |TAMS 0x0000000083e00000, 0x0000000083e00000| Untracked 
|  23|0x0000000083f00000, 0x0000000083f00000, 0x0000000084000000|  0%| F|  |TAMS 0x0000000083f00000, 0x0000000083f00000| Untracked 
|  24|0x0000000084000000, 0x0000000084000000, 0x0000000084100000|  0%| F|  |TAMS 0x0000000084000000, 0x0000000084000000| Untracked 
|  25|0x0000000084100000, 0x0000000084100000, 0x0000000084200000|  0%| F|  |TAMS 0x0000000084100000, 0x0000000084100000| Untracked 
|  26|0x0000000084200000, 0x0000000084200000, 0x0000000084300000|  0%| F|  |TAMS 0x0000000084200000, 0x0000000084200000| Untracked 
|  27|0x0000000084300000, 0x0000000084300000, 0x0000000084400000|  0%| F|  |TAMS 0x0000000084300000, 0x0000000084300000| Untracked 
|  28|0x0000000084400000, 0x0000000084400000, 0x0000000084500000|  0%| F|  |TAMS 0x0000000084400000, 0x0000000084400000| Untracked 
|  29|0x0000000084500000, 0x0000000084500000, 0x0000000084600000|  0%| F|  |TAMS 0x0000000084500000, 0x0000000084500000| Untracked 
|  30|0x0000000084600000, 0x0000000084600000, 0x0000000084700000|  0%| F|  |TAMS 0x0000000084600000, 0x0000000084600000| Untracked 
|  31|0x0000000084700000, 0x0000000084700000, 0x0000000084800000|  0%| F|  |TAMS 0x0000000084700000, 0x0000000084700000| Untracked 
|  32|0x0000000084800000, 0x0000000084800000, 0x0000000084900000|  0%| F|  |TAMS 0x0000000084800000, 0x0000000084800000| Untracked 
|  33|0x0000000084900000, 0x0000000084900000, 0x0000000084a00000|  0%| F|  |TAMS 0x0000000084900000, 0x0000000084900000| Untracked 
|  34|0x0000000084a00000, 0x0000000084a00000, 0x0000000084b00000|  0%| F|  |TAMS 0x0000000084a00000, 0x0000000084a00000| Untracked 
|  35|0x0000000084b00000, 0x0000000084b00000, 0x0000000084c00000|  0%| F|  |TAMS 0x0000000084b00000, 0x0000000084b00000| Untracked 
|  36|0x0000000084c00000, 0x0000000084c00000, 0x0000000084d00000|  0%| F|  |TAMS 0x0000000084c00000, 0x0000000084c00000| Untracked 
|  37|0x0000000084d00000, 0x0000000084d00000, 0x0000000084e00000|  0%| F|  |TAMS 0x0000000084d00000, 0x0000000084d00000| Untracked 
|  38|0x0000000084e00000, 0x0000000084e00000, 0x0000000084f00000|  0%| F|  |TAMS 0x0000000084e00000, 0x0000000084e00000| Untracked 
|  39|0x0000000084f00000, 0x0000000084f00000, 0x0000000085000000|  0%| F|  |TAMS 0x0000000084f00000, 0x0000000084f00000| Untracked 
|  40|0x0000000085000000, 0x0000000085000000, 0x0000000085100000|  0%| F|  |TAMS 0x0000000085000000, 0x0000000085000000| Untracked 
|  41|0x0000000085100000, 0x0000000085100000, 0x0000000085200000|  0%| F|  |TAMS 0x0000000085100000, 0x0000000085100000| Untracked 
|  42|0x0000000085200000, 0x0000000085200000, 0x0000000085300000|  0%| F|  |TAMS 0x0000000085200000, 0x0000000085200000| Untracked 
|  43|0x0000000085300000, 0x0000000085300000, 0x0000000085400000|  0%| F|  |TAMS 0x0000000085300000, 0x0000000085300000| Untracked 
|  44|0x0000000085400000, 0x0000000085400000, 0x0000000085500000|  0%| F|  |TAMS 0x0000000085400000, 0x0000000085400000| Untracked 
|  45|0x0000000085500000, 0x0000000085500000, 0x0000000085600000|  0%| F|  |TAMS 0x0000000085500000, 0x0000000085500000| Untracked 
|  46|0x0000000085600000, 0x0000000085600000, 0x0000000085700000|  0%| F|  |TAMS 0x0000000085600000, 0x0000000085600000| Untracked 
|  47|0x0000000085700000, 0x0000000085700000, 0x0000000085800000|  0%| F|  |TAMS 0x0000000085700000, 0x0000000085700000| Untracked 
|  48|0x0000000085800000, 0x0000000085800000, 0x0000000085900000|  0%| F|  |TAMS 0x0000000085800000, 0x0000000085800000| Untracked 
|  49|0x0000000085900000, 0x0000000085900000, 0x0000000085a00000|  0%| F|  |TAMS 0x0000000085900000, 0x0000000085900000| Untracked 
|  50|0x0000000085a00000, 0x0000000085a00000, 0x0000000085b00000|  0%| F|  |TAMS 0x0000000085a00000, 0x0000000085a00000| Untracked 
|  51|0x0000000085b00000, 0x0000000085b00000, 0x0000000085c00000|  0%| F|  |TAMS 0x0000000085b00000, 0x0000000085b00000| Untracked 
|  52|0x0000000085c00000, 0x0000000085c00000, 0x0000000085d00000|  0%| F|  |TAMS 0x0000000085c00000, 0x0000000085c00000| Untracked 
|  53|0x0000000085d00000, 0x0000000085d00000, 0x0000000085e00000|  0%| F|  |TAMS 0x0000000085d00000, 0x0000000085d00000| Untracked 
|  54|0x0000000085e00000, 0x0000000085e00000, 0x0000000085f00000|  0%| F|  |TAMS 0x0000000085e00000, 0x0000000085e00000| Untracked 
|  55|0x0000000085f00000, 0x0000000085f00000, 0x0000000086000000|  0%| F|  |TAMS 0x0000000085f00000, 0x0000000085f00000| Untracked 
|  56|0x0000000086000000, 0x0000000086000000, 0x0000000086100000|  0%| F|  |TAMS 0x0000000086000000, 0x0000000086000000| Untracked 
|  57|0x0000000086100000, 0x0000000086100000, 0x0000000086200000|  0%| F|  |TAMS 0x0000000086100000, 0x0000000086100000| Untracked 
|  58|0x0000000086200000, 0x0000000086200000, 0x0000000086300000|  0%| F|  |TAMS 0x0000000086200000, 0x0000000086200000| Untracked 
|  59|0x0000000086300000, 0x0000000086300000, 0x0000000086400000|  0%| F|  |TAMS 0x0000000086300000, 0x0000000086300000| Untracked 
|  60|0x0000000086400000, 0x0000000086400000, 0x0000000086500000|  0%| F|  |TAMS 0x0000000086400000, 0x0000000086400000| Untracked 
|  61|0x0000000086500000, 0x0000000086500000, 0x0000000086600000|  0%| F|  |TAMS 0x0000000086500000, 0x0000000086500000| Untracked 
|  62|0x0000000086600000, 0x0000000086600000, 0x0000000086700000|  0%| F|  |TAMS 0x0000000086600000, 0x0000000086600000| Untracked 
|  63|0x0000000086700000, 0x0000000086700000, 0x0000000086800000|  0%| F|  |TAMS 0x0000000086700000, 0x0000000086700000| Untracked 
|  64|0x0000000086800000, 0x0000000086800000, 0x0000000086900000|  0%| F|  |TAMS 0x0000000086800000, 0x0000000086800000| Untracked 
|  65|0x0000000086900000, 0x0000000086900000, 0x0000000086a00000|  0%| F|  |TAMS 0x0000000086900000, 0x0000000086900000| Untracked 
|  66|0x0000000086a00000, 0x0000000086a00000, 0x0000000086b00000|  0%| F|  |TAMS 0x0000000086a00000, 0x0000000086a00000| Untracked 
|  67|0x0000000086b00000, 0x0000000086b00000, 0x0000000086c00000|  0%| F|  |TAMS 0x0000000086b00000, 0x0000000086b00000| Untracked 
|  68|0x0000000086c00000, 0x0000000086c00000, 0x0000000086d00000|  0%| F|  |TAMS 0x0000000086c00000, 0x0000000086c00000| Untracked 
|  69|0x0000000086d00000, 0x0000000086d00000, 0x0000000086e00000|  0%| F|  |TAMS 0x0000000086d00000, 0x0000000086d00000| Untracked 
|  70|0x0000000086e00000, 0x0000000086e00000, 0x0000000086f00000|  0%| F|  |TAMS 0x0000000086e00000, 0x0000000086e00000| Untracked 
|  71|0x0000000086f00000, 0x0000000086f00000, 0x0000000087000000|  0%| F|  |TAMS 0x0000000086f00000, 0x0000000086f00000| Untracked 
|  72|0x0000000087000000, 0x0000000087000000, 0x0000000087100000|  0%| F|  |TAMS 0x0000000087000000, 0x0000000087000000| Untracked 
|  73|0x0000000087100000, 0x0000000087100000, 0x0000000087200000|  0%| F|  |TAMS 0x0000000087100000, 0x0000000087100000| Untracked 
|  74|0x0000000087200000, 0x0000000087200000, 0x0000000087300000|  0%| F|  |TAMS 0x0000000087200000, 0x0000000087200000| Untracked 
|  75|0x0000000087300000, 0x0000000087300000, 0x0000000087400000|  0%| F|  |TAMS 0x0000000087300000, 0x0000000087300000| Untracked 
|  76|0x0000000087400000, 0x0000000087400000, 0x0000000087500000|  0%| F|  |TAMS 0x0000000087400000, 0x0000000087400000| Untracked 
|  77|0x0000000087500000, 0x0000000087500000, 0x0000000087600000|  0%| F|  |TAMS 0x0000000087500000, 0x0000000087500000| Untracked 
|  78|0x0000000087600000, 0x0000000087600000, 0x0000000087700000|  0%| F|  |TAMS 0x0000000087600000, 0x0000000087600000| Untracked 
|  79|0x0000000087700000, 0x0000000087700000, 0x0000000087800000|  0%| F|  |TAMS 0x0000000087700000, 0x0000000087700000| Untracked 
|  80|0x0000000087800000, 0x0000000087800000, 0x0000000087900000|  0%| F|  |TAMS 0x0000000087800000, 0x0000000087800000| Untracked 
|  81|0x0000000087900000, 0x0000000087900000, 0x0000000087a00000|  0%| F|  |TAMS 0x0000000087900000, 0x0000000087900000| Untracked 
|  82|0x0000000087a00000, 0x0000000087a00000, 0x0000000087b00000|  0%| F|  |TAMS 0x0000000087a00000, 0x0000000087a00000| Untracked 
|  83|0x0000000087b00000, 0x0000000087b00000, 0x0000000087c00000|  0%| F|  |TAMS 0x0000000087b00000, 0x0000000087b00000| Untracked 
|  84|0x0000000087c00000, 0x0000000087c00000, 0x0000000087d00000|  0%| F|  |TAMS 0x0000000087c00000, 0x0000000087c00000| Untracked 
|  85|0x0000000087d00000, 0x0000000087d00000, 0x0000000087e00000|  0%| F|  |TAMS 0x0000000087d00000, 0x0000000087d00000| Untracked 
|  86|0x0000000087e00000, 0x0000000087e00000, 0x0000000087f00000|  0%| F|  |TAMS 0x0000000087e00000, 0x0000000087e00000| Untracked 
|  87|0x0000000087f00000, 0x0000000087f00000, 0x0000000088000000|  0%| F|  |TAMS 0x0000000087f00000, 0x0000000087f00000| Untracked 
|  88|0x0000000088000000, 0x0000000088000000, 0x0000000088100000|  0%| F|  |TAMS 0x0000000088000000, 0x0000000088000000| Untracked 
|  89|0x0000000088100000, 0x0000000088100000, 0x0000000088200000|  0%| F|  |TAMS 0x0000000088100000, 0x0000000088100000| Untracked 
|  90|0x0000000088200000, 0x0000000088200000, 0x0000000088300000|  0%| F|  |TAMS 0x0000000088200000, 0x0000000088200000| Untracked 
|  91|0x0000000088300000, 0x0000000088300000, 0x0000000088400000|  0%| F|  |TAMS 0x0000000088300000, 0x0000000088300000| Untracked 
|  92|0x0000000088400000, 0x0000000088400000, 0x0000000088500000|  0%| F|  |TAMS 0x0000000088400000, 0x0000000088400000| Untracked 
|  93|0x0000000088500000, 0x0000000088500000, 0x0000000088600000|  0%| F|  |TAMS 0x0000000088500000, 0x0000000088500000| Untracked 
|  94|0x0000000088600000, 0x0000000088600000, 0x0000000088700000|  0%| F|  |TAMS 0x0000000088600000, 0x0000000088600000| Untracked 
|  95|0x0000000088700000, 0x0000000088700000, 0x0000000088800000|  0%| F|  |TAMS 0x0000000088700000, 0x0000000088700000| Untracked 
|  96|0x0000000088800000, 0x0000000088800000, 0x0000000088900000|  0%| F|  |TAMS 0x0000000088800000, 0x0000000088800000| Untracked 
|  97|0x0000000088900000, 0x0000000088900000, 0x0000000088a00000|  0%| F|  |TAMS 0x0000000088900000, 0x0000000088900000| Untracked 
|  98|0x0000000088a00000, 0x0000000088a00000, 0x0000000088b00000|  0%| F|  |TAMS 0x0000000088a00000, 0x0000000088a00000| Untracked 
|  99|0x0000000088b00000, 0x0000000088b00000, 0x0000000088c00000|  0%| F|  |TAMS 0x0000000088b00000, 0x0000000088b00000| Untracked 
| 100|0x0000000088c00000, 0x0000000088d00000, 0x0000000088d00000|100%| S|CS|TAMS 0x0000000088c00000, 0x0000000088c00000| Complete 
| 101|0x0000000088d00000, 0x0000000088e00000, 0x0000000088e00000|100%| S|CS|TAMS 0x0000000088d00000, 0x0000000088d00000| Complete 
| 102|0x0000000088e00000, 0x0000000088f00000, 0x0000000088f00000|100%| S|CS|TAMS 0x0000000088e00000, 0x0000000088e00000| Complete 
| 103|0x0000000088f00000, 0x0000000088f00000, 0x0000000089000000|  0%| F|  |TAMS 0x0000000088f00000, 0x0000000088f00000| Untracked 
| 104|0x0000000089000000, 0x0000000089000000, 0x0000000089100000|  0%| F|  |TAMS 0x0000000089000000, 0x0000000089000000| Untracked 
| 105|0x0000000089100000, 0x0000000089100000, 0x0000000089200000|  0%| F|  |TAMS 0x0000000089100000, 0x0000000089100000| Untracked 
| 106|0x0000000089200000, 0x0000000089200000, 0x0000000089300000|  0%| F|  |TAMS 0x0000000089200000, 0x0000000089200000| Untracked 
| 107|0x0000000089300000, 0x0000000089300000, 0x0000000089400000|  0%| F|  |TAMS 0x0000000089300000, 0x0000000089300000| Untracked 
| 108|0x0000000089400000, 0x0000000089400000, 0x0000000089500000|  0%| F|  |TAMS 0x0000000089400000, 0x0000000089400000| Untracked 
| 109|0x0000000089500000, 0x0000000089500000, 0x0000000089600000|  0%| F|  |TAMS 0x0000000089500000, 0x0000000089500000| Untracked 
| 110|0x0000000089600000, 0x0000000089600000, 0x0000000089700000|  0%| F|  |TAMS 0x0000000089600000, 0x0000000089600000| Untracked 
| 111|0x0000000089700000, 0x0000000089700000, 0x0000000089800000|  0%| F|  |TAMS 0x0000000089700000, 0x0000000089700000| Untracked 
| 112|0x0000000089800000, 0x0000000089800000, 0x0000000089900000|  0%| F|  |TAMS 0x0000000089800000, 0x0000000089800000| Untracked 
| 113|0x0000000089900000, 0x0000000089900000, 0x0000000089a00000|  0%| F|  |TAMS 0x0000000089900000, 0x0000000089900000| Untracked 
| 114|0x0000000089a00000, 0x0000000089a00000, 0x0000000089b00000|  0%| F|  |TAMS 0x0000000089a00000, 0x0000000089a00000| Untracked 
| 115|0x0000000089b00000, 0x0000000089b00000, 0x0000000089c00000|  0%| F|  |TAMS 0x0000000089b00000, 0x0000000089b00000| Untracked 
| 116|0x0000000089c00000, 0x0000000089c00000, 0x0000000089d00000|  0%| F|  |TAMS 0x0000000089c00000, 0x0000000089c00000| Untracked 
| 117|0x0000000089d00000, 0x0000000089d00000, 0x0000000089e00000|  0%| F|  |TAMS 0x0000000089d00000, 0x0000000089d00000| Untracked 
| 118|0x0000000089e00000, 0x0000000089e00000, 0x0000000089f00000|  0%| F|  |TAMS 0x0000000089e00000, 0x0000000089e00000| Untracked 
| 119|0x0000000089f00000, 0x0000000089f00000, 0x000000008a000000|  0%| F|  |TAMS 0x0000000089f00000, 0x0000000089f00000| Untracked 
| 120|0x000000008a000000, 0x000000008a000000, 0x000000008a100000|  0%| F|  |TAMS 0x000000008a000000, 0x000000008a000000| Untracked 
| 121|0x000000008a100000, 0x000000008a200000, 0x000000008a200000|100%| E|  |TAMS 0x000000008a100000, 0x000000008a100000| Complete 
| 122|0x000000008a200000, 0x000000008a300000, 0x000000008a300000|100%| E|CS|TAMS 0x000000008a200000, 0x000000008a200000| Complete 
| 123|0x000000008a300000, 0x000000008a400000, 0x000000008a400000|100%| E|CS|TAMS 0x000000008a300000, 0x000000008a300000| Complete 
| 124|0x000000008a400000, 0x000000008a500000, 0x000000008a500000|100%| E|CS|TAMS 0x000000008a400000, 0x000000008a400000| Complete 
| 125|0x000000008a500000, 0x000000008a600000, 0x000000008a600000|100%| E|CS|TAMS 0x000000008a500000, 0x000000008a500000| Complete 

Card table byte_map: [0x00000177a9480000,0x00000177a9870000] _byte_map_base: 0x00000177a906c000

Marking Bits (Prev, Next): (CMBitMap*) 0x00000177922d8850, (CMBitMap*) 0x00000177922d8890
 Prev Bits: [0x00000177a9c60000, 0x00000177abbc0000)
 Next Bits: [0x00000177abbc0000, 0x00000177adb20000)

Polling page: 0x0000017791a50000

Metaspace:

Usage:
  Non-class:     13.48 MB used.
      Class:      1.70 MB used.
       Both:     15.18 MB used.

Virtual space:
  Non-class space:       16.00 MB reserved,      13.62 MB ( 85%) committed,  2 nodes.
      Class space:        1.00 GB reserved,       1.81 MB ( <1%) committed,  1 nodes.
             Both:        1.02 GB reserved,      15.44 MB (  1%) committed. 

Chunk freelists:
   Non-Class:  2.43 MB
       Class:  2.19 MB
        Both:  4.63 MB

MaxMetaspaceSize: unlimited
CompressedClassSpaceSize: 1.00 GB
Initial GC threshold: 21.00 MB
Current GC threshold: 21.00 MB
CDS: on
MetaspaceReclaimPolicy: balanced
 - commit_granule_bytes: 65536.
 - commit_granule_words: 8192.
 - virtual_space_node_default_size: 1048576.
 - enlarge_chunks_in_place: 1.
 - new_chunks_are_fully_committed: 0.
 - uncommit_free_chunks: 1.
 - use_allocation_guard: 0.
 - handle_deallocations: 1.


Internal statistics:

num_allocs_failed_limit: 0.
num_arena_births: 158.
num_arena_deaths: 0.
num_vsnodes_births: 3.
num_vsnodes_deaths: 0.
num_space_committed: 247.
num_space_uncommitted: 0.
num_chunks_returned_to_freelist: 0.
num_chunks_taken_from_freelist: 351.
num_chunk_merges: 0.
num_chunk_splits: 211.
num_chunks_enlarged: 117.
num_purges: 0.
num_inconsistent_stats: 0.

CodeHeap 'non-profiled nmethods': size=120000Kb used=675Kb max_used=675Kb free=119324Kb
 bounds [0x00000177a1830000, 0x00000177a1aa0000, 0x00000177a8d60000]
CodeHeap 'profiled nmethods': size=120000Kb used=3207Kb max_used=3207Kb free=116792Kb
 bounds [0x000001779a300000, 0x000001779a630000, 0x00000177a1830000]
CodeHeap 'non-nmethods': size=5760Kb used=1335Kb max_used=1383Kb free=4424Kb
 bounds [0x0000017799d60000, 0x0000017799fd0000, 0x000001779a300000]
 total_blobs=2482 nmethods=1810 adapters=584
 compilation: enabled
              stopped_count=0, restarted_count=0
 full_count=0

Compilation events (20 events):
Event: 6858.499 Thread 0x00000177b055fea0 nmethod 1802 0x000001779a61f790 code [0x000001779a61f9a0, 0x000001779a6201e8]
Event: 15114.269 Thread 0x00000177b055b8f0 1803       4       jdk.internal.logger.SurrogateLogger::defaultPlatformLevel (4 bytes)
Event: 15114.273 Thread 0x00000177b055b8f0 nmethod 1803 0x00000177a18c9090 code [0x00000177a18c9200, 0x00000177a18c9278]
Event: 15115.548 Thread 0x00000177b055fea0 1804       3       java.util.HashMap::<init> (98 bytes)
Event: 15115.567 Thread 0x00000177b055fea0 nmethod 1804 0x000001779a620490 code [0x000001779a6207c0, 0x000001779a6218d8]
Event: 16389.132 Thread 0x00000177b055b8f0 1805       4       jdk.internal.module.Resources::toPackageName (39 bytes)
Event: 16389.141 Thread 0x00000177b055b8f0 nmethod 1805 0x00000177a18c9390 code [0x00000177a18c9520, 0x00000177a18c9718]
Event: 16414.189 Thread 0x00000177b055b8f0 1806   !   4       jdk.internal.loader.BuiltinClassLoader::findMiscResource (122 bytes)
Event: 16414.218 Thread 0x00000177b055b8f0 nmethod 1806 0x00000177a18c9910 code [0x00000177a18c9ac0, 0x00000177a18ca378]
Event: 16429.226 Thread 0x00000177b055b8f0 1807   !   4       jdk.internal.loader.BuiltinClassLoader::findResource (154 bytes)
Event: 16429.368 Thread 0x00000177b055b8f0 nmethod 1807 0x00000177a18ca990 code [0x00000177a18cada0, 0x00000177a18cfb18]
Event: 17781.325 Thread 0x00000177b055b8f0 1808       4       java.lang.String::regionMatches (150 bytes)
Event: 17781.358 Thread 0x00000177b055b8f0 nmethod 1808 0x00000177a18d2c90 code [0x00000177a18d2e60, 0x00000177a18d3578]
Event: 18302.138 Thread 0x00000177b055b8f0 1809       4       java.lang.ref.ReferenceQueue::reallyPoll (65 bytes)
Event: 18302.151 Thread 0x00000177b055b8f0 nmethod 1809 0x00000177a18d3b10 code [0x00000177a18d3ca0, 0x00000177a18d3fd8]
Event: 20180.071 Thread 0x00000177b055b8f0 1810   !   4       java.net.URL::<init> (543 bytes)
Event: 20180.150 Thread 0x00000177b055b8f0 nmethod 1810 0x00000177a18d4090 code [0x00000177a18d43a0, 0x00000177a18d6648]
Event: 20210.114 Thread 0x00000177b055b8f0 1811       4       java.net.URLStreamHandler::setURL (73 bytes)
Event: 20210.136 Thread 0x00000177b055b8f0 nmethod 1811 0x00000177a18d7a90 code [0x00000177a18d7c40, 0x00000177a18d8828]
Event: 20856.110 Thread 0x00000177b055b8f0 1812       4       java.net.URLStreamHandler::parseURL (1201 bytes)

GC Heap History (2 events):
Event: 1.000 GC heap before
{Heap before GC invocations=0 (full 0):
 garbage-first heap   total 129024K, used 27648K [0x0000000082800000, 0x0000000100000000)
  region size 1024K, 23 young (23552K), 0 survivors (0K)
 Metaspace       used 13495K, committed 13696K, reserved 1064960K
  class space    used 1502K, committed 1600K, reserved 1048576K
}
Event: 1.006 GC heap after
{Heap after GC invocations=1 (full 0):
 garbage-first heap   total 129024K, used 9845K [0x0000000082800000, 0x0000000100000000)
  region size 1024K, 3 young (3072K), 3 survivors (3072K)
 Metaspace       used 13495K, committed 13696K, reserved 1064960K
  class space    used 1502K, committed 1600K, reserved 1048576K
}

Deoptimization events (20 events):
Event: 0.969 Thread 0x0000017792280320 Uncommon trap: trap_request=0xffffff45 fr.pc=0x00000177a189fcf8 relative=0x0000000000000bf8
Event: 0.969 Thread 0x0000017792280320 Uncommon trap: reason=unstable_if action=reinterpret pc=0x00000177a189fcf8 method=java.lang.Integer.compare(II)I @ 2 c2
Event: 0.969 Thread 0x0000017792280320 DEOPT PACKING pc=0x00000177a189fcf8 sp=0x0000000acadfe880
Event: 0.969 Thread 0x0000017792280320 DEOPT UNPACKING pc=0x0000017799db23a3 sp=0x0000000acadfe6e8 mode 2
Event: 1.054 Thread 0x0000017792280320 Uncommon trap: trap_request=0xffffff45 fr.pc=0x00000177a185ca68 relative=0x0000000000000368
Event: 1.054 Thread 0x0000017792280320 Uncommon trap: reason=unstable_if action=reinterpret pc=0x00000177a185ca68 method=java.lang.StringUTF16.compress([CI[BII)I @ 20 c2
Event: 1.054 Thread 0x0000017792280320 DEOPT PACKING pc=0x00000177a185ca68 sp=0x0000000acadfd290
Event: 1.054 Thread 0x0000017792280320 DEOPT UNPACKING pc=0x0000017799db23a3 sp=0x0000000acadfd210 mode 2
Event: 1.064 Thread 0x0000017792280320 Uncommon trap: trap_request=0xffffff76 fr.pc=0x00000177a1898b8c relative=0x000000000000072c
Event: 1.064 Thread 0x0000017792280320 Uncommon trap: reason=predicate action=maybe_recompile pc=0x00000177a1898b8c method=java.util.TreeMap.getEntryUsingComparator(Ljava/lang/Object;)Ljava/util/TreeMap$Entry; @ 19 c2
Event: 1.064 Thread 0x0000017792280320 DEOPT PACKING pc=0x00000177a1898b8c sp=0x0000000acadfd580
Event: 1.064 Thread 0x0000017792280320 DEOPT UNPACKING pc=0x0000017799db23a3 sp=0x0000000acadfd520 mode 2
Event: 1.077 Thread 0x0000017792280320 Uncommon trap: trap_request=0xffffff45 fr.pc=0x00000177a189cb30 relative=0x0000000000000270
Event: 1.077 Thread 0x0000017792280320 Uncommon trap: reason=unstable_if action=reinterpret pc=0x00000177a189cb30 method=java.lang.invoke.VarHandle.checkExactAccessMode(Ljava/lang/invoke/VarHandle$AccessDescriptor;)V @ 4 c2
Event: 1.077 Thread 0x0000017792280320 DEOPT PACKING pc=0x00000177a189cb30 sp=0x0000000acadff1f0
Event: 1.077 Thread 0x0000017792280320 DEOPT UNPACKING pc=0x0000017799db23a3 sp=0x0000000acadff160 mode 2
Event: 4143.567 Thread 0x00000177b349ca20 Uncommon trap: trap_request=0xffffff45 fr.pc=0x00000177a18b00a8 relative=0x0000000000000388
Event: 4143.568 Thread 0x00000177b349ca20 Uncommon trap: reason=unstable_if action=reinterpret pc=0x00000177a18b00a8 method=java.util.HashMap$HashIterator.<init>(Ljava/util/HashMap;)V @ 45 c2
Event: 4143.569 Thread 0x00000177b349ca20 DEOPT PACKING pc=0x00000177a18b00a8 sp=0x0000000accffeba0
Event: 4143.585 Thread 0x00000177b349ca20 DEOPT UNPACKING pc=0x0000017799db23a3 sp=0x0000000accffeb58 mode 2

Classes unloaded (0 events):
No events

Classes redefined (0 events):
No events

Internal exceptions (20 events):
Event: 0.246 Thread 0x0000017792280320 Exception <a 'java/lang/NoSuchMethodError'{0x000000008a235f00}: 'void java.lang.invoke.DirectMethodHandle$Holder.invokeSpecial(java.lang.Object, java.lang.Object, java.lang.Object)'> (0x000000008a235f00) 
thrown [s\src\hotspot\share\interpreter\linkResolver.cpp, line 759]
Event: 0.254 Thread 0x0000017792280320 Exception <a 'java/lang/NoSuchMethodError'{0x000000008a260108}: 'java.lang.Object java.lang.invoke.DirectMethodHandle$Holder.newInvokeSpecial(java.lang.Object, java.lang.Object, java.lang.Object, java.lang.Object, java.lang.Object)'> (0x000000008a260108) 
thrown [s\src\hotspot\share\interpreter\linkResolver.cpp, line 759]
Event: 0.255 Thread 0x0000017792280320 Exception <a 'java/lang/NoSuchMethodError'{0x000000008a26bad0}: 'java.lang.Object java.lang.invoke.DirectMethodHandle$Holder.invokeStatic(java.lang.Object, int, java.lang.Object, java.lang.Object, java.lang.Object, java.lang.Object)'> (0x000000008a26bad0) 
thrown [s\src\hotspot\share\interpreter\linkResolver.cpp, line 759]
Event: 0.260 Thread 0x0000017792280320 Exception <a 'java/lang/NoSuchMethodError'{0x000000008a2914f0}: 'java.lang.Object java.lang.invoke.DirectMethodHandle$Holder.invokeStatic(java.lang.Object, int, java.lang.Object)'> (0x000000008a2914f0) 
thrown [s\src\hotspot\share\interpreter\linkResolver.cpp, line 759]
Event: 0.283 Thread 0x0000017792280320 Exception <a 'java/lang/ClassNotFoundException'{0x000000008a149840}: com/sun/swing/internal/plaf/metal/resources/spi/metalProvider> (0x000000008a149840) 
thrown [s\src\hotspot\share\classfile\systemDictionary.cpp, line 256]
Event: 0.284 Thread 0x0000017792280320 Exception <a 'java/lang/ClassNotFoundException'{0x000000008a14d6e8}: com/sun/swing/internal/plaf/basic/resources/spi/basicProvider> (0x000000008a14d6e8) 
thrown [s\src\hotspot\share\classfile\systemDictionary.cpp, line 256]
Event: 0.352 Thread 0x00000177b13c27e0 Exception <a 'java/lang/NoSuchMethodError'{0x0000000089f664e0}: 'java.lang.Object java.lang.invoke.DirectMethodHandle$Holder.newInvokeSpecial(java.lang.Object, java.lang.Object, java.lang.Object, int, int, int, int, int)'> (0x0000000089f664e0) 
thrown [s\src\hotspot\share\interpreter\linkResolver.cpp, line 759]
Event: 0.427 Thread 0x0000017792280320 Exception <a 'java/lang/NoSuchMethodError'{0x0000000089a6dc88}: 'java.lang.Object java.lang.invoke.DirectMethodHandle$Holder.invokeInterface(java.lang.Object, java.lang.Object)'> (0x0000000089a6dc88) 
thrown [s\src\hotspot\share\interpreter\linkResolver.cpp, line 759]
Event: 0.461 Thread 0x0000017792280320 Exception <a 'java/lang/NoSuchMethodError'{0x0000000089aed7d8}: 'void java.lang.invoke.DirectMethodHandle$Holder.invokeStatic(java.lang.Object, java.lang.Object, java.lang.Object)'> (0x0000000089aed7d8) 
thrown [s\src\hotspot\share\interpreter\linkResolver.cpp, line 759]
Event: 0.464 Thread 0x0000017792280320 Exception <a 'java/lang/NoSuchMethodError'{0x0000000089af76a8}: 'java.lang.Object java.lang.invoke.DirectMethodHandle$Holder.invokeVirtual(java.lang.Object, java.lang.Object, java.lang.Object)'> (0x0000000089af76a8) 
thrown [s\src\hotspot\share\interpreter\linkResolver.cpp, line 759]
Event: 0.578 Thread 0x0000017792280320 Exception <a 'java/lang/NoSuchMethodError'{0x00000000897f9d70}: 'void java.lang.invoke.DirectMethodHandle$Holder.invokeStatic(java.lang.Object, java.lang.Object)'> (0x00000000897f9d70) 
thrown [s\src\hotspot\share\interpreter\linkResolver.cpp, line 759]
Event: 0.649 Thread 0x0000017792280320 Exception <a 'java/lang/NoSuchMethodError'{0x000000008958e3d8}: 'void java.lang.invoke.DirectMethodHandle$Holder.invokeStaticInit(java.lang.Object, java.lang.Object)'> (0x000000008958e3d8) 
thrown [s\src\hotspot\share\interpreter\linkResolver.cpp, line 759]
Event: 0.707 Thread 0x0000017792280320 Exception <a 'sun/nio/fs/WindowsException'{0x00000000894bede8}> (0x00000000894bede8) 
thrown [s\src\hotspot\share\prims\jni.cpp, line 516]
Event: 0.717 Thread 0x0000017792280320 Exception <a 'java/lang/NoSuchMethodError'{0x00000000894e36e8}: 'int java.lang.invoke.DirectMethodHandle$Holder.invokeStaticInit(java.lang.Object, java.lang.Object, java.lang.Object, java.lang.Object)'> (0x00000000894e36e8) 
thrown [s\src\hotspot\share\interpreter\linkResolver.cpp, line 759]
Event: 0.718 Thread 0x0000017792280320 Exception <a 'java/lang/IncompatibleClassChangeError'{0x00000000894ecb20}: Found class java.lang.Object, but interface was expected> (0x00000000894ecb20) 
thrown [s\src\hotspot\share\interpreter\linkResolver.cpp, line 826]
Event: 0.719 Thread 0x0000017792280320 Exception <a 'java/lang/NoSuchMethodError'{0x00000000894f1f08}: 'int java.lang.invoke.DirectMethodHandle$Holder.invokeStaticInit(java.lang.Object, java.lang.Object)'> (0x00000000894f1f08) 
thrown [s\src\hotspot\share\interpreter\linkResolver.cpp, line 759]
Event: 0.759 Thread 0x0000017792280320 Exception <a 'java/lang/NoSuchMethodError'{0x0000000089242ad8}: 'java.lang.Object java.lang.invoke.DirectMethodHandle$Holder.invokeStaticInit(java.lang.Object, int, int, int, int)'> (0x0000000089242ad8) 
thrown [s\src\hotspot\share\interpreter\linkResolver.cpp, line 759]
Event: 0.810 Thread 0x0000017792280320 Exception <a 'java/lang/NoSuchMethodError'{0x00000000892ea100}: 'java.lang.Object java.lang.invoke.DirectMethodHandle$Holder.invokeStaticInit(java.lang.Object, java.lang.Object, int, int, int, int)'> (0x00000000892ea100) 
thrown [s\src\hotspot\share\interpreter\linkResolver.cpp, line 759]
Event: 1.022 Thread 0x00000177b132bc50 Exception <a 'java/lang/NoSuchMethodError'{0x000000008a5cc200}: 'void java.lang.invoke.DirectMethodHandle$Holder.invokeVirtual(java.lang.Object, java.lang.Object)'> (0x000000008a5cc200) 
thrown [s\src\hotspot\share\interpreter\linkResolver.cpp, line 759]
Event: 1.041 Thread 0x0000017792280320 Exception <a 'java/lang/NoSuchMethodError'{0x000000008a530120}: 'void java.lang.invoke.DirectMethodHandle$Holder.invokeStaticInit(java.lang.Object)'> (0x000000008a530120) 
thrown [s\src\hotspot\share\interpreter\linkResolver.cpp, line 759]

VM Operations (20 events):
Event: 1.133 Executing VM operation: HandshakeAllThreads
Event: 1.133 Executing VM operation: HandshakeAllThreads done
Event: 2.141 Executing VM operation: Cleanup
Event: 2.142 Executing VM operation: Cleanup done
Event: 3.146 Executing VM operation: Cleanup
Event: 3.146 Executing VM operation: Cleanup done
Event: 4.153 Executing VM operation: Cleanup
Event: 4.154 Executing VM operation: Cleanup done
Event: 5.158 Executing VM operation: Cleanup
Event: 5.158 Executing VM operation: Cleanup done
Event: 496.090 Executing VM operation: Cleanup
Event: 496.090 Executing VM operation: Cleanup done
Event: 617.219 Executing VM operation: Cleanup
Event: 617.219 Executing VM operation: Cleanup done
Event: 1042.494 Executing VM operation: Cleanup
Event: 1042.494 Executing VM operation: Cleanup done
Event: 6859.127 Executing VM operation: Cleanup
Event: 6859.137 Executing VM operation: Cleanup done
Event: 15114.864 Executing VM operation: Cleanup
Event: 15114.867 Executing VM operation: Cleanup done

Events (20 events):
Event: 2.944 loading class java/awt/Toolkit$ToolkitEventMulticaster done
Event: 2.944 loading class java/awt/event/MouseWheelEvent
Event: 2.944 loading class java/awt/event/MouseWheelEvent done
Event: 2.945 Thread 0x00000177b20a9540 Thread exited: 0x00000177b20a9540
Event: 2.945 Thread 0x00000177b13f5330 Thread exited: 0x00000177b13f5330
Event: 3.524 loading class java/awt/LightweightDispatcher$2
Event: 3.524 loading class java/awt/LightweightDispatcher$2 done
Event: 5.395 Thread 0x00000177b13c27e0 Thread exited: 0x00000177b13c27e0
Event: 103.042 loading class java/awt/KeyboardFocusManager$2
Event: 103.042 loading class java/awt/KeyboardFocusManager$2 done
Event: 495.705 loading class java/util/WeakHashMap$KeyIterator
Event: 495.706 loading class java/util/WeakHashMap$HashIterator
Event: 495.706 loading class java/util/WeakHashMap$HashIterator done
Event: 495.706 loading class java/util/WeakHashMap$KeyIterator done
Event: 495.710 loading class javax/swing/RepaintManager$DisplayChangedRunnable
Event: 495.711 loading class javax/swing/RepaintManager$DisplayChangedRunnable done
Event: 6859.685 loading class java/awt/desktop/SystemSleepListener
Event: 6859.696 loading class java/awt/desktop/SystemEventListener
Event: 6859.697 loading class java/awt/desktop/SystemEventListener done
Event: 6859.697 loading class java/awt/desktop/SystemSleepListener done


Dynamic libraries:
0x00007ff6df930000 - 0x00007ff6df93e000 	C:\Users\91839\AppData\Local\Programs\Eclipse Adoptium\jdk-17.0.4.101-hotspot\bin\java.exe
0x00007ff8ba8f0000 - 0x00007ff8bab04000 	C:\WINDOWS\SYSTEM32\ntdll.dll
0x00007ff8b9090000 - 0x00007ff8b9152000 	C:\WINDOWS\System32\KERNEL32.DLL
0x00007ff8b7ef0000 - 0x00007ff8b828c000 	C:\WINDOWS\System32\KERNELBASE.dll
0x00007ff8b7d30000 - 0x00007ff8b7e41000 	C:\WINDOWS\System32\ucrtbase.dll
0x00007ff8a55c0000 - 0x00007ff8a55d9000 	C:\Users\91839\AppData\Local\Programs\Eclipse Adoptium\jdk-17.0.4.101-hotspot\bin\VCRUNTIME140.dll
0x00007ff8af830000 - 0x00007ff8af848000 	C:\Users\91839\AppData\Local\Programs\Eclipse Adoptium\jdk-17.0.4.101-hotspot\bin\jli.dll
0x00007ff8b8800000 - 0x00007ff8b89ab000 	C:\WINDOWS\System32\USER32.dll
0x00007ff8a7720000 - 0x00007ff8a79ae000 	C:\WINDOWS\WinSxS\amd64_microsoft.windows.common-controls_6595b64144ccf1df_6.0.22621.608_none_a9444ca7c10bb01d\COMCTL32.dll
0x00007ff8b8350000 - 0x00007ff8b8376000 	C:\WINDOWS\System32\win32u.dll
0x00007ff8b99b0000 - 0x00007ff8b9a57000 	C:\WINDOWS\System32\msvcrt.dll
0x00007ff8b8be0000 - 0x00007ff8b8c09000 	C:\WINDOWS\System32\GDI32.dll
0x00007ff8b85e0000 - 0x00007ff8b86f3000 	C:\WINDOWS\System32\gdi32full.dll
0x00007ff8b7e50000 - 0x00007ff8b7eea000 	C:\WINDOWS\System32\msvcp_win.dll
0x00007ff8b9b10000 - 0x00007ff8b9b41000 	C:\WINDOWS\System32\IMM32.DLL
0x00007ff8a4ac0000 - 0x00007ff8a4acc000 	C:\Users\91839\AppData\Local\Programs\Eclipse Adoptium\jdk-17.0.4.101-hotspot\bin\vcruntime140_1.dll
0x00007ff867950000 - 0x00007ff8679e1000 	C:\Users\91839\AppData\Local\Programs\Eclipse Adoptium\jdk-17.0.4.101-hotspot\bin\msvcp140.dll
0x00007ff82e9d0000 - 0x00007ff82f616000 	C:\Users\91839\AppData\Local\Programs\Eclipse Adoptium\jdk-17.0.4.101-hotspot\bin\server\jvm.dll
0x00007ff8b8f50000 - 0x00007ff8b8ffe000 	C:\WINDOWS\System32\ADVAPI32.dll
0x00007ff8b94e0000 - 0x00007ff8b9584000 	C:\WINDOWS\System32\sechost.dll
0x00007ff8b9160000 - 0x00007ff8b9277000 	C:\WINDOWS\System32\RPCRT4.dll
0x00007ff8b9b60000 - 0x00007ff8b9b68000 	C:\WINDOWS\System32\PSAPI.DLL
0x00007ff896d00000 - 0x00007ff896d09000 	C:\WINDOWS\SYSTEM32\WSOCK32.dll
0x00007ff8b01d0000 - 0x00007ff8b0204000 	C:\WINDOWS\SYSTEM32\WINMM.dll
0x00007ff8b9010000 - 0x00007ff8b9081000 	C:\WINDOWS\System32\WS2_32.dll
0x00007ff8b1470000 - 0x00007ff8b147a000 	C:\WINDOWS\SYSTEM32\VERSION.dll
0x00007ff8b6e30000 - 0x00007ff8b6e48000 	C:\WINDOWS\SYSTEM32\kernel.appcore.dll
0x00007ff8a4a00000 - 0x00007ff8a4a0a000 	C:\Users\91839\AppData\Local\Programs\Eclipse Adoptium\jdk-17.0.4.101-hotspot\bin\jimage.dll
0x00007ff8b56d0000 - 0x00007ff8b58fe000 	C:\WINDOWS\SYSTEM32\DBGHELP.DLL
0x00007ff8b9610000 - 0x00007ff8b9999000 	C:\WINDOWS\System32\combase.dll
0x00007ff8b9380000 - 0x00007ff8b9457000 	C:\WINDOWS\System32\OLEAUT32.dll
0x00007ff89c3b0000 - 0x00007ff89c3e2000 	C:\WINDOWS\SYSTEM32\dbgcore.DLL
0x00007ff8b8560000 - 0x00007ff8b85db000 	C:\WINDOWS\System32\bcryptPrimitives.dll
0x00007ff89e250000 - 0x00007ff89e275000 	C:\Users\91839\AppData\Local\Programs\Eclipse Adoptium\jdk-17.0.4.101-hotspot\bin\java.dll
0x00007ff89d350000 - 0x00007ff89d426000 	C:\Users\91839\AppData\Local\Programs\Eclipse Adoptium\jdk-17.0.4.101-hotspot\bin\jsvml.dll
0x00007ff8b9b70000 - 0x00007ff8ba360000 	C:\WINDOWS\System32\SHELL32.dll
0x00007ff8b5d00000 - 0x00007ff8b65cd000 	C:\WINDOWS\SYSTEM32\windows.storage.dll
0x00007ff8b5bc0000 - 0x00007ff8b5cfe000 	C:\WINDOWS\SYSTEM32\wintypes.dll
0x00007ff8b9280000 - 0x00007ff8b9371000 	C:\WINDOWS\System32\SHCORE.dll
0x00007ff8b95b0000 - 0x00007ff8b960e000 	C:\WINDOWS\System32\shlwapi.dll
0x00007ff8b7c60000 - 0x00007ff8b7c81000 	C:\WINDOWS\SYSTEM32\profapi.dll
0x00007ff89d330000 - 0x00007ff89d349000 	C:\Users\91839\AppData\Local\Programs\Eclipse Adoptium\jdk-17.0.4.101-hotspot\bin\net.dll
0x00007ff8b1130000 - 0x00007ff8b1267000 	C:\WINDOWS\SYSTEM32\WINHTTP.dll
0x00007ff8b72a0000 - 0x00007ff8b7309000 	C:\WINDOWS\system32\mswsock.dll
0x00007ff89d310000 - 0x00007ff89d325000 	C:\Users\91839\AppData\Local\Programs\Eclipse Adoptium\jdk-17.0.4.101-hotspot\bin\nio.dll
0x00007ff897950000 - 0x00007ff897968000 	C:\Users\91839\AppData\Local\Programs\Eclipse Adoptium\jdk-17.0.4.101-hotspot\bin\zip.dll
0x00007ff830120000 - 0x00007ff8302ae000 	C:\Users\91839\AppData\Local\Programs\Eclipse Adoptium\jdk-17.0.4.101-hotspot\bin\awt.dll
0x00007ff8b4db0000 - 0x00007ff8b4e46000 	C:\WINDOWS\SYSTEM32\apphelp.dll
0x00007ff8b5180000 - 0x00007ff8b51ab000 	C:\WINDOWS\system32\DWMAPI.DLL
0x00007ff8b4f50000 - 0x00007ff8b4ffb000 	C:\WINDOWS\system32\uxtheme.dll
0x00007ff89dda0000 - 0x00007ff89dea0000 	C:\WINDOWS\system32\opengl32.dll
0x00007ff8a1120000 - 0x00007ff8a114d000 	C:\WINDOWS\SYSTEM32\GLU32.dll
0x00007ff8b5030000 - 0x00007ff8b5066000 	C:\WINDOWS\SYSTEM32\dxcore.dll
0x00007ff8b8e30000 - 0x00007ff8b8f4e000 	C:\WINDOWS\System32\MSCTF.dll
0x00007ff8b89b0000 - 0x00007ff8b8b4c000 	C:\WINDOWS\System32\ole32.dll
0x00007ff88c2e0000 - 0x00007ff88c30d000 	C:\Users\91839\AppData\Local\Programs\Eclipse Adoptium\jdk-17.0.4.101-hotspot\bin\javajpeg.dll
0x00007ff8b6900000 - 0x00007ff8b69f3000 	C:\WINDOWS\SYSTEM32\DNSAPI.dll
0x00007ff8b6890000 - 0x00007ff8b68bd000 	C:\WINDOWS\SYSTEM32\IPHLPAPI.DLL
0x00007ff8b99a0000 - 0x00007ff8b99a9000 	C:\WINDOWS\System32\NSI.dll
0x00007ff8a3a60000 - 0x00007ff8a3a6a000 	C:\Windows\System32\rasadhlp.dll
0x00007ff8afac0000 - 0x00007ff8afb43000 	C:\WINDOWS\System32\fwpuclnt.dll
0x00007ff8a7c60000 - 0x00007ff8a7c6e000 	C:\Users\91839\AppData\Local\Programs\Eclipse Adoptium\jdk-17.0.4.101-hotspot\bin\sunmscapi.dll
0x00007ff8b8380000 - 0x00007ff8b84e6000 	C:\WINDOWS\System32\CRYPT32.dll
0x00007ff8b76d0000 - 0x00007ff8b76fe000 	C:\WINDOWS\SYSTEM32\ncrypt.dll
0x00007ff8b7690000 - 0x00007ff8b76c7000 	C:\WINDOWS\SYSTEM32\NTASN1.dll
0x00007ff8b7540000 - 0x00007ff8b755b000 	C:\WINDOWS\SYSTEM32\CRYPTSP.dll
0x00007ff8b6da0000 - 0x00007ff8b6dd5000 	C:\WINDOWS\system32\rsaenh.dll
0x00007ff8b73c0000 - 0x00007ff8b73e8000 	C:\WINDOWS\SYSTEM32\USERENV.dll
0x00007ff8b7700000 - 0x00007ff8b7728000 	C:\WINDOWS\SYSTEM32\bcrypt.dll
0x00007ff8b7560000 - 0x00007ff8b756c000 	C:\WINDOWS\SYSTEM32\CRYPTBASE.dll
0x00007ff8b1480000 - 0x00007ff8b1499000 	C:\WINDOWS\SYSTEM32\dhcpcsvc6.DLL
0x00007ff8b1030000 - 0x00007ff8b104f000 	C:\WINDOWS\SYSTEM32\dhcpcsvc.DLL
0x00007ff85e530000 - 0x00007ff85e5b6000 	C:\Users\91839\AppData\Local\Programs\Eclipse Adoptium\jdk-17.0.4.101-hotspot\bin\freetype.dll
0x00007ff830440000 - 0x00007ff8304e8000 	C:\Users\91839\AppData\Local\Programs\Eclipse Adoptium\jdk-17.0.4.101-hotspot\bin\fontmanager.dll
0x00007ff8a3af0000 - 0x00007ff8a3c1e000 	C:\WINDOWS\SYSTEM32\textinputframework.dll
0x00007ff8b4950000 - 0x00007ff8b4a83000 	C:\WINDOWS\SYSTEM32\CoreMessaging.dll
0x00007ff8b1650000 - 0x00007ff8b19bc000 	C:\WINDOWS\SYSTEM32\CoreUIComponents.dll

dbghelp: loaded successfully - version: 4.0.5 - missing functions: none
symbol engine: initialized successfully - sym options: 0x614 - pdb path: .;C:\Users\91839\AppData\Local\Programs\Eclipse Adoptium\jdk-17.0.4.101-hotspot\bin;C:\WINDOWS\SYSTEM32;C:\WINDOWS\WinSxS\amd64_microsoft.windows.common-controls_6595b64144ccf1df_6.0.22621.608_none_a9444ca7c10bb01d;C:\Users\91839\AppData\Local\Programs\Eclipse Adoptium\jdk-17.0.4.101-hotspot\bin\server

VM Arguments:
jvm_args: -Dfile.encoding=UTF-8 -Djava.security.policy=applet.policy --module-path=C:\Users\91839\Documents\NetBeansProjects\Travel  Management System\build\classes 
java_command: travel.management.system.ViewBookedHotel
java_class_path (initial): C:\Users\91839\Downloads\mysql-connector-java-8.0.28.jar;C:\Users\91839\Documents\NetBeansProjects\Travel  Management System\build\classes
Launcher Type: SUN_STANDARD

[Global flags]
     intx CICompilerCount                          = 4                                         {product} {ergonomic}
     uint ConcGCThreads                            = 2                                         {product} {ergonomic}
     uint G1ConcRefinementThreads                  = 8                                         {product} {ergonomic}
   size_t G1HeapRegionSize                         = 1048576                                   {product} {ergonomic}
    uintx GCDrainStackTargetSize                   = 64                                        {product} {ergonomic}
   size_t InitialHeapSize                          = 132120576                                 {product} {ergonomic}
   size_t MarkStackSize                            = 4194304                                   {product} {ergonomic}
   size_t MaxHeapSize                              = 2105540608                                {product} {ergonomic}
   size_t MaxNewSize                               = 1262485504                                {product} {ergonomic}
   size_t MinHeapDeltaBytes                        = 1048576                                   {product} {ergonomic}
   size_t MinHeapSize                              = 8388608                                   {product} {ergonomic}
    uintx NonNMethodCodeHeapSize                   = 5839372                                {pd product} {ergonomic}
    uintx NonProfiledCodeHeapSize                  = 122909434                              {pd product} {ergonomic}
    uintx ProfiledCodeHeapSize                     = 122909434                              {pd product} {ergonomic}
    uintx ReservedCodeCacheSize                    = 251658240                              {pd product} {ergonomic}
     bool SegmentedCodeCache                       = true                                      {product} {ergonomic}
   size_t SoftMaxHeapSize                          = 2105540608                             {manageable} {ergonomic}
     bool UseCompressedClassPointers               = true                           {product lp64_product} {ergonomic}
     bool UseCompressedOops                        = true                           {product lp64_product} {ergonomic}
     bool UseG1GC                                  = true                                      {product} {ergonomic}
     bool UseLargePagesIndividualAllocation        = false                                  {pd product} {ergonomic}

Logging:
Log output configuration:
 #0: stdout all=warning uptime,level,tags
 #1: stderr all=off uptime,level,tags

Environment Variables:
JAVA_HOME=C:\Users\91839\AppData\Local\Programs\Eclipse Adoptium\jdk-17.0.4.101-hotspot\
PATH=C:\oracle\bin;C:\Python310\Scripts\;C:\Python310\;C:\Windows\system32;C:\Windows;C:\Windows\System32\Wbem;C:\Windows\System32\WindowsPowerShell\v1.0\;C:\Windows\System32\OpenSSH\;C:\Program Files (x86)\NVIDIA Corporation\PhysX\Common;C:\Program Files\NVIDIA Corporation\NVIDIA NvDLISR;C:\MinGW\bin;C:\ProgramData\chocolatey\bin;C:\WINDOWS\system32;C:\WINDOWS;C:\WINDOWS\System32\Wbem;C:\WINDOWS\System32\WindowsPowerShell\v1.0\;C:\WINDOWS\System32\OpenSSH\;C:\Program Files\Git\cmd;C:\Program Files\nodejs\;C:\Users\91839\Downloads\Compressed\sqlite-tools-win32-x86-3390300\sqlite-tools-win32-x86-3390300;;C:\Program Files\Docker\Docker\resources\bin;C:\Program Files\MySQL\MySQL Shell 8.0\bin\;C:\Program Files (x86)\Microsoft Visual Studio\Common\Tools\WinNT;C:\Program Files (x86)\Microsoft Visual Studio\Common\MSDev98\Bin;C:\Program Files (x86)\Microsoft Visual Studio\Common\Tools;C:\Program Files (x86)\Microsoft Visual Studio\VC98\bin;C:\Users\91839\AppData\Local\Programs\Eclipse Adoptium\jdk-17.0.4.101-hotspot\bin;C:\Users\91839\AppData\Local\Microsoft\WindowsApps;C:\Users\91839\AppData\Local\Programs\Microsoft VS Code\bin;C:\Program Files\MongoDB\Server\5.0\bin;C:\src\flutter\flutter\bin;C:\Users\91839\AppData\Roaming\npm;C:\Program Files (x86)\Dr. Memory\bin\;";C:\Users\91839\Downloads\Programs\DrMemory-Windows-2.5.0\bin";C:\Users\91839\AppData\Local\GitHubDesktop\bin
USERNAME=91839
OS=Windows_NT
PROCESSOR_IDENTIFIER=Intel64 Family 6 Model 165 Stepping 2, GenuineIntel
TMP=C:\Users\91839\AppData\Local\Temp
TEMP=C:\Users\91839\AppData\Local\Temp



---------------  S Y S T E M  ---------------

OS:
 Windows 11 , 64 bit Build 22621 (10.0.22621.1485)
OS uptime: 6 days 15:21 hours
Hyper-V role detected

CPU: total 8 (initial active 8) (4 cores per cpu, 2 threads per core) family 6 model 165 stepping 2 microcode 0xe0, cx8, cmov, fxsr, ht, mmx, 3dnowpref, sse, sse2, sse3, ssse3, sse4.1, sse4.2, popcnt, lzcnt, tsc, tscinvbit, avx, avx2, aes, erms, clmul, bmi1, bmi2, adx, fma, vzeroupper, clflush, clflushopt, hv

Memory: 4k page, system-wide physical 8029M (593M free)
TotalPageFile size 32605M (AvailPageFile size 0M)
current process WorkingSet (physical memory assigned to process): 14M, peak: 110M
current process commit charge ("private bytes"): 239M, peak: 247M

vm_info: OpenJDK 64-Bit Server VM (17.0.4.1+1) for windows-amd64 JRE (17.0.4.1+1), built on Aug 17 2022 07:42:43 by "temurin" with MS VC++ 16.7 (VS2019)

END.
