#
# There is insufficient memory for the Java Runtime Environment to continue.
# Native memory allocation (mmap) failed to map 338690048 bytes for G1 virtual space
# Possible reasons:
#   The system is out of physical RAM or swap space
#   The process is running with CompressedOops enabled, and the Java Heap may be blocking the growth of the native heap
# Possible solutions:
#   Reduce memory load on the system
#   Increase physical memory or swap space
#   Check if swap backing store is full
#   Decrease Java heap size (-Xmx/-Xms)
#   Decrease number of Java threads
#   Decrease Java thread stack sizes (-Xss)
#   Set larger code cache with -XX:ReservedCodeCacheSize=
#   JVM is running with Unscaled Compressed Oops mode in which the Java heap is
#     placed in the first 4GB address space. The Java Heap base address is the
#     maximum limit for the native heap growth. Please use -XX:HeapBaseMinAddress
#     to set the Java Heap base and to place the Java Heap above 4GB virtual address.
# This output file may be truncated or incomplete.
#
#  Out of Memory Error (os_windows.cpp:3541), pid=34308, tid=12868
#
# JRE version: OpenJDK Runtime Environment Temurin-17.0.4.1+1 (17.0.4.1+1) (build 17.0.4.1+1)
# Java VM: OpenJDK 64-Bit Server VM Temurin-17.0.4.1+1 (17.0.4.1+1, mixed mode, sharing, tiered, compressed oops, compressed class ptrs, g1 gc, windows-amd64)
# No core dump will be written. Minidumps are not enabled by default on client versions of Windows
#

---------------  S U M M A R Y ------------

Command Line: -Dfile.encoding=UTF-8 -Djava.security.policy=applet.policy --module-path=C:\Users\91839\Documents\NetBeansProjects\Travel  Management System\build\classes travel.management.system.Splash

Host: Intel(R) Core(TM) i5-10300H CPU @ 2.50GHz, 8 cores, 7G,  Windows 11 , 64 bit Build 22621 (10.0.22621.1485)
Time: Fri May 19 17:22:17 2023 India Standard Time elapsed time: 73.908547 seconds (0d 0h 1m 13s)

---------------  T H R E A D  ---------------

Current thread (0x00000270fad8b100):  VMThread "VM Thread" [stack: 0x000000db6f700000,0x000000db6f800000] [id=12868]

Stack: [0x000000db6f700000,0x000000db6f800000]
Native frames: (J=compiled Java code, j=interpreted, Vv=VM code, C=native code)
V  [jvm.dll+0x67731a]
V  [jvm.dll+0x832284]
V  [jvm.dll+0x833a2e]
V  [jvm.dll+0x834093]
V  [jvm.dll+0x245775]
V  [jvm.dll+0x674209]
V  [jvm.dll+0x668a92]
V  [jvm.dll+0x30471b]
V  [jvm.dll+0x30bc66]
V  [jvm.dll+0x35ba9e]
V  [jvm.dll+0x35bccf]
V  [jvm.dll+0x2db5b8]
V  [jvm.dll+0x2d986c]
V  [jvm.dll+0x2d8e3c]
V  [jvm.dll+0x31d0c1]
V  [jvm.dll+0x83853b]
V  [jvm.dll+0x839274]
V  [jvm.dll+0x83978c]
V  [jvm.dll+0x839b64]
V  [jvm.dll+0x839c30]
V  [jvm.dll+0x7e240a]
V  [jvm.dll+0x6761a5]
C  [ucrtbase.dll+0x29363]
C  [KERNEL32.DLL+0x1269d]
C  [ntdll.dll+0x5a9f8]

VM_Operation (0x000000db715fdc60): G1TryInitiateConcMark, mode: safepoint, requested by thread 0x00000270fc71e330


---------------  P R O C E S S  ---------------

Threads class SMR info:
_java_thread_list=0x00000270fb9d05c0, length=20, elements={
0x00000270fad90aa0, 0x00000270fad91450, 0x00000270fada43a0, 0x00000270fada4d50,
0x00000270fada5700, 0x00000270fadb3cd0, 0x00000270fadd49c0, 0x00000270faddd470,
0x00000270faddde60, 0x00000270fad7b720, 0x00000270fb95c0e0, 0x00000270fbb48010,
0x00000270fbb4afa0, 0x00000270fbb5c0a0, 0x00000270fc6e0500, 0x00000270fc71cb20,
0x00000270fc71cff0, 0x00000270fc71ecd0, 0x00000270fc71e330, 0x00000270fba626c0
}

Java Threads: ( => current thread )
  0x00000270fad90aa0 JavaThread "Reference Handler" daemon [_thread_blocked, id=31896, stack(0x000000db6f800000,0x000000db6f900000)]
  0x00000270fad91450 JavaThread "Finalizer" daemon [_thread_blocked, id=16208, stack(0x000000db6f900000,0x000000db6fa00000)]
  0x00000270fada43a0 JavaThread "Signal Dispatcher" daemon [_thread_blocked, id=14232, stack(0x000000db6fa00000,0x000000db6fb00000)]
  0x00000270fada4d50 JavaThread "Attach Listener" daemon [_thread_blocked, id=20836, stack(0x000000db6fb00000,0x000000db6fc00000)]
  0x00000270fada5700 JavaThread "Service Thread" daemon [_thread_blocked, id=32116, stack(0x000000db6fc00000,0x000000db6fd00000)]
  0x00000270fadb3cd0 JavaThread "Monitor Deflation Thread" daemon [_thread_blocked, id=28200, stack(0x000000db6fd00000,0x000000db6fe00000)]
  0x00000270fadd49c0 JavaThread "C2 CompilerThread0" daemon [_thread_blocked, id=21564, stack(0x000000db6fe00000,0x000000db6ff00000)]
  0x00000270faddd470 JavaThread "C1 CompilerThread0" daemon [_thread_blocked, id=9704, stack(0x000000db6ff00000,0x000000db70000000)]
  0x00000270faddde60 JavaThread "Sweeper thread" daemon [_thread_blocked, id=34128, stack(0x000000db70000000,0x000000db70100000)]
  0x00000270fad7b720 JavaThread "Common-Cleaner" daemon [_thread_blocked, id=20864, stack(0x000000db70100000,0x000000db70200000)]
  0x00000270fb95c0e0 JavaThread "Notification Thread" daemon [_thread_blocked, id=31172, stack(0x000000db70200000,0x000000db70300000)]
  0x00000270fbb48010 JavaThread "Java2D Disposer" daemon [_thread_blocked, id=31460, stack(0x000000db70400000,0x000000db70500000)]
  0x00000270fbb4afa0 JavaThread "AWT-Shutdown" [_thread_blocked, id=2596, stack(0x000000db70500000,0x000000db70600000)]
  0x00000270fbb5c0a0 JavaThread "AWT-Windows" daemon [_thread_in_native, id=20344, stack(0x000000db70600000,0x000000db70700000)]
  0x00000270fc6e0500 JavaThread "AWT-EventQueue-0" [_thread_blocked, id=16812, stack(0x000000db70800000,0x000000db70900000)]
  0x00000270fc71cb20 JavaThread "DestroyJavaVM" [_thread_blocked, id=32932, stack(0x000000db6f100000,0x000000db6f200000)]
  0x00000270fc71cff0 JavaThread "TimerQueue" daemon [_thread_blocked, id=14408, stack(0x000000db70900000,0x000000db70a00000)]
  0x00000270fc71ecd0 JavaThread "mysql-cj-abandoned-connection-cleanup" daemon [_thread_blocked, id=9956, stack(0x000000db70700000,0x000000db70800000)]
  0x00000270fc71e330 JavaThread "Image Fetcher 0" daemon [_thread_blocked, id=30172, stack(0x000000db71500000,0x000000db71600000)]
  0x00000270fba626c0 JavaThread "Image Fetcher 1" daemon [_thread_blocked, id=24472, stack(0x000000db71600000,0x000000db71700000)]

Other Threads:
=>0x00000270fad8b100 VMThread "VM Thread" [stack: 0x000000db6f700000,0x000000db6f800000] [id=12868]
  0x00000270fb9629d0 WatcherThread [stack: 0x000000db70300000,0x000000db70400000] [id=27400]
  0x00000270dcb19180 GCTaskThread "GC Thread#0" [stack: 0x000000db6f200000,0x000000db6f300000] [id=11668]
  0x00000270fc753d60 GCTaskThread "GC Thread#1" [stack: 0x000000db70a00000,0x000000db70b00000] [id=33428]
  0x00000270fc754010 GCTaskThread "GC Thread#2" [stack: 0x000000db70b00000,0x000000db70c00000] [id=35768]
  0x00000270fc7542c0 GCTaskThread "GC Thread#3" [stack: 0x000000db70c00000,0x000000db70d00000] [id=20492]
  0x00000270fc754570 GCTaskThread "GC Thread#4" [stack: 0x000000db70d00000,0x000000db70e00000] [id=22004]
  0x00000270fc756830 GCTaskThread "GC Thread#5" [stack: 0x000000db70e00000,0x000000db70f00000] [id=14472]
  0x00000270fc756ae0 GCTaskThread "GC Thread#6" [stack: 0x000000db70f00000,0x000000db71000000] [id=9660]
  0x00000270fc759850 GCTaskThread "GC Thread#7" [stack: 0x000000db71000000,0x000000db71100000] [id=34732]
  0x00000270dcb29c20 ConcurrentGCThread "G1 Main Marker" [stack: 0x000000db6f300000,0x000000db6f400000] [id=5552]
  0x00000270dcb2acd0 ConcurrentGCThread "G1 Conc#0" [stack: 0x000000db6f400000,0x000000db6f500000] [id=16752]
  0x00000270fc6a0920 ConcurrentGCThread "G1 Conc#1" [stack: 0x000000db71400000,0x000000db71500000] [id=23508]
  0x00000270fac46140 ConcurrentGCThread "G1 Refine#0" [stack: 0x000000db6f500000,0x000000db6f600000] [id=31580]
  0x00000270fac48920 ConcurrentGCThread "G1 Service" [stack: 0x000000db6f600000,0x000000db6f700000] [id=7204]

Threads with active compile tasks:

VM state: at safepoint (normal execution)

VM Mutex/Monitor currently owned by a thread:  ([mutex/lock_event])
[0x00000270dcabaf00] Threads_lock - owner thread: 0x00000270fad8b100
[0x00000270dcabb1d0] Heap_lock - owner thread: 0x00000270fc71e330

Heap address: 0x0000000082800000, size: 2008 MB, Compressed Oops mode: 32-bit

CDS archive(s) mapped at: [0x0000000800000000-0x0000000800bc0000-0x0000000800bc0000), size 12320768, SharedBaseAddress: 0x0000000800000000, ArchiveRelocationMode: 0.
Compressed class space mapped at: 0x0000000800c00000-0x0000000840c00000, reserved size: 1073741824
Narrow klass base: 0x0000000800000000, Narrow klass shift: 0, Narrow klass range: 0x100000000

GC Precious Log:
 CPUs: 8 total, 8 available
 Memory: 8029M
 Large Page Support: Disabled
 NUMA Support: Disabled
 Compressed Oops: Enabled (32-bit)
 Heap Region Size: 1M
 Heap Min Capacity: 8M
 Heap Initial Capacity: 126M
 Heap Max Capacity: 2008M
 Pre-touch: Disabled
 Parallel Workers: 8
 Concurrent Workers: 2
 Concurrent Refinement Workers: 8
 Periodic GC: Disabled

Heap:
 garbage-first heap   total 216064K, used 122469K [0x0000000082800000, 0x0000000100000000)
  region size 1024K, 4 young (4096K), 4 survivors (4096K)
 Metaspace       used 20460K, committed 20672K, reserved 1073152K
  class space    used 2288K, committed 2368K, reserved 1048576K

Heap Regions: E=young(eden), S=young(survivor), O=old, HS=humongous(starts), HC=humongous(continues), CS=collection set, F=free, OA=open archive, CA=closed archive, TAMS=top-at-mark-start (previous, next)
|   0|0x0000000082800000, 0x0000000082900000, 0x0000000082900000|100%|HS|  |TAMS 0x0000000082900000, 0x0000000082900000| Complete 
|   1|0x0000000082900000, 0x0000000082a00000, 0x0000000082a00000|100%|HC|  |TAMS 0x0000000082a00000, 0x0000000082a00000| Complete 
|   2|0x0000000082a00000, 0x0000000082b00000, 0x0000000082b00000|100%|HC|  |TAMS 0x0000000082b00000, 0x0000000082b00000| Complete 
|   3|0x0000000082b00000, 0x0000000082c00000, 0x0000000082c00000|100%|HC|  |TAMS 0x0000000082c00000, 0x0000000082c00000| Complete 
|   4|0x0000000082c00000, 0x0000000082d00000, 0x0000000082d00000|100%|HS|  |TAMS 0x0000000082d00000, 0x0000000082d00000| Complete 
|   5|0x0000000082d00000, 0x0000000082e00000, 0x0000000082e00000|100%|HC|  |TAMS 0x0000000082e00000, 0x0000000082e00000| Complete 
|   6|0x0000000082e00000, 0x0000000082f00000, 0x0000000082f00000|100%|HC|  |TAMS 0x0000000082f00000, 0x0000000082f00000| Complete 
|   7|0x0000000082f00000, 0x0000000083000000, 0x0000000083000000|100%|HS|  |TAMS 0x0000000083000000, 0x0000000083000000| Complete 
|   8|0x0000000083000000, 0x0000000083100000, 0x0000000083100000|100%|HS|  |TAMS 0x0000000083100000, 0x0000000083100000| Complete 
|   9|0x0000000083100000, 0x0000000083200000, 0x0000000083200000|100%|HC|  |TAMS 0x0000000083200000, 0x0000000083200000| Complete 
|  10|0x0000000083200000, 0x0000000083300000, 0x0000000083300000|100%|HC|  |TAMS 0x0000000083300000, 0x0000000083300000| Complete 
|  11|0x0000000083300000, 0x0000000083400000, 0x0000000083400000|100%|HC|  |TAMS 0x0000000083400000, 0x0000000083400000| Complete 
|  12|0x0000000083400000, 0x0000000083500000, 0x0000000083500000|100%|HC|  |TAMS 0x0000000083500000, 0x0000000083500000| Complete 
|  13|0x0000000083500000, 0x0000000083600000, 0x0000000083600000|100%|HC|  |TAMS 0x0000000083600000, 0x0000000083600000| Complete 
|  14|0x0000000083600000, 0x0000000083700000, 0x0000000083700000|100%|HC|  |TAMS 0x0000000083700000, 0x0000000083700000| Complete 
|  15|0x0000000083700000, 0x0000000083800000, 0x0000000083800000|100%|HC|  |TAMS 0x0000000083800000, 0x0000000083800000| Complete 
|  16|0x0000000083800000, 0x0000000083900000, 0x0000000083900000|100%|HC|  |TAMS 0x0000000083900000, 0x0000000083900000| Complete 
|  17|0x0000000083900000, 0x0000000083a00000, 0x0000000083a00000|100%|HC|  |TAMS 0x0000000083a00000, 0x0000000083a00000| Complete 
|  18|0x0000000083a00000, 0x0000000083b00000, 0x0000000083b00000|100%|HC|  |TAMS 0x0000000083b00000, 0x0000000083b00000| Complete 
|  19|0x0000000083b00000, 0x0000000083c00000, 0x0000000083c00000|100%|HC|  |TAMS 0x0000000083c00000, 0x0000000083c00000| Complete 
|  20|0x0000000083c00000, 0x0000000083d00000, 0x0000000083d00000|100%|HC|  |TAMS 0x0000000083d00000, 0x0000000083d00000| Complete 
|  21|0x0000000083d00000, 0x0000000083e00000, 0x0000000083e00000|100%|HC|  |TAMS 0x0000000083e00000, 0x0000000083e00000| Complete 
|  22|0x0000000083e00000, 0x0000000083f00000, 0x0000000083f00000|100%|HC|  |TAMS 0x0000000083f00000, 0x0000000083f00000| Complete 
|  23|0x0000000083f00000, 0x0000000084000000, 0x0000000084000000|100%|HC|  |TAMS 0x0000000084000000, 0x0000000084000000| Complete 
|  24|0x0000000084000000, 0x0000000084100000, 0x0000000084100000|100%|HC|  |TAMS 0x0000000084100000, 0x0000000084100000| Complete 
|  25|0x0000000084100000, 0x0000000084200000, 0x0000000084200000|100%|HC|  |TAMS 0x0000000084200000, 0x0000000084200000| Complete 
|  26|0x0000000084200000, 0x0000000084300000, 0x0000000084300000|100%|HC|  |TAMS 0x0000000084300000, 0x0000000084300000| Complete 
|  27|0x0000000084300000, 0x0000000084400000, 0x0000000084400000|100%|HC|  |TAMS 0x0000000084400000, 0x0000000084400000| Complete 
|  28|0x0000000084400000, 0x0000000084500000, 0x0000000084500000|100%|HS|  |TAMS 0x0000000084500000, 0x0000000084500000| Complete 
|  29|0x0000000084500000, 0x0000000084600000, 0x0000000084600000|100%|HC|  |TAMS 0x0000000084600000, 0x0000000084600000| Complete 
|  30|0x0000000084600000, 0x0000000084700000, 0x0000000084700000|100%|HC|  |TAMS 0x0000000084700000, 0x0000000084700000| Complete 
|  31|0x0000000084700000, 0x0000000084800000, 0x0000000084800000|100%|HC|  |TAMS 0x0000000084800000, 0x0000000084800000| Complete 
|  32|0x0000000084800000, 0x0000000084900000, 0x0000000084900000|100%|HC|  |TAMS 0x0000000084900000, 0x0000000084900000| Complete 
|  33|0x0000000084900000, 0x0000000084a00000, 0x0000000084a00000|100%|HC|  |TAMS 0x0000000084a00000, 0x0000000084a00000| Complete 
|  34|0x0000000084a00000, 0x0000000084b00000, 0x0000000084b00000|100%|HC|  |TAMS 0x0000000084b00000, 0x0000000084b00000| Complete 
|  35|0x0000000084b00000, 0x0000000084c00000, 0x0000000084c00000|100%|HS|  |TAMS 0x0000000084c00000, 0x0000000084c00000| Complete 
|  36|0x0000000084c00000, 0x0000000084d00000, 0x0000000084d00000|100%|HC|  |TAMS 0x0000000084d00000, 0x0000000084d00000| Complete 
|  37|0x0000000084d00000, 0x0000000084e00000, 0x0000000084e00000|100%|HC|  |TAMS 0x0000000084e00000, 0x0000000084e00000| Complete 
|  38|0x0000000084e00000, 0x0000000084f00000, 0x0000000084f00000|100%|HC|  |TAMS 0x0000000084f00000, 0x0000000084f00000| Complete 
|  39|0x0000000084f00000, 0x0000000085000000, 0x0000000085000000|100%|HC|  |TAMS 0x0000000085000000, 0x0000000085000000| Complete 
|  40|0x0000000085000000, 0x0000000085100000, 0x0000000085100000|100%|HC|  |TAMS 0x0000000085100000, 0x0000000085100000| Complete 
|  41|0x0000000085100000, 0x0000000085200000, 0x0000000085200000|100%|HC|  |TAMS 0x0000000085200000, 0x0000000085200000| Complete 
|  42|0x0000000085200000, 0x0000000085300000, 0x0000000085300000|100%|HC|  |TAMS 0x0000000085300000, 0x0000000085300000| Complete 
|  43|0x0000000085300000, 0x0000000085400000, 0x0000000085400000|100%| O|  |TAMS 0x0000000085400000, 0x0000000085400000| Untracked 
|  44|0x0000000085400000, 0x0000000085500000, 0x0000000085500000|100%| O|  |TAMS 0x0000000085500000, 0x0000000085500000| Untracked 
|  45|0x0000000085500000, 0x0000000085600000, 0x0000000085600000|100%| O|  |TAMS 0x0000000085600000, 0x0000000085600000| Untracked 
|  46|0x0000000085600000, 0x0000000085700000, 0x0000000085700000|100%|HS|  |TAMS 0x0000000085700000, 0x0000000085700000| Complete 
|  47|0x0000000085700000, 0x0000000085800000, 0x0000000085800000|100%|HS|  |TAMS 0x0000000085800000, 0x0000000085800000| Complete 
|  48|0x0000000085800000, 0x0000000085900000, 0x0000000085900000|100%|HS|  |TAMS 0x0000000085900000, 0x0000000085900000| Complete 
|  49|0x0000000085900000, 0x0000000085a00000, 0x0000000085a00000|100%|HC|  |TAMS 0x0000000085a00000, 0x0000000085a00000| Complete 
|  50|0x0000000085a00000, 0x0000000085b00000, 0x0000000085b00000|100%|HC|  |TAMS 0x0000000085b00000, 0x0000000085b00000| Complete 
|  51|0x0000000085b00000, 0x0000000085c00000, 0x0000000085c00000|100%|HS|  |TAMS 0x0000000085c00000, 0x0000000085c00000| Complete 
|  52|0x0000000085c00000, 0x0000000085d00000, 0x0000000085d00000|100%| O|  |TAMS 0x0000000085d00000, 0x0000000085d00000| Untracked 
|  53|0x0000000085d00000, 0x0000000085da4400, 0x0000000085e00000| 64%| O|  |TAMS 0x0000000085da4400, 0x0000000085da4400| Untracked 
|  54|0x0000000085e00000, 0x0000000085f00000, 0x0000000085f00000|100%|HS|  |TAMS 0x0000000085f00000, 0x0000000085f00000| Complete 
|  55|0x0000000085f00000, 0x0000000086000000, 0x0000000086000000|100%|HC|  |TAMS 0x0000000086000000, 0x0000000086000000| Complete 
|  56|0x0000000086000000, 0x0000000086100000, 0x0000000086100000|100%|HC|  |TAMS 0x0000000086100000, 0x0000000086100000| Complete 
|  57|0x0000000086100000, 0x0000000086200000, 0x0000000086200000|100%|HC|  |TAMS 0x0000000086200000, 0x0000000086200000| Complete 
|  58|0x0000000086200000, 0x0000000086300000, 0x0000000086300000|100%| O|  |TAMS 0x0000000086300000, 0x0000000086300000| Untracked 
|  59|0x0000000086300000, 0x0000000086400000, 0x0000000086400000|100%| O|  |TAMS 0x0000000086400000, 0x0000000086400000| Untracked 
|  60|0x0000000086400000, 0x0000000086500000, 0x0000000086500000|100%| O|  |TAMS 0x0000000086500000, 0x0000000086500000| Untracked 
|  61|0x0000000086500000, 0x0000000086600000, 0x0000000086600000|100%|HS|  |TAMS 0x0000000086600000, 0x0000000086600000| Complete 
|  62|0x0000000086600000, 0x0000000086700000, 0x0000000086700000|100%|HC|  |TAMS 0x0000000086700000, 0x0000000086700000| Complete 
|  63|0x0000000086700000, 0x0000000086800000, 0x0000000086800000|100%|HC|  |TAMS 0x0000000086800000, 0x0000000086800000| Complete 
|  64|0x0000000086800000, 0x0000000086900000, 0x0000000086900000|100%|HC|  |TAMS 0x0000000086900000, 0x0000000086900000| Complete 
|  65|0x0000000086900000, 0x0000000086a00000, 0x0000000086a00000|100%|HS|  |TAMS 0x0000000086a00000, 0x0000000086a00000| Complete 
|  66|0x0000000086a00000, 0x0000000086b00000, 0x0000000086b00000|100%|HS|  |TAMS 0x0000000086b00000, 0x0000000086b00000| Complete 
|  67|0x0000000086b00000, 0x0000000086c00000, 0x0000000086c00000|100%|HC|  |TAMS 0x0000000086c00000, 0x0000000086c00000| Complete 
|  68|0x0000000086c00000, 0x0000000086d00000, 0x0000000086d00000|100%|HS|  |TAMS 0x0000000086d00000, 0x0000000086d00000| Complete 
|  69|0x0000000086d00000, 0x0000000086e00000, 0x0000000086e00000|100%|HS|  |TAMS 0x0000000086e00000, 0x0000000086e00000| Complete 
|  70|0x0000000086e00000, 0x0000000086f00000, 0x0000000086f00000|100%|HC|  |TAMS 0x0000000086f00000, 0x0000000086f00000| Complete 
|  71|0x0000000086f00000, 0x0000000087000000, 0x0000000087000000|100%|HC|  |TAMS 0x0000000087000000, 0x0000000087000000| Complete 
|  72|0x0000000087000000, 0x0000000087100000, 0x0000000087100000|100%|HS|  |TAMS 0x0000000087100000, 0x0000000087100000| Complete 
|  73|0x0000000087100000, 0x0000000087200000, 0x0000000087200000|100%|HS|  |TAMS 0x0000000087200000, 0x0000000087200000| Complete 
|  74|0x0000000087200000, 0x0000000087300000, 0x0000000087300000|100%|HC|  |TAMS 0x0000000087300000, 0x0000000087300000| Complete 
|  75|0x0000000087300000, 0x0000000087400000, 0x0000000087400000|100%|HC|  |TAMS 0x0000000087400000, 0x0000000087400000| Complete 
|  76|0x0000000087400000, 0x0000000087500000, 0x0000000087500000|100%|HS|  |TAMS 0x0000000087500000, 0x0000000087500000| Complete 
|  77|0x0000000087500000, 0x0000000087600000, 0x0000000087600000|100%|HC|  |TAMS 0x0000000087600000, 0x0000000087600000| Complete 
|  78|0x0000000087600000, 0x0000000087700000, 0x0000000087700000|100%|HC|  |TAMS 0x0000000087700000, 0x0000000087700000| Complete 
|  79|0x0000000087700000, 0x0000000087800000, 0x0000000087800000|100%|HC|  |TAMS 0x0000000087800000, 0x0000000087800000| Complete 
|  80|0x0000000087800000, 0x0000000087900000, 0x0000000087900000|100%|HC|  |TAMS 0x0000000087900000, 0x0000000087900000| Complete 
|  81|0x0000000087900000, 0x0000000087a00000, 0x0000000087a00000|100%|HC|  |TAMS 0x0000000087a00000, 0x0000000087a00000| Complete 
|  82|0x0000000087a00000, 0x0000000087b00000, 0x0000000087b00000|100%|HC|  |TAMS 0x0000000087b00000, 0x0000000087b00000| Complete 
|  83|0x0000000087b00000, 0x0000000087c00000, 0x0000000087c00000|100%|HC|  |TAMS 0x0000000087c00000, 0x0000000087c00000| Complete 
|  84|0x0000000087c00000, 0x0000000087d00000, 0x0000000087d00000|100%|HS|  |TAMS 0x0000000087d00000, 0x0000000087d00000| Complete 
|  85|0x0000000087d00000, 0x0000000087e00000, 0x0000000087e00000|100%|HC|  |TAMS 0x0000000087e00000, 0x0000000087e00000| Complete 
|  86|0x0000000087e00000, 0x0000000087f00000, 0x0000000087f00000|100%|HS|  |TAMS 0x0000000087f00000, 0x0000000087f00000| Complete 
|  87|0x0000000087f00000, 0x0000000088000000, 0x0000000088000000|100%|HC|  |TAMS 0x0000000088000000, 0x0000000088000000| Complete 
|  88|0x0000000088000000, 0x0000000088100000, 0x0000000088100000|100%|HC|  |TAMS 0x0000000088100000, 0x0000000088100000| Complete 
|  89|0x0000000088100000, 0x0000000088200000, 0x0000000088200000|100%|HC|  |TAMS 0x0000000088200000, 0x0000000088200000| Complete 
|  90|0x0000000088200000, 0x0000000088300000, 0x0000000088300000|100%|HC|  |TAMS 0x0000000088300000, 0x0000000088300000| Complete 
|  91|0x0000000088300000, 0x0000000088400000, 0x0000000088400000|100%|HC|  |TAMS 0x0000000088400000, 0x0000000088400000| Complete 
|  92|0x0000000088400000, 0x0000000088500000, 0x0000000088500000|100%|HC|  |TAMS 0x0000000088500000, 0x0000000088500000| Complete 
|  93|0x0000000088500000, 0x0000000088600000, 0x0000000088600000|100%|HC|  |TAMS 0x0000000088600000, 0x0000000088600000| Complete 
|  94|0x0000000088600000, 0x0000000088700000, 0x0000000088700000|100%|HS|  |TAMS 0x0000000088700000, 0x0000000088700000| Complete 
|  95|0x0000000088700000, 0x0000000088800000, 0x0000000088800000|100%|HC|  |TAMS 0x0000000088800000, 0x0000000088800000| Complete 
|  96|0x0000000088800000, 0x0000000088900000, 0x0000000088900000|100%|HS|  |TAMS 0x0000000088900000, 0x0000000088900000| Complete 
|  97|0x0000000088900000, 0x0000000088a00000, 0x0000000088a00000|100%|HC|  |TAMS 0x0000000088a00000, 0x0000000088a00000| Complete 
|  98|0x0000000088a00000, 0x0000000088b00000, 0x0000000088b00000|100%|HC|  |TAMS 0x0000000088b00000, 0x0000000088b00000| Complete 
|  99|0x0000000088b00000, 0x0000000088c00000, 0x0000000088c00000|100%|HC|  |TAMS 0x0000000088c00000, 0x0000000088c00000| Complete 
| 100|0x0000000088c00000, 0x0000000088d00000, 0x0000000088d00000|100%|HC|  |TAMS 0x0000000088d00000, 0x0000000088d00000| Complete 
| 101|0x0000000088d00000, 0x0000000088e00000, 0x0000000088e00000|100%|HC|  |TAMS 0x0000000088e00000, 0x0000000088e00000| Complete 
| 102|0x0000000088e00000, 0x0000000088f00000, 0x0000000088f00000|100%|HC|  |TAMS 0x0000000088f00000, 0x0000000088f00000| Complete 
| 103|0x0000000088f00000, 0x0000000089000000, 0x0000000089000000|100%|HC|  |TAMS 0x0000000089000000, 0x0000000089000000| Complete 
| 104|0x0000000089000000, 0x0000000089100000, 0x0000000089100000|100%|HS|  |TAMS 0x0000000089100000, 0x0000000089100000| Complete 
| 105|0x0000000089100000, 0x0000000089200000, 0x0000000089200000|100%|HC|  |TAMS 0x0000000089200000, 0x0000000089200000| Complete 
| 106|0x0000000089200000, 0x0000000089300000, 0x0000000089300000|100%|HS|  |TAMS 0x0000000089300000, 0x0000000089300000| Complete 
| 107|0x0000000089300000, 0x0000000089400000, 0x0000000089400000|100%|HC|  |TAMS 0x0000000089400000, 0x0000000089400000| Complete 
| 108|0x0000000089400000, 0x0000000089500000, 0x0000000089500000|100%|HC|  |TAMS 0x0000000089500000, 0x0000000089500000| Complete 
| 109|0x0000000089500000, 0x0000000089600000, 0x0000000089600000|100%|HC|  |TAMS 0x0000000089600000, 0x0000000089600000| Complete 
| 110|0x0000000089600000, 0x0000000089700000, 0x0000000089700000|100%|HC|  |TAMS 0x0000000089700000, 0x0000000089700000| Complete 
| 111|0x0000000089700000, 0x0000000089800000, 0x0000000089800000|100%|HC|  |TAMS 0x0000000089800000, 0x0000000089800000| Complete 
| 112|0x0000000089800000, 0x0000000089900000, 0x0000000089900000|100%|HC|  |TAMS 0x0000000089900000, 0x0000000089900000| Complete 
| 113|0x0000000089900000, 0x0000000089a00000, 0x0000000089a00000|100%|HC|  |TAMS 0x0000000089a00000, 0x0000000089a00000| Complete 
| 114|0x0000000089a00000, 0x0000000089b00000, 0x0000000089b00000|100%|HS|  |TAMS 0x0000000089a00000, 0x0000000089b00000| Complete 
| 115|0x0000000089b00000, 0x0000000089c00000, 0x0000000089c00000|100%|HC|  |TAMS 0x0000000089b00000, 0x0000000089c00000| Complete 
| 116|0x0000000089c00000, 0x0000000089c00000, 0x0000000089d00000|  0%| F|  |TAMS 0x0000000089c00000, 0x0000000089c00000| Untracked 
| 117|0x0000000089d00000, 0x0000000089d00000, 0x0000000089e00000|  0%| F|  |TAMS 0x0000000089d00000, 0x0000000089d00000| Untracked 
| 118|0x0000000089e00000, 0x0000000089e00000, 0x0000000089f00000|  0%| F|  |TAMS 0x0000000089e00000, 0x0000000089e00000| Untracked 
| 119|0x0000000089f00000, 0x0000000089f00000, 0x000000008a000000|  0%| F|  |TAMS 0x0000000089f00000, 0x0000000089f00000| Untracked 
| 120|0x000000008a000000, 0x000000008a000000, 0x000000008a100000|  0%| F|  |TAMS 0x000000008a000000, 0x000000008a000000| Untracked 
| 121|0x000000008a100000, 0x000000008a100000, 0x000000008a200000|  0%| F|  |TAMS 0x000000008a100000, 0x000000008a100000| Untracked 
| 122|0x000000008a200000, 0x000000008a200000, 0x000000008a300000|  0%| F|  |TAMS 0x000000008a200000, 0x000000008a200000| Untracked 
| 123|0x000000008a300000, 0x000000008a300000, 0x000000008a400000|  0%| F|  |TAMS 0x000000008a300000, 0x000000008a300000| Untracked 
| 124|0x000000008a400000, 0x000000008a400000, 0x000000008a500000|  0%| F|  |TAMS 0x000000008a400000, 0x000000008a400000| Untracked 
| 125|0x000000008a500000, 0x000000008a500000, 0x000000008a600000|  0%| F|  |TAMS 0x000000008a500000, 0x000000008a500000| Untracked 
| 126|0x000000008a600000, 0x000000008a600000, 0x000000008a700000|  0%| F|  |TAMS 0x000000008a600000, 0x000000008a600000| Untracked 
| 127|0x000000008a700000, 0x000000008a700000, 0x000000008a800000|  0%| F|  |TAMS 0x000000008a700000, 0x000000008a700000| Untracked 
| 128|0x000000008a800000, 0x000000008a800000, 0x000000008a900000|  0%| F|  |TAMS 0x000000008a800000, 0x000000008a800000| Untracked 
| 129|0x000000008a900000, 0x000000008a900000, 0x000000008aa00000|  0%| F|  |TAMS 0x000000008a900000, 0x000000008a900000| Untracked 
| 130|0x000000008aa00000, 0x000000008aa00000, 0x000000008ab00000|  0%| F|  |TAMS 0x000000008aa00000, 0x000000008aa00000| Untracked 
| 131|0x000000008ab00000, 0x000000008ab00000, 0x000000008ac00000|  0%| F|  |TAMS 0x000000008ab00000, 0x000000008ab00000| Untracked 
| 132|0x000000008ac00000, 0x000000008ac00000, 0x000000008ad00000|  0%| F|  |TAMS 0x000000008ac00000, 0x000000008ac00000| Untracked 
| 133|0x000000008ad00000, 0x000000008ad00000, 0x000000008ae00000|  0%| F|  |TAMS 0x000000008ad00000, 0x000000008ad00000| Untracked 
| 134|0x000000008ae00000, 0x000000008ae00000, 0x000000008af00000|  0%| F|  |TAMS 0x000000008ae00000, 0x000000008ae00000| Untracked 
| 135|0x000000008af00000, 0x000000008af00000, 0x000000008b000000|  0%| F|  |TAMS 0x000000008af00000, 0x000000008af00000| Untracked 
| 136|0x000000008b000000, 0x000000008b000000, 0x000000008b100000|  0%| F|  |TAMS 0x000000008b000000, 0x000000008b000000| Untracked 
| 137|0x000000008b100000, 0x000000008b100000, 0x000000008b200000|  0%| F|  |TAMS 0x000000008b100000, 0x000000008b100000| Untracked 
| 138|0x000000008b200000, 0x000000008b200000, 0x000000008b300000|  0%| F|  |TAMS 0x000000008b200000, 0x000000008b200000| Untracked 
| 139|0x000000008b300000, 0x000000008b300000, 0x000000008b400000|  0%| F|  |TAMS 0x000000008b300000, 0x000000008b300000| Untracked 
| 140|0x000000008b400000, 0x000000008b400000, 0x000000008b500000|  0%| F|  |TAMS 0x000000008b400000, 0x000000008b400000| Untracked 
| 141|0x000000008b500000, 0x000000008b500000, 0x000000008b600000|  0%| F|  |TAMS 0x000000008b500000, 0x000000008b500000| Untracked 
| 142|0x000000008b600000, 0x000000008b600000, 0x000000008b700000|  0%| F|  |TAMS 0x000000008b600000, 0x000000008b600000| Untracked 
| 143|0x000000008b700000, 0x000000008b700000, 0x000000008b800000|  0%| F|  |TAMS 0x000000008b700000, 0x000000008b700000| Untracked 
| 144|0x000000008b800000, 0x000000008b800000, 0x000000008b900000|  0%| F|  |TAMS 0x000000008b800000, 0x000000008b800000| Untracked 
| 145|0x000000008b900000, 0x000000008b900000, 0x000000008ba00000|  0%| F|  |TAMS 0x000000008b900000, 0x000000008b900000| Untracked 
| 146|0x000000008ba00000, 0x000000008ba00000, 0x000000008bb00000|  0%| F|  |TAMS 0x000000008ba00000, 0x000000008ba00000| Untracked 
| 147|0x000000008bb00000, 0x000000008bb00000, 0x000000008bc00000|  0%| F|  |TAMS 0x000000008bb00000, 0x000000008bb00000| Untracked 
| 148|0x000000008bc00000, 0x000000008bc00000, 0x000000008bd00000|  0%| F|  |TAMS 0x000000008bc00000, 0x000000008bc00000| Untracked 
| 149|0x000000008bd00000, 0x000000008bd00000, 0x000000008be00000|  0%| F|  |TAMS 0x000000008bd00000, 0x000000008bd00000| Untracked 
| 150|0x000000008be00000, 0x000000008be00000, 0x000000008bf00000|  0%| F|  |TAMS 0x000000008be00000, 0x000000008be00000| Untracked 
| 151|0x000000008bf00000, 0x000000008bf00000, 0x000000008c000000|  0%| F|  |TAMS 0x000000008bf00000, 0x000000008bf00000| Untracked 
| 152|0x000000008c000000, 0x000000008c000000, 0x000000008c100000|  0%| F|  |TAMS 0x000000008c000000, 0x000000008c000000| Untracked 
| 153|0x000000008c100000, 0x000000008c100000, 0x000000008c200000|  0%| F|  |TAMS 0x000000008c100000, 0x000000008c100000| Untracked 
| 154|0x000000008c200000, 0x000000008c200000, 0x000000008c300000|  0%| F|  |TAMS 0x000000008c200000, 0x000000008c200000| Untracked 
| 155|0x000000008c300000, 0x000000008c300000, 0x000000008c400000|  0%| F|  |TAMS 0x000000008c300000, 0x000000008c300000| Untracked 
| 156|0x000000008c400000, 0x000000008c400000, 0x000000008c500000|  0%| F|  |TAMS 0x000000008c400000, 0x000000008c400000| Untracked 
| 157|0x000000008c500000, 0x000000008c500000, 0x000000008c600000|  0%| F|  |TAMS 0x000000008c500000, 0x000000008c500000| Untracked 
| 158|0x000000008c600000, 0x000000008c600000, 0x000000008c700000|  0%| F|  |TAMS 0x000000008c600000, 0x000000008c600000| Untracked 
| 159|0x000000008c700000, 0x000000008c700000, 0x000000008c800000|  0%| F|  |TAMS 0x000000008c700000, 0x000000008c700000| Untracked 
| 160|0x000000008c800000, 0x000000008c800000, 0x000000008c900000|  0%| F|  |TAMS 0x000000008c800000, 0x000000008c800000| Untracked 
| 161|0x000000008c900000, 0x000000008c900000, 0x000000008ca00000|  0%| F|  |TAMS 0x000000008c900000, 0x000000008c900000| Untracked 
| 162|0x000000008ca00000, 0x000000008ca00000, 0x000000008cb00000|  0%| F|  |TAMS 0x000000008ca00000, 0x000000008ca00000| Untracked 
| 163|0x000000008cb00000, 0x000000008cb00000, 0x000000008cc00000|  0%| F|  |TAMS 0x000000008cb00000, 0x000000008cb00000| Untracked 
| 164|0x000000008cc00000, 0x000000008cc00000, 0x000000008cd00000|  0%| F|  |TAMS 0x000000008cc00000, 0x000000008cc00000| Untracked 
| 165|0x000000008cd00000, 0x000000008cd00000, 0x000000008ce00000|  0%| F|  |TAMS 0x000000008cd00000, 0x000000008cd00000| Untracked 
| 166|0x000000008ce00000, 0x000000008ce00000, 0x000000008cf00000|  0%| F|  |TAMS 0x000000008ce00000, 0x000000008ce00000| Untracked 
| 167|0x000000008cf00000, 0x000000008cf00000, 0x000000008d000000|  0%| F|  |TAMS 0x000000008cf00000, 0x000000008cf00000| Untracked 
| 168|0x000000008d000000, 0x000000008d000000, 0x000000008d100000|  0%| F|  |TAMS 0x000000008d000000, 0x000000008d000000| Untracked 
| 169|0x000000008d100000, 0x000000008d100000, 0x000000008d200000|  0%| F|  |TAMS 0x000000008d100000, 0x000000008d100000| Untracked 
| 170|0x000000008d200000, 0x000000008d200000, 0x000000008d300000|  0%| F|  |TAMS 0x000000008d200000, 0x000000008d200000| Untracked 
| 171|0x000000008d300000, 0x000000008d300000, 0x000000008d400000|  0%| F|  |TAMS 0x000000008d300000, 0x000000008d300000| Untracked 
| 172|0x000000008d400000, 0x000000008d400000, 0x000000008d500000|  0%| F|  |TAMS 0x000000008d400000, 0x000000008d400000| Untracked 
| 173|0x000000008d500000, 0x000000008d500000, 0x000000008d600000|  0%| F|  |TAMS 0x000000008d500000, 0x000000008d500000| Untracked 
| 174|0x000000008d600000, 0x000000008d600000, 0x000000008d700000|  0%| F|  |TAMS 0x000000008d600000, 0x000000008d600000| Untracked 
| 175|0x000000008d700000, 0x000000008d700000, 0x000000008d800000|  0%| F|  |TAMS 0x000000008d700000, 0x000000008d700000| Untracked 
| 176|0x000000008d800000, 0x000000008d800000, 0x000000008d900000|  0%| F|  |TAMS 0x000000008d800000, 0x000000008d800000| Untracked 
| 177|0x000000008d900000, 0x000000008d900000, 0x000000008da00000|  0%| F|  |TAMS 0x000000008d900000, 0x000000008d900000| Untracked 
| 178|0x000000008da00000, 0x000000008da00000, 0x000000008db00000|  0%| F|  |TAMS 0x000000008da00000, 0x000000008da00000| Untracked 
| 179|0x000000008db00000, 0x000000008db00000, 0x000000008dc00000|  0%| F|  |TAMS 0x000000008db00000, 0x000000008db00000| Untracked 
| 180|0x000000008dc00000, 0x000000008dc00000, 0x000000008dd00000|  0%| F|  |TAMS 0x000000008dc00000, 0x000000008dc00000| Untracked 
| 181|0x000000008dd00000, 0x000000008dd00000, 0x000000008de00000|  0%| F|  |TAMS 0x000000008dd00000, 0x000000008dd00000| Untracked 
| 182|0x000000008de00000, 0x000000008de00000, 0x000000008df00000|  0%| F|  |TAMS 0x000000008de00000, 0x000000008de00000| Untracked 
| 183|0x000000008df00000, 0x000000008df00000, 0x000000008e000000|  0%| F|  |TAMS 0x000000008df00000, 0x000000008df00000| Untracked 
| 184|0x000000008e000000, 0x000000008e000000, 0x000000008e100000|  0%| F|  |TAMS 0x000000008e000000, 0x000000008e000000| Untracked 
| 185|0x000000008e100000, 0x000000008e100000, 0x000000008e200000|  0%| F|  |TAMS 0x000000008e100000, 0x000000008e100000| Untracked 
| 186|0x000000008e200000, 0x000000008e200000, 0x000000008e300000|  0%| F|  |TAMS 0x000000008e200000, 0x000000008e200000| Untracked 
| 187|0x000000008e300000, 0x000000008e300000, 0x000000008e400000|  0%| F|  |TAMS 0x000000008e300000, 0x000000008e300000| Untracked 
| 188|0x000000008e400000, 0x000000008e400000, 0x000000008e500000|  0%| F|  |TAMS 0x000000008e400000, 0x000000008e400000| Untracked 
| 189|0x000000008e500000, 0x000000008e500000, 0x000000008e600000|  0%| F|  |TAMS 0x000000008e500000, 0x000000008e500000| Untracked 
| 190|0x000000008e600000, 0x000000008e600000, 0x000000008e700000|  0%| F|  |TAMS 0x000000008e600000, 0x000000008e600000| Untracked 
| 191|0x000000008e700000, 0x000000008e700000, 0x000000008e800000|  0%| F|  |TAMS 0x000000008e700000, 0x000000008e700000| Untracked 
| 192|0x000000008e800000, 0x000000008e800000, 0x000000008e900000|  0%| F|  |TAMS 0x000000008e800000, 0x000000008e800000| Untracked 
| 193|0x000000008e900000, 0x000000008e900000, 0x000000008ea00000|  0%| F|  |TAMS 0x000000008e900000, 0x000000008e900000| Untracked 
| 194|0x000000008ea00000, 0x000000008ea00000, 0x000000008eb00000|  0%| F|  |TAMS 0x000000008ea00000, 0x000000008ea00000| Untracked 
| 195|0x000000008eb00000, 0x000000008eb00000, 0x000000008ec00000|  0%| F|  |TAMS 0x000000008eb00000, 0x000000008eb00000| Untracked 
| 196|0x000000008ec00000, 0x000000008ec00000, 0x000000008ed00000|  0%| F|  |TAMS 0x000000008ec00000, 0x000000008ec00000| Untracked 
| 197|0x000000008ed00000, 0x000000008ed00000, 0x000000008ee00000|  0%| F|  |TAMS 0x000000008ed00000, 0x000000008ed00000| Untracked 
| 198|0x000000008ee00000, 0x000000008ee00000, 0x000000008ef00000|  0%| F|  |TAMS 0x000000008ee00000, 0x000000008ee00000| Untracked 
| 199|0x000000008ef00000, 0x000000008ef00000, 0x000000008f000000|  0%| F|  |TAMS 0x000000008ef00000, 0x000000008ef00000| Untracked 
| 200|0x000000008f000000, 0x000000008f000000, 0x000000008f100000|  0%| F|  |TAMS 0x000000008f000000, 0x000000008f000000| Untracked 
| 201|0x000000008f100000, 0x000000008f100000, 0x000000008f200000|  0%| F|  |TAMS 0x000000008f100000, 0x000000008f100000| Untracked 
| 202|0x000000008f200000, 0x000000008f200000, 0x000000008f300000|  0%| F|  |TAMS 0x000000008f200000, 0x000000008f200000| Untracked 
| 203|0x000000008f300000, 0x000000008f300000, 0x000000008f400000|  0%| F|  |TAMS 0x000000008f300000, 0x000000008f300000| Untracked 
| 204|0x000000008f400000, 0x000000008f4f5338, 0x000000008f500000| 95%| S|CS|TAMS 0x000000008f400000, 0x000000008f400000| Complete 
| 205|0x000000008f500000, 0x000000008f600000, 0x000000008f600000|100%| S|CS|TAMS 0x000000008f500000, 0x000000008f500000| Complete 
| 206|0x000000008f600000, 0x000000008f700000, 0x000000008f700000|100%| S|CS|TAMS 0x000000008f600000, 0x000000008f600000| Complete 
| 207|0x000000008f700000, 0x000000008f800000, 0x000000008f800000|100%| S|CS|TAMS 0x000000008f700000, 0x000000008f700000| Complete 
| 208|0x000000008f800000, 0x000000008f800000, 0x000000008f900000|  0%| F|  |TAMS 0x000000008f800000, 0x000000008f800000| Untracked 
| 209|0x000000008f900000, 0x000000008f900000, 0x000000008fa00000|  0%| F|  |TAMS 0x000000008f900000, 0x000000008f900000| Untracked 
| 210|0x000000008fa00000, 0x000000008fa00000, 0x000000008fb00000|  0%| F|  |TAMS 0x000000008fa00000, 0x000000008fa00000| Untracked 

Card table byte_map: [0x00000270f3cc0000,0x00000270f40b0000] _byte_map_base: 0x00000270f38ac000

Marking Bits (Prev, Next): (CMBitMap*) 0x00000270dcb196d0, (CMBitMap*) 0x00000270dcb19690
 Prev Bits: [0x00000270f6400000, 0x00000270f8360000)
 Next Bits: [0x00000270f44a0000, 0x00000270f6400000)

Polling page: 0x00000270daa50000

Metaspace:

Usage:
  Non-class:     17.75 MB used.
      Class:      2.23 MB used.
       Both:     19.98 MB used.

Virtual space:
  Non-class space:       24.00 MB reserved,      17.88 MB ( 74%) committed,  3 nodes.
      Class space:        1.00 GB reserved,       2.31 MB ( <1%) committed,  1 nodes.
             Both:        1.02 GB reserved,      20.19 MB (  2%) committed. 

Chunk freelists:
   Non-Class:  2.14 MB
       Class:  1.69 MB
        Both:  3.83 MB

MaxMetaspaceSize: unlimited
CompressedClassSpaceSize: 1.00 GB
Initial GC threshold: 21.00 MB
Current GC threshold: 33.56 MB
CDS: on
MetaspaceReclaimPolicy: balanced
 - commit_granule_bytes: 65536.
 - commit_granule_words: 8192.
 - virtual_space_node_default_size: 1048576.
 - enlarge_chunks_in_place: 1.
 - new_chunks_are_fully_committed: 0.
 - uncommit_free_chunks: 1.
 - use_allocation_guard: 0.
 - handle_deallocations: 1.


Internal statistics:

num_allocs_failed_limit: 0.
num_arena_births: 172.
num_arena_deaths: 0.
num_vsnodes_births: 4.
num_vsnodes_deaths: 0.
num_space_committed: 323.
num_space_uncommitted: 0.
num_chunks_returned_to_freelist: 0.
num_chunks_taken_from_freelist: 401.
num_chunk_merges: 0.
num_chunk_splits: 231.
num_chunks_enlarged: 115.
num_purges: 0.
num_inconsistent_stats: 0.

CodeHeap 'non-profiled nmethods': size=120000Kb used=1499Kb max_used=1499Kb free=118501Kb
 bounds [0x00000270ec070000, 0x00000270ec2e0000, 0x00000270f35a0000]
CodeHeap 'profiled nmethods': size=120000Kb used=7917Kb max_used=7917Kb free=112082Kb
 bounds [0x00000270e4b40000, 0x00000270e5300000, 0x00000270ec070000]
CodeHeap 'non-nmethods': size=5760Kb used=1392Kb max_used=1443Kb free=4367Kb
 bounds [0x00000270e45a0000, 0x00000270e4810000, 0x00000270e4b40000]
 total_blobs=4451 nmethods=3710 adapters=652
 compilation: enabled
              stopped_count=0, restarted_count=0
 full_count=0

Compilation events (20 events):
Event: 73.821 Thread 0x00000270faddd470 3716       3       sun.awt.image.SunWritableRaster::stealData (11 bytes)
Event: 73.821 Thread 0x00000270faddd470 nmethod 3716 0x00000270e52f1310 code [0x00000270e52f14c0, 0x00000270e52f1698]
Event: 73.821 Thread 0x00000270faddd470 3717       3       java.awt.image.DataBuffer$1::getData (7 bytes)
Event: 73.821 Thread 0x00000270faddd470 nmethod 3717 0x00000270e52f1810 code [0x00000270e52f19a0, 0x00000270e52f1ad8]
Event: 73.843 Thread 0x00000270faddd470 3718       3       java.util.Calendar::setFieldsComputed (118 bytes)
Event: 73.843 Thread 0x00000270faddd470 nmethod 3718 0x00000270e52f1c10 code [0x00000270e52f1de0, 0x00000270e52f2258]
Event: 73.843 Thread 0x00000270faddd470 3720       3       java.text.SimpleDateFormat::subFormat (1264 bytes)
Event: 73.849 Thread 0x00000270faddd470 nmethod 3720 0x00000270e52f2510 code [0x00000270e52f2de0, 0x00000270e52f9218]
Event: 73.849 Thread 0x00000270faddd470 3719       1       sun.util.calendar.CalendarDate::setLeapYear (6 bytes)
Event: 73.849 Thread 0x00000270faddd470 nmethod 3719 0x00000270ec1e5a10 code [0x00000270ec1e5ba0, 0x00000270ec1e5c78]
Event: 73.849 Thread 0x00000270faddd470 3721       1       java.awt.image.Raster::getNumBands (5 bytes)
Event: 73.849 Thread 0x00000270faddd470 nmethod 3721 0x00000270ec1e5d10 code [0x00000270ec1e5ea0, 0x00000270ec1e5f78]
Event: 73.872 Thread 0x00000270faddd470 3722       1       sun.util.calendar.CalendarDate::setDayOfWeek (6 bytes)
Event: 73.873 Thread 0x00000270faddd470 nmethod 3722 0x00000270ec1e6010 code [0x00000270ec1e61a0, 0x00000270ec1e6278]
Event: 73.874 Thread 0x00000270faddd470 3723       1       java.awt.image.SampleModel::getWidth (5 bytes)
Event: 73.874 Thread 0x00000270faddd470 nmethod 3723 0x00000270ec1e6310 code [0x00000270ec1e64a0, 0x00000270ec1e6578]
Event: 73.874 Thread 0x00000270faddd470 3724       1       java.awt.image.SampleModel::getHeight (5 bytes)
Event: 73.874 Thread 0x00000270faddd470 nmethod 3724 0x00000270ec1e6610 code [0x00000270ec1e67a0, 0x00000270ec1e6878]
Event: 73.875 Thread 0x00000270faddd470 3725       1       java.awt.image.DataBuffer::getNumBanks (5 bytes)
Event: 73.875 Thread 0x00000270faddd470 nmethod 3725 0x00000270ec1e6910 code [0x00000270ec1e6aa0, 0x00000270ec1e6b78]

GC Heap History (20 events):
Event: 54.824 GC heap after
{Heap after GC invocations=5 (full 0):
 garbage-first heap   total 129024K, used 58996K [0x0000000082800000, 0x0000000100000000)
  region size 1024K, 1 young (1024K), 1 survivors (1024K)
 Metaspace       used 19515K, committed 19776K, reserved 1073152K
  class space    used 2194K, committed 2304K, reserved 1048576K
}
Event: 54.836 GC heap before
{Heap before GC invocations=6 (full 0):
 garbage-first heap   total 129024K, used 64116K [0x0000000082800000, 0x0000000100000000)
  region size 1024K, 5 young (5120K), 1 survivors (1024K)
 Metaspace       used 19515K, committed 19776K, reserved 1073152K
  class space    used 2194K, committed 2304K, reserved 1048576K
}
Event: 54.837 GC heap after
{Heap after GC invocations=7 (full 0):
 garbage-first heap   total 129024K, used 60736K [0x0000000082800000, 0x0000000100000000)
  region size 1024K, 1 young (1024K), 1 survivors (1024K)
 Metaspace       used 19515K, committed 19776K, reserved 1073152K
  class space    used 2194K, committed 2304K, reserved 1048576K
}
Event: 57.363 GC heap before
{Heap before GC invocations=8 (full 0):
 garbage-first heap   total 129024K, used 59712K [0x0000000082800000, 0x0000000100000000)
  region size 1024K, 5 young (5120K), 1 survivors (1024K)
 Metaspace       used 19825K, committed 20096K, reserved 1073152K
  class space    used 2226K, committed 2368K, reserved 1048576K
}
Event: 57.364 GC heap after
{Heap after GC invocations=9 (full 0):
 garbage-first heap   total 129024K, used 57073K [0x0000000082800000, 0x0000000100000000)
  region size 1024K, 1 young (1024K), 1 survivors (1024K)
 Metaspace       used 19825K, committed 20096K, reserved 1073152K
  class space    used 2226K, committed 2368K, reserved 1048576K
}
Event: 63.980 GC heap before
{Heap before GC invocations=9 (full 0):
 garbage-first heap   total 129024K, used 68337K [0x0000000082800000, 0x0000000100000000)
  region size 1024K, 13 young (13312K), 1 survivors (1024K)
 Metaspace       used 20146K, committed 20416K, reserved 1073152K
  class space    used 2257K, committed 2368K, reserved 1048576K
}
Event: 63.982 GC heap after
{Heap after GC invocations=10 (full 0):
 garbage-first heap   total 129024K, used 61674K [0x0000000082800000, 0x0000000100000000)
  region size 1024K, 5 young (5120K), 5 survivors (5120K)
 Metaspace       used 20146K, committed 20416K, reserved 1073152K
  class space    used 2257K, committed 2368K, reserved 1048576K
}
Event: 64.004 GC heap before
{Heap before GC invocations=11 (full 0):
 garbage-first heap   total 129024K, used 68842K [0x0000000082800000, 0x0000000100000000)
  region size 1024K, 9 young (9216K), 5 survivors (5120K)
 Metaspace       used 20197K, committed 20480K, reserved 1073152K
  class space    used 2261K, committed 2368K, reserved 1048576K
}
Event: 64.044 GC heap after
{Heap after GC invocations=12 (full 0):
 garbage-first heap   total 216064K, used 65157K [0x0000000082800000, 0x0000000100000000)
  region size 1024K, 3 young (3072K), 3 survivors (3072K)
 Metaspace       used 20197K, committed 20480K, reserved 1073152K
  class space    used 2261K, committed 2368K, reserved 1048576K
}
Event: 73.725 GC heap before
{Heap before GC invocations=12 (full 0):
 garbage-first heap   total 216064K, used 136837K [0x0000000082800000, 0x0000000100000000)
  region size 1024K, 41 young (41984K), 3 survivors (3072K)
 Metaspace       used 20437K, committed 20608K, reserved 1073152K
  class space    used 2288K, committed 2368K, reserved 1048576K
}
Event: 73.727 GC heap after
{Heap after GC invocations=13 (full 0):
 garbage-first heap   total 216064K, used 99912K [0x0000000082800000, 0x0000000100000000)
  region size 1024K, 4 young (4096K), 4 survivors (4096K)
 Metaspace       used 20437K, committed 20608K, reserved 1073152K
  class space    used 2288K, committed 2368K, reserved 1048576K
}
Event: 73.781 GC heap before
{Heap before GC invocations=13 (full 0):
 garbage-first heap   total 216064K, used 105032K [0x0000000082800000, 0x0000000100000000)
  region size 1024K, 8 young (8192K), 4 survivors (4096K)
 Metaspace       used 20437K, committed 20608K, reserved 1073152K
  class space    used 2288K, committed 2368K, reserved 1048576K
}
Event: 73.783 GC heap after
{Heap after GC invocations=14 (full 0):
 garbage-first heap   total 216064K, used 102088K [0x0000000082800000, 0x0000000100000000)
  region size 1024K, 5 young (5120K), 5 survivors (5120K)
 Metaspace       used 20437K, committed 20608K, reserved 1073152K
  class space    used 2288K, committed 2368K, reserved 1048576K
}
Event: 73.819 GC heap before
{Heap before GC invocations=15 (full 0):
 garbage-first heap   total 216064K, used 119496K [0x0000000082800000, 0x0000000100000000)
  region size 1024K, 15 young (15360K), 5 survivors (5120K)
 Metaspace       used 20437K, committed 20608K, reserved 1073152K
  class space    used 2288K, committed 2368K, reserved 1048576K
}
Event: 73.820 GC heap after
{Heap after GC invocations=16 (full 0):
 garbage-first heap   total 216064K, used 110198K [0x0000000082800000, 0x0000000100000000)
  region size 1024K, 4 young (4096K), 4 survivors (4096K)
 Metaspace       used 20437K, committed 20608K, reserved 1073152K
  class space    used 2288K, committed 2368K, reserved 1048576K
}
Event: 73.844 GC heap before
{Heap before GC invocations=17 (full 0):
 garbage-first heap   total 216064K, used 114294K [0x0000000082800000, 0x0000000100000000)
  region size 1024K, 7 young (7168K), 4 survivors (4096K)
 Metaspace       used 20457K, committed 20672K, reserved 1073152K
  class space    used 2288K, committed 2368K, reserved 1048576K
}
Event: 73.845 GC heap after
{Heap after GC invocations=18 (full 0):
 garbage-first heap   total 216064K, used 112228K [0x0000000082800000, 0x0000000100000000)
  region size 1024K, 4 young (4096K), 4 survivors (4096K)
 Metaspace       used 20457K, committed 20672K, reserved 1073152K
  class space    used 2288K, committed 2368K, reserved 1048576K
}
Event: 73.873 GC heap before
{Heap before GC invocations=19 (full 0):
 garbage-first heap   total 216064K, used 129636K [0x0000000082800000, 0x0000000100000000)
  region size 1024K, 14 young (14336K), 4 survivors (4096K)
 Metaspace       used 20460K, committed 20672K, reserved 1073152K
  class space    used 2288K, committed 2368K, reserved 1048576K
}
Event: 73.874 GC heap after
{Heap after GC invocations=20 (full 0):
 garbage-first heap   total 216064K, used 120445K [0x0000000082800000, 0x0000000100000000)
  region size 1024K, 4 young (4096K), 4 survivors (4096K)
 Metaspace       used 20460K, committed 20672K, reserved 1073152K
  class space    used 2288K, committed 2368K, reserved 1048576K
}
Event: 73.904 GC heap before
{Heap before GC invocations=21 (full 0):
 garbage-first heap   total 216064K, used 124541K [0x0000000082800000, 0x0000000100000000)
  region size 1024K, 7 young (7168K), 4 survivors (4096K)
 Metaspace       used 20460K, committed 20672K, reserved 1073152K
  class space    used 2288K, committed 2368K, reserved 1048576K
}

Deoptimization events (20 events):
Event: 61.818 Thread 0x00000270fc6e0500 DEOPT PACKING pc=0x00000270e4fa7d55 sp=0x000000db708fcc10
Event: 61.818 Thread 0x00000270fc6e0500 DEOPT UNPACKING pc=0x00000270e45f2b43 sp=0x000000db708fc098 mode 0
Event: 67.684 Thread 0x00000270fc6e0500 Uncommon trap: trap_request=0xffffffde fr.pc=0x00000270ec16f1d8 relative=0x0000000000005158
Event: 67.684 Thread 0x00000270fc6e0500 Uncommon trap: reason=class_check action=maybe_recompile pc=0x00000270ec16f1d8 method=java.awt.EventQueue.coalesceEvent(Ljava/awt/AWTEvent;I)Z @ 61 c2
Event: 67.684 Thread 0x00000270fc6e0500 DEOPT PACKING pc=0x00000270ec16f1d8 sp=0x000000db708fef00
Event: 67.684 Thread 0x00000270fc6e0500 DEOPT UNPACKING pc=0x00000270e45f23a3 sp=0x000000db708fed40 mode 2
Event: 69.176 Thread 0x00000270fc6e0500 Uncommon trap: trap_request=0xffffffde fr.pc=0x00000270ec16f1d8 relative=0x0000000000005158
Event: 69.176 Thread 0x00000270fc6e0500 Uncommon trap: reason=class_check action=maybe_recompile pc=0x00000270ec16f1d8 method=java.awt.EventQueue.coalesceEvent(Ljava/awt/AWTEvent;I)Z @ 61 c2
Event: 69.176 Thread 0x00000270fc6e0500 DEOPT PACKING pc=0x00000270ec16f1d8 sp=0x000000db708fef00
Event: 69.176 Thread 0x00000270fc6e0500 DEOPT UNPACKING pc=0x00000270e45f23a3 sp=0x000000db708fed40 mode 2
Event: 69.368 Thread 0x00000270fc6e0500 Uncommon trap: trap_request=0xffffff45 fr.pc=0x00000270ec1745a4 relative=0x00000000000000a4
Event: 69.368 Thread 0x00000270fc6e0500 Uncommon trap: reason=unstable_if action=reinterpret pc=0x00000270ec1745a4 method=java.awt.EventQueue.eventToCacheIndex(Ljava/awt/AWTEvent;)I @ 4 c2
Event: 69.368 Thread 0x00000270fc6e0500 DEOPT PACKING pc=0x00000270ec1745a4 sp=0x000000db708feed0
Event: 69.368 Thread 0x00000270fc6e0500 DEOPT UNPACKING pc=0x00000270e45f23a3 sp=0x000000db708fee68 mode 2
Event: 69.368 Thread 0x00000270fc6e0500 Uncommon trap: trap_request=0xffffff45 fr.pc=0x00000270ec16e98c relative=0x000000000000490c
Event: 69.368 Thread 0x00000270fc6e0500 Uncommon trap: reason=unstable_if action=reinterpret pc=0x00000270ec16e98c method=java.awt.EventQueue.eventToCacheIndex(Ljava/awt/AWTEvent;)I @ 4 c2
Event: 69.368 Thread 0x00000270fc6e0500 DEOPT PACKING pc=0x00000270ec16e98c sp=0x000000db708fef00
Event: 69.368 Thread 0x00000270fc6e0500 DEOPT UNPACKING pc=0x00000270e45f23a3 sp=0x000000db708fece0 mode 2
Event: 70.488 Thread 0x00000270fc6e0500 DEOPT PACKING pc=0x00000270e50a4943 sp=0x000000db708fcf80
Event: 70.488 Thread 0x00000270fc6e0500 DEOPT UNPACKING pc=0x00000270e45f2b43 sp=0x000000db708fc418 mode 0

Classes unloaded (0 events):
No events

Classes redefined (0 events):
No events

Internal exceptions (20 events):
Event: 0.561 Thread 0x00000270fc6e0500 Exception <a 'sun/java2d/InvalidPipeException'{0x00000000898264f8}: GDIWindowSurfaceData: bounds changed> (0x00000000898264f8) 
thrown [s\src\hotspot\share\prims\jni.cpp, line 535]
Event: 5.435 Thread 0x00000270fc71c180 Implicit null exception at 0x00000270ec0a2a8d to 0x00000270ec0a3230
Event: 14.553 Thread 0x00000270fc6e0500 Implicit null exception at 0x00000270ec0d6203 to 0x00000270ec0d6274
Event: 14.572 Thread 0x00000270fc6e0500 Exception <a 'java/lang/NoSuchMethodError'{0x00000000898830f0}: 'java.lang.Object java.lang.invoke.DirectMethodHandle$Holder.invokeInterface(java.lang.Object, java.lang.Object)'> (0x00000000898830f0) 
thrown [s\src\hotspot\share\interpreter\linkResolver.cpp, line 759]
Event: 14.591 Thread 0x00000270fc6e0500 Exception <a 'java/lang/NoSuchMethodError'{0x0000000089700dc0}: 'void java.lang.invoke.DirectMethodHandle$Holder.invokeStatic(java.lang.Object, java.lang.Object, java.lang.Object)'> (0x0000000089700dc0) 
thrown [s\src\hotspot\share\interpreter\linkResolver.cpp, line 759]
Event: 14.592 Thread 0x00000270fc6e0500 Exception <a 'java/lang/NoSuchMethodError'{0x000000008970af38}: 'java.lang.Object java.lang.invoke.DirectMethodHandle$Holder.invokeVirtual(java.lang.Object, java.lang.Object, java.lang.Object)'> (0x000000008970af38) 
thrown [s\src\hotspot\share\interpreter\linkResolver.cpp, line 759]
Event: 14.657 Thread 0x00000270fc6e0500 Exception <a 'java/lang/NoSuchMethodError'{0x000000008940ca68}: 'void java.lang.invoke.DirectMethodHandle$Holder.invokeStatic(java.lang.Object, java.lang.Object)'> (0x000000008940ca68) 
thrown [s\src\hotspot\share\interpreter\linkResolver.cpp, line 759]
Event: 14.724 Thread 0x00000270fc6e0500 Exception <a 'java/lang/NoSuchMethodError'{0x000000008939fb78}: 'void java.lang.invoke.DirectMethodHandle$Holder.invokeStaticInit(java.lang.Object, java.lang.Object)'> (0x000000008939fb78) 
thrown [s\src\hotspot\share\interpreter\linkResolver.cpp, line 759]
Event: 14.767 Thread 0x00000270fc6e0500 Exception <a 'sun/nio/fs/WindowsException'{0x00000000892c56a0}> (0x00000000892c56a0) 
thrown [s\src\hotspot\share\prims\jni.cpp, line 516]
Event: 14.795 Thread 0x00000270fc6e0500 Exception <a 'java/lang/NoSuchMethodError'{0x00000000892e9788}: 'int java.lang.invoke.DirectMethodHandle$Holder.invokeStaticInit(java.lang.Object, java.lang.Object, java.lang.Object, java.lang.Object)'> (0x00000000892e9788) 
thrown [s\src\hotspot\share\interpreter\linkResolver.cpp, line 759]
Event: 14.796 Thread 0x00000270fc6e0500 Exception <a 'java/lang/IncompatibleClassChangeError'{0x00000000892f2c18}: Found class java.lang.Object, but interface was expected> (0x00000000892f2c18) 
thrown [s\src\hotspot\share\interpreter\linkResolver.cpp, line 826]
Event: 14.796 Thread 0x00000270fc6e0500 Exception <a 'java/lang/NoSuchMethodError'{0x00000000892f8388}: 'int java.lang.invoke.DirectMethodHandle$Holder.invokeStaticInit(java.lang.Object, java.lang.Object)'> (0x00000000892f8388) 
thrown [s\src\hotspot\share\interpreter\linkResolver.cpp, line 759]
Event: 14.834 Thread 0x00000270fc6e0500 Exception <a 'java/lang/NoSuchMethodError'{0x0000000089049008}: 'java.lang.Object java.lang.invoke.DirectMethodHandle$Holder.invokeStaticInit(java.lang.Object, int, int, int, int)'> (0x0000000089049008) 
thrown [s\src\hotspot\share\interpreter\linkResolver.cpp, line 759]
Event: 14.876 Thread 0x00000270fc6e0500 Exception <a 'java/lang/NoSuchMethodError'{0x00000000890fa210}: 'java.lang.Object java.lang.invoke.DirectMethodHandle$Holder.invokeStaticInit(java.lang.Object, java.lang.Object, int, int, int, int)'> (0x00000000890fa210) 
thrown [s\src\hotspot\share\interpreter\linkResolver.cpp, line 759]
Event: 15.039 Thread 0x00000270fc6e0500 Implicit null exception at 0x00000270ec119871 to 0x00000270ec119a2c
Event: 15.226 Thread 0x00000270fc6e0500 Exception <a 'java/lang/NoSuchMethodError'{0x0000000088c4a758}: 'int java.lang.invoke.DirectMethodHandle$Holder.invokeStatic(java.lang.Object)'> (0x0000000088c4a758) 
thrown [s\src\hotspot\share\interpreter\linkResolver.cpp, line 759]
Event: 52.327 Thread 0x00000270fc71e330 Implicit null exception at 0x00000270ec15d692 to 0x00000270ec1602d5
Event: 52.344 Thread 0x00000270fc71e330 Implicit null exception at 0x00000270ec15d692 to 0x00000270ec1602d5
Event: 57.363 Thread 0x00000270fc71e330 Implicit null exception at 0x00000270ec15d692 to 0x00000270ec1602d5
Event: 57.368 Thread 0x00000270fc71e330 Implicit null exception at 0x00000270ec15d692 to 0x00000270ec1602d5

VM Operations (20 events):
Event: 73.792 Executing VM operation: G1Concurrent done
Event: 73.819 Executing VM operation: G1TryInitiateConcMark
Event: 73.820 Executing VM operation: G1TryInitiateConcMark done
Event: 73.826 Executing VM operation: G1Concurrent
Event: 73.827 Executing VM operation: G1Concurrent done
Event: 73.829 Executing VM operation: G1Concurrent
Event: 73.829 Executing VM operation: G1Concurrent done
Event: 73.844 Executing VM operation: G1TryInitiateConcMark
Event: 73.845 Executing VM operation: G1TryInitiateConcMark done
Event: 73.851 Executing VM operation: G1Concurrent
Event: 73.852 Executing VM operation: G1Concurrent done
Event: 73.854 Executing VM operation: G1Concurrent
Event: 73.854 Executing VM operation: G1Concurrent done
Event: 73.873 Executing VM operation: G1TryInitiateConcMark
Event: 73.874 Executing VM operation: G1TryInitiateConcMark done
Event: 73.879 Executing VM operation: G1Concurrent
Event: 73.880 Executing VM operation: G1Concurrent done
Event: 73.882 Executing VM operation: G1Concurrent
Event: 73.882 Executing VM operation: G1Concurrent done
Event: 73.904 Executing VM operation: G1TryInitiateConcMark

Events (20 events):
Event: 67.644 loading class sun/awt/windows/WFontMetrics
Event: 67.644 loading class sun/awt/windows/WFontMetrics done
Event: 67.653 loading class sun/awt/PlatformFont$PlatformFontCache
Event: 67.653 loading class sun/awt/PlatformFont$PlatformFontCache done
Event: 67.653 loading class sun/nio/cs/UTF_16LE$Encoder
Event: 67.653 loading class sun/nio/cs/UnicodeEncoder
Event: 67.654 loading class sun/nio/cs/UnicodeEncoder done
Event: 67.654 loading class sun/nio/cs/UTF_16LE$Encoder done
Event: 67.654 loading class sun/nio/cs/UTF_16LE$Decoder
Event: 67.654 loading class sun/nio/cs/UTF_16LE$Decoder done
Event: 67.654 loading class sun/nio/cs/Surrogate$Parser
Event: 67.654 loading class sun/nio/cs/Surrogate$Parser done
Event: 67.654 loading class sun/nio/cs/Surrogate
Event: 67.655 loading class sun/nio/cs/Surrogate done
Event: 67.664 loading class sun/awt/windows/WChoicePeer$1
Event: 67.664 loading class sun/awt/windows/WChoicePeer$1 done
Event: 67.679 loading class javax/swing/SwingHeavyWeight
Event: 67.680 loading class javax/swing/SwingHeavyWeight done
Event: 67.709 loading class java/awt/Event
Event: 67.710 loading class java/awt/Event done


Dynamic libraries:
0x00007ff7421b0000 - 0x00007ff7421be000 	C:\Users\91839\AppData\Local\Programs\Eclipse Adoptium\jdk-17.0.4.101-hotspot\bin\java.exe
0x00007ff8ba8f0000 - 0x00007ff8bab04000 	C:\WINDOWS\SYSTEM32\ntdll.dll
0x00007ff8b9090000 - 0x00007ff8b9152000 	C:\WINDOWS\System32\KERNEL32.DLL
0x00007ff8b7ef0000 - 0x00007ff8b828c000 	C:\WINDOWS\System32\KERNELBASE.dll
0x00007ff8b7d30000 - 0x00007ff8b7e41000 	C:\WINDOWS\System32\ucrtbase.dll
0x00007ff8b0290000 - 0x00007ff8b02a9000 	C:\Users\91839\AppData\Local\Programs\Eclipse Adoptium\jdk-17.0.4.101-hotspot\bin\VCRUNTIME140.dll
0x00007ff8a3e70000 - 0x00007ff8a3e88000 	C:\Users\91839\AppData\Local\Programs\Eclipse Adoptium\jdk-17.0.4.101-hotspot\bin\jli.dll
0x00007ff8b8800000 - 0x00007ff8b89ab000 	C:\WINDOWS\System32\USER32.dll
0x00007ff8a7720000 - 0x00007ff8a79ae000 	C:\WINDOWS\WinSxS\amd64_microsoft.windows.common-controls_6595b64144ccf1df_6.0.22621.608_none_a9444ca7c10bb01d\COMCTL32.dll
0x00007ff8b8350000 - 0x00007ff8b8376000 	C:\WINDOWS\System32\win32u.dll
0x00007ff8b99b0000 - 0x00007ff8b9a57000 	C:\WINDOWS\System32\msvcrt.dll
0x00007ff8b8be0000 - 0x00007ff8b8c09000 	C:\WINDOWS\System32\GDI32.dll
0x00007ff8b85e0000 - 0x00007ff8b86f3000 	C:\WINDOWS\System32\gdi32full.dll
0x00007ff8b7e50000 - 0x00007ff8b7eea000 	C:\WINDOWS\System32\msvcp_win.dll
0x00007ff8b9b10000 - 0x00007ff8b9b41000 	C:\WINDOWS\System32\IMM32.DLL
0x00007ff8b4cc0000 - 0x00007ff8b4ccc000 	C:\Users\91839\AppData\Local\Programs\Eclipse Adoptium\jdk-17.0.4.101-hotspot\bin\vcruntime140_1.dll
0x00007ff874910000 - 0x00007ff8749a1000 	C:\Users\91839\AppData\Local\Programs\Eclipse Adoptium\jdk-17.0.4.101-hotspot\bin\msvcp140.dll
0x00007ff867760000 - 0x00007ff8683a6000 	C:\Users\91839\AppData\Local\Programs\Eclipse Adoptium\jdk-17.0.4.101-hotspot\bin\server\jvm.dll
0x00007ff8b8f50000 - 0x00007ff8b8ffe000 	C:\WINDOWS\System32\ADVAPI32.dll
0x00007ff8b94e0000 - 0x00007ff8b9584000 	C:\WINDOWS\System32\sechost.dll
0x00007ff8b9160000 - 0x00007ff8b9277000 	C:\WINDOWS\System32\RPCRT4.dll
0x00007ff8b9b60000 - 0x00007ff8b9b68000 	C:\WINDOWS\System32\PSAPI.DLL
0x00007ff8b01d0000 - 0x00007ff8b0204000 	C:\WINDOWS\SYSTEM32\WINMM.dll
0x00007ff896d00000 - 0x00007ff896d09000 	C:\WINDOWS\SYSTEM32\WSOCK32.dll
0x00007ff8b1470000 - 0x00007ff8b147a000 	C:\WINDOWS\SYSTEM32\VERSION.dll
0x00007ff8b9010000 - 0x00007ff8b9081000 	C:\WINDOWS\System32\WS2_32.dll
0x00007ff8b6e30000 - 0x00007ff8b6e48000 	C:\WINDOWS\SYSTEM32\kernel.appcore.dll
0x00007ff8b4c80000 - 0x00007ff8b4c8a000 	C:\Users\91839\AppData\Local\Programs\Eclipse Adoptium\jdk-17.0.4.101-hotspot\bin\jimage.dll
0x00007ff8b56d0000 - 0x00007ff8b58fe000 	C:\WINDOWS\SYSTEM32\DBGHELP.DLL
0x00007ff8b9610000 - 0x00007ff8b9999000 	C:\WINDOWS\System32\combase.dll
0x00007ff8b9380000 - 0x00007ff8b9457000 	C:\WINDOWS\System32\OLEAUT32.dll
0x00007ff89c3b0000 - 0x00007ff89c3e2000 	C:\WINDOWS\SYSTEM32\dbgcore.DLL
0x00007ff8b8560000 - 0x00007ff8b85db000 	C:\WINDOWS\System32\bcryptPrimitives.dll
0x00007ff8a7ba0000 - 0x00007ff8a7bc5000 	C:\Users\91839\AppData\Local\Programs\Eclipse Adoptium\jdk-17.0.4.101-hotspot\bin\java.dll
0x00007ff8749b0000 - 0x00007ff874a86000 	C:\Users\91839\AppData\Local\Programs\Eclipse Adoptium\jdk-17.0.4.101-hotspot\bin\jsvml.dll
0x00007ff8b9b70000 - 0x00007ff8ba360000 	C:\WINDOWS\System32\SHELL32.dll
0x00007ff8b5d00000 - 0x00007ff8b65cd000 	C:\WINDOWS\SYSTEM32\windows.storage.dll
0x00007ff8b5bc0000 - 0x00007ff8b5cfe000 	C:\WINDOWS\SYSTEM32\wintypes.dll
0x00007ff8b9280000 - 0x00007ff8b9371000 	C:\WINDOWS\System32\SHCORE.dll
0x00007ff8b95b0000 - 0x00007ff8b960e000 	C:\WINDOWS\System32\shlwapi.dll
0x00007ff8b7c60000 - 0x00007ff8b7c81000 	C:\WINDOWS\SYSTEM32\profapi.dll
0x00007ff8a7e00000 - 0x00007ff8a7e19000 	C:\Users\91839\AppData\Local\Programs\Eclipse Adoptium\jdk-17.0.4.101-hotspot\bin\net.dll
0x00007ff8b1130000 - 0x00007ff8b1267000 	C:\WINDOWS\SYSTEM32\WINHTTP.dll
0x00007ff8b72a0000 - 0x00007ff8b7309000 	C:\WINDOWS\system32\mswsock.dll
0x00007ff8a55c0000 - 0x00007ff8a55d5000 	C:\Users\91839\AppData\Local\Programs\Eclipse Adoptium\jdk-17.0.4.101-hotspot\bin\nio.dll
0x00007ff8a4e40000 - 0x00007ff8a4e58000 	C:\Users\91839\AppData\Local\Programs\Eclipse Adoptium\jdk-17.0.4.101-hotspot\bin\zip.dll
0x00007ff86c0a0000 - 0x00007ff86c22e000 	C:\Users\91839\AppData\Local\Programs\Eclipse Adoptium\jdk-17.0.4.101-hotspot\bin\awt.dll
0x00007ff8b4db0000 - 0x00007ff8b4e46000 	C:\WINDOWS\SYSTEM32\apphelp.dll
0x00007ff8b5180000 - 0x00007ff8b51ab000 	C:\WINDOWS\system32\DWMAPI.DLL
0x00007ff8b4f50000 - 0x00007ff8b4ffb000 	C:\WINDOWS\system32\uxtheme.dll
0x00007ff89dda0000 - 0x00007ff89dea0000 	C:\WINDOWS\system32\opengl32.dll
0x00007ff8a1600000 - 0x00007ff8a162d000 	C:\WINDOWS\SYSTEM32\GLU32.dll
0x00007ff8b5030000 - 0x00007ff8b5066000 	C:\WINDOWS\SYSTEM32\dxcore.dll
0x00007ff8b8e30000 - 0x00007ff8b8f4e000 	C:\WINDOWS\System32\MSCTF.dll
0x00007ff8b89b0000 - 0x00007ff8b8b4c000 	C:\WINDOWS\System32\ole32.dll
0x00007ff8a3c90000 - 0x00007ff8a3cbd000 	C:\Users\91839\AppData\Local\Programs\Eclipse Adoptium\jdk-17.0.4.101-hotspot\bin\javajpeg.dll
0x00007ff88a740000 - 0x00007ff88a7c6000 	C:\Users\91839\AppData\Local\Programs\Eclipse Adoptium\jdk-17.0.4.101-hotspot\bin\freetype.dll
0x00007ff86ee30000 - 0x00007ff86eed8000 	C:\Users\91839\AppData\Local\Programs\Eclipse Adoptium\jdk-17.0.4.101-hotspot\bin\fontmanager.dll
0x00007ff8a3af0000 - 0x00007ff8a3c1e000 	C:\WINDOWS\SYSTEM32\textinputframework.dll
0x00007ff8b4950000 - 0x00007ff8b4a83000 	C:\WINDOWS\SYSTEM32\CoreMessaging.dll
0x00007ff8b1650000 - 0x00007ff8b19bc000 	C:\WINDOWS\SYSTEM32\CoreUIComponents.dll
0x00007ff8b7560000 - 0x00007ff8b756c000 	C:\WINDOWS\SYSTEM32\CRYPTBASE.DLL
0x00007ff8b9a60000 - 0x00007ff8b9b10000 	C:\WINDOWS\System32\clbcatq.dll
0x00007ff8b3200000 - 0x00007ff8b33b0000 	C:\WINDOWS\SYSTEM32\WindowsCodecs.dll
0x00007ff89c150000 - 0x00007ff89c1ae000 	C:\WINDOWS\system32\dataexchange.dll
0x00007ff8af480000 - 0x00007ff8af6ea000 	C:\WINDOWS\system32\twinapi.appcore.dll
0x00007ff8b6900000 - 0x00007ff8b69f3000 	C:\WINDOWS\SYSTEM32\DNSAPI.dll
0x00007ff8b6890000 - 0x00007ff8b68bd000 	C:\WINDOWS\SYSTEM32\IPHLPAPI.DLL
0x00007ff8b99a0000 - 0x00007ff8b99a9000 	C:\WINDOWS\System32\NSI.dll
0x00007ff8a3a60000 - 0x00007ff8a3a6a000 	C:\Windows\System32\rasadhlp.dll
0x00007ff8afac0000 - 0x00007ff8afb43000 	C:\WINDOWS\System32\fwpuclnt.dll
0x00007ff8b7540000 - 0x00007ff8b755b000 	C:\WINDOWS\SYSTEM32\CRYPTSP.dll
0x00007ff8b6da0000 - 0x00007ff8b6dd5000 	C:\WINDOWS\system32\rsaenh.dll
0x00007ff8b73c0000 - 0x00007ff8b73e8000 	C:\WINDOWS\SYSTEM32\USERENV.dll
0x00007ff8b7700000 - 0x00007ff8b7728000 	C:\WINDOWS\SYSTEM32\bcrypt.dll
0x00007ff8b1480000 - 0x00007ff8b1499000 	C:\WINDOWS\SYSTEM32\dhcpcsvc6.DLL
0x00007ff8b1030000 - 0x00007ff8b104f000 	C:\WINDOWS\SYSTEM32\dhcpcsvc.DLL
0x00007ff8a6010000 - 0x00007ff8a601e000 	C:\Users\91839\AppData\Local\Programs\Eclipse Adoptium\jdk-17.0.4.101-hotspot\bin\sunmscapi.dll
0x00007ff8b8380000 - 0x00007ff8b84e6000 	C:\WINDOWS\System32\CRYPT32.dll
0x00007ff8b76d0000 - 0x00007ff8b76fe000 	C:\WINDOWS\SYSTEM32\ncrypt.dll
0x00007ff8b7690000 - 0x00007ff8b76c7000 	C:\WINDOWS\SYSTEM32\NTASN1.dll

dbghelp: loaded successfully - version: 4.0.5 - missing functions: none
symbol engine: initialized successfully - sym options: 0x614 - pdb path: .;C:\Users\91839\AppData\Local\Programs\Eclipse Adoptium\jdk-17.0.4.101-hotspot\bin;C:\WINDOWS\SYSTEM32;C:\WINDOWS\WinSxS\amd64_microsoft.windows.common-controls_6595b64144ccf1df_6.0.22621.608_none_a9444ca7c10bb01d;C:\Users\91839\AppData\Local\Programs\Eclipse Adoptium\jdk-17.0.4.101-hotspot\bin\server

VM Arguments:
jvm_args: -Dfile.encoding=UTF-8 -Djava.security.policy=applet.policy --module-path=C:\Users\91839\Documents\NetBeansProjects\Travel  Management System\build\classes 
java_command: travel.management.system.Splash
java_class_path (initial): C:\Users\91839\Downloads\mysql-connector-java-8.0.28.jar;C:\Users\91839\Documents\NetBeansProjects\Travel  Management System\build\classes
Launcher Type: SUN_STANDARD

[Global flags]
     intx CICompilerCount                          = 4                                         {product} {ergonomic}
     uint ConcGCThreads                            = 2                                         {product} {ergonomic}
     uint G1ConcRefinementThreads                  = 8                                         {product} {ergonomic}
   size_t G1HeapRegionSize                         = 1048576                                   {product} {ergonomic}
    uintx GCDrainStackTargetSize                   = 64                                        {product} {ergonomic}
   size_t InitialHeapSize                          = 132120576                                 {product} {ergonomic}
   size_t MarkStackSize                            = 4194304                                   {product} {ergonomic}
   size_t MaxHeapSize                              = 2105540608                                {product} {ergonomic}
   size_t MaxNewSize                               = 1262485504                                {product} {ergonomic}
   size_t MinHeapDeltaBytes                        = 1048576                                   {product} {ergonomic}
   size_t MinHeapSize                              = 8388608                                   {product} {ergonomic}
    uintx NonNMethodCodeHeapSize                   = 5839372                                {pd product} {ergonomic}
    uintx NonProfiledCodeHeapSize                  = 122909434                              {pd product} {ergonomic}
    uintx ProfiledCodeHeapSize                     = 122909434                              {pd product} {ergonomic}
    uintx ReservedCodeCacheSize                    = 251658240                              {pd product} {ergonomic}
     bool SegmentedCodeCache                       = true                                      {product} {ergonomic}
   size_t SoftMaxHeapSize                          = 2105540608                             {manageable} {ergonomic}
     bool UseCompressedClassPointers               = true                           {product lp64_product} {ergonomic}
     bool UseCompressedOops                        = true                           {product lp64_product} {ergonomic}
     bool UseG1GC                                  = true                                      {product} {ergonomic}
     bool UseLargePagesIndividualAllocation        = false                                  {pd product} {ergonomic}

Logging:
Log output configuration:
 #0: stdout all=warning uptime,level,tags
 #1: stderr all=off uptime,level,tags

Environment Variables:
JAVA_HOME=C:\Users\91839\AppData\Local\Programs\Eclipse Adoptium\jdk-17.0.4.101-hotspot\
PATH=C:\oracle\bin;C:\Python310\Scripts\;C:\Python310\;C:\Windows\system32;C:\Windows;C:\Windows\System32\Wbem;C:\Windows\System32\WindowsPowerShell\v1.0\;C:\Windows\System32\OpenSSH\;C:\Program Files (x86)\NVIDIA Corporation\PhysX\Common;C:\Program Files\NVIDIA Corporation\NVIDIA NvDLISR;C:\MinGW\bin;C:\ProgramData\chocolatey\bin;C:\WINDOWS\system32;C:\WINDOWS;C:\WINDOWS\System32\Wbem;C:\WINDOWS\System32\WindowsPowerShell\v1.0\;C:\WINDOWS\System32\OpenSSH\;C:\Program Files\Git\cmd;C:\Program Files\nodejs\;C:\Users\91839\Downloads\Compressed\sqlite-tools-win32-x86-3390300\sqlite-tools-win32-x86-3390300;;C:\Program Files\Docker\Docker\resources\bin;C:\Program Files\MySQL\MySQL Shell 8.0\bin\;C:\Program Files (x86)\Microsoft Visual Studio\Common\Tools\WinNT;C:\Program Files (x86)\Microsoft Visual Studio\Common\MSDev98\Bin;C:\Program Files (x86)\Microsoft Visual Studio\Common\Tools;C:\Program Files (x86)\Microsoft Visual Studio\VC98\bin;C:\Users\91839\AppData\Local\Programs\Eclipse Adoptium\jdk-17.0.4.101-hotspot\bin;C:\Users\91839\AppData\Local\Microsoft\WindowsApps;C:\Users\91839\AppData\Local\Programs\Microsoft VS Code\bin;C:\Program Files\MongoDB\Server\5.0\bin;C:\src\flutter\flutter\bin;C:\Users\91839\AppData\Roaming\npm;C:\Program Files (x86)\Dr. Memory\bin\;";C:\Users\91839\Downloads\Programs\DrMemory-Windows-2.5.0\bin";C:\Users\91839\AppData\Local\GitHubDesktop\bin
USERNAME=91839
OS=Windows_NT
PROCESSOR_IDENTIFIER=Intel64 Family 6 Model 165 Stepping 2, GenuineIntel
TMP=C:\Users\91839\AppData\Local\Temp
TEMP=C:\Users\91839\AppData\Local\Temp



---------------  S Y S T E M  ---------------

OS:
 Windows 11 , 64 bit Build 22621 (10.0.22621.1485)
OS uptime: 7 days 8:02 hours
Hyper-V role detected

CPU: total 8 (initial active 8) (4 cores per cpu, 2 threads per core) family 6 model 165 stepping 2 microcode 0xe0, cx8, cmov, fxsr, ht, mmx, 3dnowpref, sse, sse2, sse3, ssse3, sse4.1, sse4.2, popcnt, lzcnt, tsc, tscinvbit, avx, avx2, aes, erms, clmul, bmi1, bmi2, adx, fma, vzeroupper, clflush, clflushopt, hv

Memory: 4k page, system-wide physical 8029M (221M free)
TotalPageFile size 32537M (AvailPageFile size 179M)
current process WorkingSet (physical memory assigned to process): 298M, peak: 298M
current process commit charge ("private bytes"): 379M, peak: 702M

vm_info: OpenJDK 64-Bit Server VM (17.0.4.1+1) for windows-amd64 JRE (17.0.4.1+1), built on Aug 17 2022 07:42:43 by "temurin" with MS VC++ 16.7 (VS2019)

END.
