#
# There is insufficient memory for the Java Runtime Environment to continue.
# Native memory allocation (malloc) failed to allocate 234448 bytes for Chunk::new
# Possible reasons:
#   The system is out of physical RAM or swap space
#   The process is running with CompressedOops enabled, and the Java Heap may be blocking the growth of the native heap
# Possible solutions:
#   Reduce memory load on the system
#   Increase physical memory or swap space
#   Check if swap backing store is full
#   Decrease Java heap size (-Xmx/-Xms)
#   Decrease number of Java threads
#   Decrease Java thread stack sizes (-Xss)
#   Set larger code cache with -XX:ReservedCodeCacheSize=
#   JVM is running with Unscaled Compressed Oops mode in which the Java heap is
#     placed in the first 4GB address space. The Java Heap base address is the
#     maximum limit for the native heap growth. Please use -XX:HeapBaseMinAddress
#     to set the Java Heap base and to place the Java Heap above 4GB virtual address.
# This output file may be truncated or incomplete.
#
#  Out of Memory Error (arena.cpp:189), pid=17168, tid=33988
#
# JRE version: OpenJDK Runtime Environment Temurin-17.0.4.1+1 (17.0.4.1+1) (build 17.0.4.1+1)
# Java VM: OpenJDK 64-Bit Server VM Temurin-17.0.4.1+1 (17.0.4.1+1, mixed mode, sharing, tiered, compressed oops, compressed class ptrs, g1 gc, windows-amd64)
# No core dump will be written. Minidumps are not enabled by default on client versions of Windows
#

---------------  S U M M A R Y ------------

Command Line: -Dfile.encoding=UTF-8 -Djava.security.policy=applet.policy --module-path=C:\Users\91839\Documents\NetBeansProjects\Travel  Management System\build\classes travel.management.system.ViewPackage

Host: Intel(R) Core(TM) i5-10300H CPU @ 2.50GHz, 8 cores, 7G,  Windows 11 , 64 bit Build 22621 (10.0.22621.1485)
Time: Fri May 19 00:40:21 2023 India Standard Time elapsed time: 0.540938 seconds (0d 0h 0m 0s)

---------------  T H R E A D  ---------------

Current thread (0x0000013f7d650da0):  JavaThread "C2 CompilerThread1" daemon [_thread_in_native, id=33988, stack(0x0000000101700000,0x0000000101800000)]


Current CompileTask:
C2:    541  900 %     4       java.util.Properties$LineReader::readLine @ 224 (584 bytes)

Stack: [0x0000000101700000,0x0000000101800000]
Native frames: (J=compiled Java code, j=interpreted, Vv=VM code, C=native code)
V  [jvm.dll+0x67731a]
V  [jvm.dll+0x832284]
V  [jvm.dll+0x833a2e]
V  [jvm.dll+0x834093]
V  [jvm.dll+0x245775]
V  [jvm.dll+0xabd7b]
V  [jvm.dll+0xac30c]
V  [jvm.dll+0x363a97]
V  [jvm.dll+0x1bbd52]
V  [jvm.dll+0x2187d9]
V  [jvm.dll+0x217aa1]
V  [jvm.dll+0x1a3f8d]
V  [jvm.dll+0x227498]
V  [jvm.dll+0x2255e5]
V  [jvm.dll+0x7e7e9b]
V  [jvm.dll+0x7e240a]
V  [jvm.dll+0x6761a5]
C  [ucrtbase.dll+0x29363]
C  [KERNEL32.DLL+0x1269d]
C  [ntdll.dll+0x5a9f8]


---------------  P R O C E S S  ---------------

Threads class SMR info:
_java_thread_list=0x0000013f7d8a11a0, length=19, elements={
0x0000013f6d80f3c0, 0x0000013f7cacd800, 0x0000013f7cace2c0, 0x0000013f7cae1590,
0x0000013f7cae1e50, 0x0000013f7cae3720, 0x0000013f7cae3fe0, 0x0000013f7cae4bd0,
0x0000013f7cae5580, 0x0000013f7cae5e80, 0x0000013f7d5caa80, 0x0000013f7d650da0,
0x0000013f7d66d2a0, 0x0000013f7d868ad0, 0x0000013f7d86ba60, 0x0000013f7d86ed40,
0x0000013f7d8f4010, 0x0000013f7d8fea30, 0x0000013f7e5c4e30
}

Java Threads: ( => current thread )
  0x0000013f6d80f3c0 JavaThread "main" [_thread_in_vm, id=8188, stack(0x0000000100600000,0x0000000100700000)]
  0x0000013f7cacd800 JavaThread "Reference Handler" daemon [_thread_blocked, id=13760, stack(0x0000000100d00000,0x0000000100e00000)]
  0x0000013f7cace2c0 JavaThread "Finalizer" daemon [_thread_blocked, id=16780, stack(0x0000000100e00000,0x0000000100f00000)]
  0x0000013f7cae1590 JavaThread "Signal Dispatcher" daemon [_thread_blocked, id=34732, stack(0x0000000100f00000,0x0000000101000000)]
  0x0000013f7cae1e50 JavaThread "Attach Listener" daemon [_thread_blocked, id=26300, stack(0x0000000101000000,0x0000000101100000)]
  0x0000013f7cae3720 JavaThread "Service Thread" daemon [_thread_blocked, id=7204, stack(0x0000000101100000,0x0000000101200000)]
  0x0000013f7cae3fe0 JavaThread "Monitor Deflation Thread" daemon [_thread_blocked, id=26748, stack(0x0000000101200000,0x0000000101300000)]
  0x0000013f7cae4bd0 JavaThread "C2 CompilerThread0" daemon [_thread_in_native, id=11156, stack(0x0000000101300000,0x0000000101400000)]
  0x0000013f7cae5580 JavaThread "C1 CompilerThread0" daemon [_thread_in_native, id=35500, stack(0x0000000101400000,0x0000000101500000)]
  0x0000013f7cae5e80 JavaThread "Sweeper thread" daemon [_thread_blocked, id=29904, stack(0x0000000101500000,0x0000000101600000)]
  0x0000013f7d5caa80 JavaThread "Common-Cleaner" daemon [_thread_blocked, id=21356, stack(0x0000000101600000,0x0000000101700000)]
=>0x0000013f7d650da0 JavaThread "C2 CompilerThread1" daemon [_thread_in_native, id=33988, stack(0x0000000101700000,0x0000000101800000)]
  0x0000013f7d66d2a0 JavaThread "Notification Thread" daemon [_thread_blocked, id=11376, stack(0x0000000101800000,0x0000000101900000)]
  0x0000013f7d868ad0 JavaThread "Java2D Disposer" daemon [_thread_blocked, id=35800, stack(0x0000000101a00000,0x0000000101b00000)]
  0x0000013f7d86ba60 JavaThread "AWT-Shutdown" [_thread_blocked, id=26168, stack(0x0000000101b00000,0x0000000101c00000)]
  0x0000013f7d86ed40 JavaThread "AWT-Windows" daemon [_thread_in_native, id=13084, stack(0x0000000101c00000,0x0000000101d00000)]
  0x0000013f7d8f4010 JavaThread "Image Fetcher 0" daemon [_thread_blocked, id=10408, stack(0x0000000101d00000,0x0000000101e00000)]
  0x0000013f7d8fea30 JavaThread "mysql-cj-abandoned-connection-cleanup" daemon [_thread_blocked, id=34908, stack(0x0000000101e00000,0x0000000101f00000)]
  0x0000013f7e5c4e30 JavaThread "C2 CompilerThread2" daemon [_thread_in_native, id=21432, stack(0x0000000101f00000,0x0000000102000000)]

Other Threads:
  0x0000013f7cac7e50 VMThread "VM Thread" [stack: 0x0000000100c00000,0x0000000100d00000] [id=22968]
  0x0000013f6d8c8c10 WatcherThread [stack: 0x0000000101900000,0x0000000101a00000] [id=35268]
  0x0000013f6d8693b0 GCTaskThread "GC Thread#0" [stack: 0x0000000100700000,0x0000000100800000] [id=29244]
  0x0000013f6d879e60 ConcurrentGCThread "G1 Main Marker" [stack: 0x0000000100800000,0x0000000100900000] [id=24952]
  0x0000013f6d87af20 ConcurrentGCThread "G1 Conc#0" [stack: 0x0000000100900000,0x0000000100a00000] [id=13080]
  0x0000013f6d8de8b0 ConcurrentGCThread "G1 Refine#0" [stack: 0x0000000100a00000,0x0000000100b00000] [id=20184]
  0x0000013f7c985650 ConcurrentGCThread "G1 Service" [stack: 0x0000000100b00000,0x0000000100c00000] [id=28908]

Threads with active compile tasks:
C2 CompilerThread0      556  918   !   4       java.util.concurrent.ConcurrentHashMap::putVal (432 bytes)
C1 CompilerThread0      556  934       3       java.util.TreeMap::leftOf (13 bytes)
C2 CompilerThread1      556  900 %     4       java.util.Properties$LineReader::readLine @ 224 (584 bytes)
C2 CompilerThread2      557  942       4       java.lang.StringLatin1::compareToCI (108 bytes)

VM state: not at safepoint (normal execution)

VM Mutex/Monitor currently owned by a thread: None

Heap address: 0x0000000082800000, size: 2008 MB, Compressed Oops mode: 32-bit

CDS archive(s) mapped at: [0x0000000800000000-0x0000000800bc0000-0x0000000800bc0000), size 12320768, SharedBaseAddress: 0x0000000800000000, ArchiveRelocationMode: 0.
Compressed class space mapped at: 0x0000000800c00000-0x0000000840c00000, reserved size: 1073741824
Narrow klass base: 0x0000000800000000, Narrow klass shift: 0, Narrow klass range: 0x100000000

GC Precious Log:
 CPUs: 8 total, 8 available
 Memory: 8029M
 Large Page Support: Disabled
 NUMA Support: Disabled
 Compressed Oops: Enabled (32-bit)
 Heap Region Size: 1M
 Heap Min Capacity: 8M
 Heap Initial Capacity: 126M
 Heap Max Capacity: 2008M
 Pre-touch: Disabled
 Parallel Workers: 8
 Concurrent Workers: 2
 Concurrent Refinement Workers: 8
 Periodic GC: Disabled

Heap:
 garbage-first heap   total 129024K, used 17408K [0x0000000082800000, 0x0000000100000000)
  region size 1024K, 16 young (16384K), 0 survivors (0K)
 Metaspace       used 7706K, committed 7872K, reserved 1056768K
  class space    used 805K, committed 896K, reserved 1048576K

Heap Regions: E=young(eden), S=young(survivor), O=old, HS=humongous(starts), HC=humongous(continues), CS=collection set, F=free, OA=open archive, CA=closed archive, TAMS=top-at-mark-start (previous, next)
|   0|0x0000000082800000, 0x0000000082900000, 0x0000000082900000|100%|HS|  |TAMS 0x0000000082800000, 0x0000000082800000| Complete 
|   1|0x0000000082900000, 0x0000000082a00000, 0x0000000082a00000|100%|HC|  |TAMS 0x0000000082900000, 0x0000000082900000| Complete 
|   2|0x0000000082a00000, 0x0000000082b00000, 0x0000000082b00000|100%|HC|  |TAMS 0x0000000082a00000, 0x0000000082a00000| Complete 
|   3|0x0000000082b00000, 0x0000000082b00000, 0x0000000082c00000|  0%| F|  |TAMS 0x0000000082b00000, 0x0000000082b00000| Untracked 
|   4|0x0000000082c00000, 0x0000000082c00000, 0x0000000082d00000|  0%| F|  |TAMS 0x0000000082c00000, 0x0000000082c00000| Untracked 
|   5|0x0000000082d00000, 0x0000000082d00000, 0x0000000082e00000|  0%| F|  |TAMS 0x0000000082d00000, 0x0000000082d00000| Untracked 
|   6|0x0000000082e00000, 0x0000000082e00000, 0x0000000082f00000|  0%| F|  |TAMS 0x0000000082e00000, 0x0000000082e00000| Untracked 
|   7|0x0000000082f00000, 0x0000000082f00000, 0x0000000083000000|  0%| F|  |TAMS 0x0000000082f00000, 0x0000000082f00000| Untracked 
|   8|0x0000000083000000, 0x0000000083000000, 0x0000000083100000|  0%| F|  |TAMS 0x0000000083000000, 0x0000000083000000| Untracked 
|   9|0x0000000083100000, 0x0000000083100000, 0x0000000083200000|  0%| F|  |TAMS 0x0000000083100000, 0x0000000083100000| Untracked 
|  10|0x0000000083200000, 0x0000000083200000, 0x0000000083300000|  0%| F|  |TAMS 0x0000000083200000, 0x0000000083200000| Untracked 
|  11|0x0000000083300000, 0x0000000083300000, 0x0000000083400000|  0%| F|  |TAMS 0x0000000083300000, 0x0000000083300000| Untracked 
|  12|0x0000000083400000, 0x0000000083400000, 0x0000000083500000|  0%| F|  |TAMS 0x0000000083400000, 0x0000000083400000| Untracked 
|  13|0x0000000083500000, 0x0000000083500000, 0x0000000083600000|  0%| F|  |TAMS 0x0000000083500000, 0x0000000083500000| Untracked 
|  14|0x0000000083600000, 0x0000000083600000, 0x0000000083700000|  0%| F|  |TAMS 0x0000000083600000, 0x0000000083600000| Untracked 
|  15|0x0000000083700000, 0x0000000083700000, 0x0000000083800000|  0%| F|  |TAMS 0x0000000083700000, 0x0000000083700000| Untracked 
|  16|0x0000000083800000, 0x0000000083800000, 0x0000000083900000|  0%| F|  |TAMS 0x0000000083800000, 0x0000000083800000| Untracked 
|  17|0x0000000083900000, 0x0000000083900000, 0x0000000083a00000|  0%| F|  |TAMS 0x0000000083900000, 0x0000000083900000| Untracked 
|  18|0x0000000083a00000, 0x0000000083a00000, 0x0000000083b00000|  0%| F|  |TAMS 0x0000000083a00000, 0x0000000083a00000| Untracked 
|  19|0x0000000083b00000, 0x0000000083b00000, 0x0000000083c00000|  0%| F|  |TAMS 0x0000000083b00000, 0x0000000083b00000| Untracked 
|  20|0x0000000083c00000, 0x0000000083c00000, 0x0000000083d00000|  0%| F|  |TAMS 0x0000000083c00000, 0x0000000083c00000| Untracked 
|  21|0x0000000083d00000, 0x0000000083d00000, 0x0000000083e00000|  0%| F|  |TAMS 0x0000000083d00000, 0x0000000083d00000| Untracked 
|  22|0x0000000083e00000, 0x0000000083e00000, 0x0000000083f00000|  0%| F|  |TAMS 0x0000000083e00000, 0x0000000083e00000| Untracked 
|  23|0x0000000083f00000, 0x0000000083f00000, 0x0000000084000000|  0%| F|  |TAMS 0x0000000083f00000, 0x0000000083f00000| Untracked 
|  24|0x0000000084000000, 0x0000000084000000, 0x0000000084100000|  0%| F|  |TAMS 0x0000000084000000, 0x0000000084000000| Untracked 
|  25|0x0000000084100000, 0x0000000084100000, 0x0000000084200000|  0%| F|  |TAMS 0x0000000084100000, 0x0000000084100000| Untracked 
|  26|0x0000000084200000, 0x0000000084200000, 0x0000000084300000|  0%| F|  |TAMS 0x0000000084200000, 0x0000000084200000| Untracked 
|  27|0x0000000084300000, 0x0000000084300000, 0x0000000084400000|  0%| F|  |TAMS 0x0000000084300000, 0x0000000084300000| Untracked 
|  28|0x0000000084400000, 0x0000000084400000, 0x0000000084500000|  0%| F|  |TAMS 0x0000000084400000, 0x0000000084400000| Untracked 
|  29|0x0000000084500000, 0x0000000084500000, 0x0000000084600000|  0%| F|  |TAMS 0x0000000084500000, 0x0000000084500000| Untracked 
|  30|0x0000000084600000, 0x0000000084600000, 0x0000000084700000|  0%| F|  |TAMS 0x0000000084600000, 0x0000000084600000| Untracked 
|  31|0x0000000084700000, 0x0000000084700000, 0x0000000084800000|  0%| F|  |TAMS 0x0000000084700000, 0x0000000084700000| Untracked 
|  32|0x0000000084800000, 0x0000000084800000, 0x0000000084900000|  0%| F|  |TAMS 0x0000000084800000, 0x0000000084800000| Untracked 
|  33|0x0000000084900000, 0x0000000084900000, 0x0000000084a00000|  0%| F|  |TAMS 0x0000000084900000, 0x0000000084900000| Untracked 
|  34|0x0000000084a00000, 0x0000000084a00000, 0x0000000084b00000|  0%| F|  |TAMS 0x0000000084a00000, 0x0000000084a00000| Untracked 
|  35|0x0000000084b00000, 0x0000000084b00000, 0x0000000084c00000|  0%| F|  |TAMS 0x0000000084b00000, 0x0000000084b00000| Untracked 
|  36|0x0000000084c00000, 0x0000000084c00000, 0x0000000084d00000|  0%| F|  |TAMS 0x0000000084c00000, 0x0000000084c00000| Untracked 
|  37|0x0000000084d00000, 0x0000000084d00000, 0x0000000084e00000|  0%| F|  |TAMS 0x0000000084d00000, 0x0000000084d00000| Untracked 
|  38|0x0000000084e00000, 0x0000000084e00000, 0x0000000084f00000|  0%| F|  |TAMS 0x0000000084e00000, 0x0000000084e00000| Untracked 
|  39|0x0000000084f00000, 0x0000000084f00000, 0x0000000085000000|  0%| F|  |TAMS 0x0000000084f00000, 0x0000000084f00000| Untracked 
|  40|0x0000000085000000, 0x0000000085000000, 0x0000000085100000|  0%| F|  |TAMS 0x0000000085000000, 0x0000000085000000| Untracked 
|  41|0x0000000085100000, 0x0000000085100000, 0x0000000085200000|  0%| F|  |TAMS 0x0000000085100000, 0x0000000085100000| Untracked 
|  42|0x0000000085200000, 0x0000000085200000, 0x0000000085300000|  0%| F|  |TAMS 0x0000000085200000, 0x0000000085200000| Untracked 
|  43|0x0000000085300000, 0x0000000085300000, 0x0000000085400000|  0%| F|  |TAMS 0x0000000085300000, 0x0000000085300000| Untracked 
|  44|0x0000000085400000, 0x0000000085400000, 0x0000000085500000|  0%| F|  |TAMS 0x0000000085400000, 0x0000000085400000| Untracked 
|  45|0x0000000085500000, 0x0000000085500000, 0x0000000085600000|  0%| F|  |TAMS 0x0000000085500000, 0x0000000085500000| Untracked 
|  46|0x0000000085600000, 0x0000000085600000, 0x0000000085700000|  0%| F|  |TAMS 0x0000000085600000, 0x0000000085600000| Untracked 
|  47|0x0000000085700000, 0x0000000085700000, 0x0000000085800000|  0%| F|  |TAMS 0x0000000085700000, 0x0000000085700000| Untracked 
|  48|0x0000000085800000, 0x0000000085800000, 0x0000000085900000|  0%| F|  |TAMS 0x0000000085800000, 0x0000000085800000| Untracked 
|  49|0x0000000085900000, 0x0000000085900000, 0x0000000085a00000|  0%| F|  |TAMS 0x0000000085900000, 0x0000000085900000| Untracked 
|  50|0x0000000085a00000, 0x0000000085a00000, 0x0000000085b00000|  0%| F|  |TAMS 0x0000000085a00000, 0x0000000085a00000| Untracked 
|  51|0x0000000085b00000, 0x0000000085b00000, 0x0000000085c00000|  0%| F|  |TAMS 0x0000000085b00000, 0x0000000085b00000| Untracked 
|  52|0x0000000085c00000, 0x0000000085c00000, 0x0000000085d00000|  0%| F|  |TAMS 0x0000000085c00000, 0x0000000085c00000| Untracked 
|  53|0x0000000085d00000, 0x0000000085d00000, 0x0000000085e00000|  0%| F|  |TAMS 0x0000000085d00000, 0x0000000085d00000| Untracked 
|  54|0x0000000085e00000, 0x0000000085e00000, 0x0000000085f00000|  0%| F|  |TAMS 0x0000000085e00000, 0x0000000085e00000| Untracked 
|  55|0x0000000085f00000, 0x0000000085f00000, 0x0000000086000000|  0%| F|  |TAMS 0x0000000085f00000, 0x0000000085f00000| Untracked 
|  56|0x0000000086000000, 0x0000000086000000, 0x0000000086100000|  0%| F|  |TAMS 0x0000000086000000, 0x0000000086000000| Untracked 
|  57|0x0000000086100000, 0x0000000086100000, 0x0000000086200000|  0%| F|  |TAMS 0x0000000086100000, 0x0000000086100000| Untracked 
|  58|0x0000000086200000, 0x0000000086200000, 0x0000000086300000|  0%| F|  |TAMS 0x0000000086200000, 0x0000000086200000| Untracked 
|  59|0x0000000086300000, 0x0000000086300000, 0x0000000086400000|  0%| F|  |TAMS 0x0000000086300000, 0x0000000086300000| Untracked 
|  60|0x0000000086400000, 0x0000000086400000, 0x0000000086500000|  0%| F|  |TAMS 0x0000000086400000, 0x0000000086400000| Untracked 
|  61|0x0000000086500000, 0x0000000086500000, 0x0000000086600000|  0%| F|  |TAMS 0x0000000086500000, 0x0000000086500000| Untracked 
|  62|0x0000000086600000, 0x0000000086600000, 0x0000000086700000|  0%| F|  |TAMS 0x0000000086600000, 0x0000000086600000| Untracked 
|  63|0x0000000086700000, 0x0000000086700000, 0x0000000086800000|  0%| F|  |TAMS 0x0000000086700000, 0x0000000086700000| Untracked 
|  64|0x0000000086800000, 0x0000000086800000, 0x0000000086900000|  0%| F|  |TAMS 0x0000000086800000, 0x0000000086800000| Untracked 
|  65|0x0000000086900000, 0x0000000086900000, 0x0000000086a00000|  0%| F|  |TAMS 0x0000000086900000, 0x0000000086900000| Untracked 
|  66|0x0000000086a00000, 0x0000000086a00000, 0x0000000086b00000|  0%| F|  |TAMS 0x0000000086a00000, 0x0000000086a00000| Untracked 
|  67|0x0000000086b00000, 0x0000000086b00000, 0x0000000086c00000|  0%| F|  |TAMS 0x0000000086b00000, 0x0000000086b00000| Untracked 
|  68|0x0000000086c00000, 0x0000000086c00000, 0x0000000086d00000|  0%| F|  |TAMS 0x0000000086c00000, 0x0000000086c00000| Untracked 
|  69|0x0000000086d00000, 0x0000000086d00000, 0x0000000086e00000|  0%| F|  |TAMS 0x0000000086d00000, 0x0000000086d00000| Untracked 
|  70|0x0000000086e00000, 0x0000000086e00000, 0x0000000086f00000|  0%| F|  |TAMS 0x0000000086e00000, 0x0000000086e00000| Untracked 
|  71|0x0000000086f00000, 0x0000000086f00000, 0x0000000087000000|  0%| F|  |TAMS 0x0000000086f00000, 0x0000000086f00000| Untracked 
|  72|0x0000000087000000, 0x0000000087000000, 0x0000000087100000|  0%| F|  |TAMS 0x0000000087000000, 0x0000000087000000| Untracked 
|  73|0x0000000087100000, 0x0000000087100000, 0x0000000087200000|  0%| F|  |TAMS 0x0000000087100000, 0x0000000087100000| Untracked 
|  74|0x0000000087200000, 0x0000000087200000, 0x0000000087300000|  0%| F|  |TAMS 0x0000000087200000, 0x0000000087200000| Untracked 
|  75|0x0000000087300000, 0x0000000087300000, 0x0000000087400000|  0%| F|  |TAMS 0x0000000087300000, 0x0000000087300000| Untracked 
|  76|0x0000000087400000, 0x0000000087400000, 0x0000000087500000|  0%| F|  |TAMS 0x0000000087400000, 0x0000000087400000| Untracked 
|  77|0x0000000087500000, 0x0000000087500000, 0x0000000087600000|  0%| F|  |TAMS 0x0000000087500000, 0x0000000087500000| Untracked 
|  78|0x0000000087600000, 0x0000000087600000, 0x0000000087700000|  0%| F|  |TAMS 0x0000000087600000, 0x0000000087600000| Untracked 
|  79|0x0000000087700000, 0x0000000087700000, 0x0000000087800000|  0%| F|  |TAMS 0x0000000087700000, 0x0000000087700000| Untracked 
|  80|0x0000000087800000, 0x0000000087800000, 0x0000000087900000|  0%| F|  |TAMS 0x0000000087800000, 0x0000000087800000| Untracked 
|  81|0x0000000087900000, 0x0000000087900000, 0x0000000087a00000|  0%| F|  |TAMS 0x0000000087900000, 0x0000000087900000| Untracked 
|  82|0x0000000087a00000, 0x0000000087a00000, 0x0000000087b00000|  0%| F|  |TAMS 0x0000000087a00000, 0x0000000087a00000| Untracked 
|  83|0x0000000087b00000, 0x0000000087b00000, 0x0000000087c00000|  0%| F|  |TAMS 0x0000000087b00000, 0x0000000087b00000| Untracked 
|  84|0x0000000087c00000, 0x0000000087c00000, 0x0000000087d00000|  0%| F|  |TAMS 0x0000000087c00000, 0x0000000087c00000| Untracked 
|  85|0x0000000087d00000, 0x0000000087d00000, 0x0000000087e00000|  0%| F|  |TAMS 0x0000000087d00000, 0x0000000087d00000| Untracked 
|  86|0x0000000087e00000, 0x0000000087e00000, 0x0000000087f00000|  0%| F|  |TAMS 0x0000000087e00000, 0x0000000087e00000| Untracked 
|  87|0x0000000087f00000, 0x0000000087f00000, 0x0000000088000000|  0%| F|  |TAMS 0x0000000087f00000, 0x0000000087f00000| Untracked 
|  88|0x0000000088000000, 0x0000000088000000, 0x0000000088100000|  0%| F|  |TAMS 0x0000000088000000, 0x0000000088000000| Untracked 
|  89|0x0000000088100000, 0x0000000088100000, 0x0000000088200000|  0%| F|  |TAMS 0x0000000088100000, 0x0000000088100000| Untracked 
|  90|0x0000000088200000, 0x0000000088200000, 0x0000000088300000|  0%| F|  |TAMS 0x0000000088200000, 0x0000000088200000| Untracked 
|  91|0x0000000088300000, 0x0000000088300000, 0x0000000088400000|  0%| F|  |TAMS 0x0000000088300000, 0x0000000088300000| Untracked 
|  92|0x0000000088400000, 0x0000000088400000, 0x0000000088500000|  0%| F|  |TAMS 0x0000000088400000, 0x0000000088400000| Untracked 
|  93|0x0000000088500000, 0x0000000088500000, 0x0000000088600000|  0%| F|  |TAMS 0x0000000088500000, 0x0000000088500000| Untracked 
|  94|0x0000000088600000, 0x0000000088600000, 0x0000000088700000|  0%| F|  |TAMS 0x0000000088600000, 0x0000000088600000| Untracked 
|  95|0x0000000088700000, 0x0000000088700000, 0x0000000088800000|  0%| F|  |TAMS 0x0000000088700000, 0x0000000088700000| Untracked 
|  96|0x0000000088800000, 0x0000000088800000, 0x0000000088900000|  0%| F|  |TAMS 0x0000000088800000, 0x0000000088800000| Untracked 
|  97|0x0000000088900000, 0x0000000088900000, 0x0000000088a00000|  0%| F|  |TAMS 0x0000000088900000, 0x0000000088900000| Untracked 
|  98|0x0000000088a00000, 0x0000000088a00000, 0x0000000088b00000|  0%| F|  |TAMS 0x0000000088a00000, 0x0000000088a00000| Untracked 
|  99|0x0000000088b00000, 0x0000000088b00000, 0x0000000088c00000|  0%| F|  |TAMS 0x0000000088b00000, 0x0000000088b00000| Untracked 
| 100|0x0000000088c00000, 0x0000000088c00000, 0x0000000088d00000|  0%| F|  |TAMS 0x0000000088c00000, 0x0000000088c00000| Untracked 
| 101|0x0000000088d00000, 0x0000000088d00000, 0x0000000088e00000|  0%| F|  |TAMS 0x0000000088d00000, 0x0000000088d00000| Untracked 
| 102|0x0000000088e00000, 0x0000000088e00000, 0x0000000088f00000|  0%| F|  |TAMS 0x0000000088e00000, 0x0000000088e00000| Untracked 
| 103|0x0000000088f00000, 0x0000000088f00000, 0x0000000089000000|  0%| F|  |TAMS 0x0000000088f00000, 0x0000000088f00000| Untracked 
| 104|0x0000000089000000, 0x0000000089000000, 0x0000000089100000|  0%| F|  |TAMS 0x0000000089000000, 0x0000000089000000| Untracked 
| 105|0x0000000089100000, 0x0000000089100000, 0x0000000089200000|  0%| F|  |TAMS 0x0000000089100000, 0x0000000089100000| Untracked 
| 106|0x0000000089200000, 0x0000000089200000, 0x0000000089300000|  0%| F|  |TAMS 0x0000000089200000, 0x0000000089200000| Untracked 
| 107|0x0000000089300000, 0x0000000089300000, 0x0000000089400000|  0%| F|  |TAMS 0x0000000089300000, 0x0000000089300000| Untracked 
| 108|0x0000000089400000, 0x0000000089400000, 0x0000000089500000|  0%| F|  |TAMS 0x0000000089400000, 0x0000000089400000| Untracked 
| 109|0x0000000089500000, 0x0000000089500000, 0x0000000089600000|  0%| F|  |TAMS 0x0000000089500000, 0x0000000089500000| Untracked 
| 110|0x0000000089600000, 0x0000000089700000, 0x0000000089700000|100%| E|  |TAMS 0x0000000089600000, 0x0000000089600000| Complete 
| 111|0x0000000089700000, 0x0000000089800000, 0x0000000089800000|100%| E|CS|TAMS 0x0000000089700000, 0x0000000089700000| Complete 
| 112|0x0000000089800000, 0x0000000089900000, 0x0000000089900000|100%| E|  |TAMS 0x0000000089800000, 0x0000000089800000| Complete 
| 113|0x0000000089900000, 0x0000000089a00000, 0x0000000089a00000|100%| E|CS|TAMS 0x0000000089900000, 0x0000000089900000| Complete 
| 114|0x0000000089a00000, 0x0000000089b00000, 0x0000000089b00000|100%| E|CS|TAMS 0x0000000089a00000, 0x0000000089a00000| Complete 
| 115|0x0000000089b00000, 0x0000000089c00000, 0x0000000089c00000|100%| E|CS|TAMS 0x0000000089b00000, 0x0000000089b00000| Complete 
| 116|0x0000000089c00000, 0x0000000089d00000, 0x0000000089d00000|100%| E|CS|TAMS 0x0000000089c00000, 0x0000000089c00000| Complete 
| 117|0x0000000089d00000, 0x0000000089e00000, 0x0000000089e00000|100%| E|CS|TAMS 0x0000000089d00000, 0x0000000089d00000| Complete 
| 118|0x0000000089e00000, 0x0000000089f00000, 0x0000000089f00000|100%| E|CS|TAMS 0x0000000089e00000, 0x0000000089e00000| Complete 
| 119|0x0000000089f00000, 0x000000008a000000, 0x000000008a000000|100%| E|CS|TAMS 0x0000000089f00000, 0x0000000089f00000| Complete 
| 120|0x000000008a000000, 0x000000008a100000, 0x000000008a100000|100%| E|CS|TAMS 0x000000008a000000, 0x000000008a000000| Complete 
| 121|0x000000008a100000, 0x000000008a200000, 0x000000008a200000|100%| E|CS|TAMS 0x000000008a100000, 0x000000008a100000| Complete 
| 122|0x000000008a200000, 0x000000008a300000, 0x000000008a300000|100%| E|CS|TAMS 0x000000008a200000, 0x000000008a200000| Complete 
| 123|0x000000008a300000, 0x000000008a400000, 0x000000008a400000|100%| E|CS|TAMS 0x000000008a300000, 0x000000008a300000| Complete 
| 124|0x000000008a400000, 0x000000008a500000, 0x000000008a500000|100%| E|CS|TAMS 0x000000008a400000, 0x000000008a400000| Complete 
| 125|0x000000008a500000, 0x000000008a600000, 0x000000008a600000|100%| E|CS|TAMS 0x000000008a500000, 0x000000008a500000| Complete 

Card table byte_map: [0x0000013f75a10000,0x0000013f75e00000] _byte_map_base: 0x0000013f755fc000

Marking Bits (Prev, Next): (CMBitMap*) 0x0000013f6d8698d0, (CMBitMap*) 0x0000013f6d869910
 Prev Bits: [0x0000013f761f0000, 0x0000013f78150000)
 Next Bits: [0x0000013f78150000, 0x0000013f7a0b0000)

Polling page: 0x0000013f6b770000

Metaspace:

Usage:
  Non-class:      6.77 MB used.
      Class:    811.22 KB used.
       Both:      7.56 MB used.

Virtual space:
  Non-class space:        8.00 MB reserved,       6.88 MB ( 86%) committed,  1 nodes.
      Class space:        1.00 GB reserved,     960.00 KB ( <1%) committed,  1 nodes.
             Both:        1.01 GB reserved,       7.81 MB ( <1%) committed. 

Chunk freelists:
   Non-Class:  240.00 KB
       Class:  3.05 MB
        Both:  3.28 MB

MaxMetaspaceSize: unlimited
CompressedClassSpaceSize: 1.00 GB
Initial GC threshold: 21.00 MB
Current GC threshold: 21.00 MB
CDS: on
MetaspaceReclaimPolicy: balanced
 - commit_granule_bytes: 65536.
 - commit_granule_words: 8192.
 - virtual_space_node_default_size: 1048576.
 - enlarge_chunks_in_place: 1.
 - new_chunks_are_fully_committed: 0.
 - uncommit_free_chunks: 1.
 - use_allocation_guard: 0.
 - handle_deallocations: 1.


Internal statistics:

num_allocs_failed_limit: 0.
num_arena_births: 120.
num_arena_deaths: 0.
num_vsnodes_births: 2.
num_vsnodes_deaths: 0.
num_space_committed: 125.
num_space_uncommitted: 0.
num_chunks_returned_to_freelist: 0.
num_chunks_taken_from_freelist: 246.
num_chunk_merges: 0.
num_chunk_splits: 148.
num_chunks_enlarged: 77.
num_purges: 0.
num_inconsistent_stats: 0.

CodeHeap 'non-profiled nmethods': size=120000Kb used=308Kb max_used=308Kb free=119691Kb
 bounds [0x0000013f07ad0000, 0x0000013f07d40000, 0x0000013f0f000000]
CodeHeap 'profiled nmethods': size=120000Kb used=1487Kb max_used=1487Kb free=118512Kb
 bounds [0x0000013f005a0000, 0x0000013f00810000, 0x0000013f07ad0000]
CodeHeap 'non-nmethods': size=5760Kb used=1266Kb max_used=1271Kb free=4493Kb
 bounds [0x0000013f00000000, 0x0000013f00270000, 0x0000013f005a0000]
 total_blobs=1513 nmethods=939 adapters=485
 compilation: enabled
              stopped_count=0, restarted_count=0
 full_count=0

Compilation events (20 events):
Event: 0.523 Thread 0x0000013f7cae4bd0  905       4       java.lang.String::indexOf (7 bytes)
Event: 0.524 Thread 0x0000013f7cae4bd0 nmethod 905 0x0000013f07b1b590 code [0x0000013f07b1b700, 0x0000013f07b1b8b8]
Event: 0.526 Thread 0x0000013f7cae5580  906       3       jdk.internal.access.SharedSecrets::javaUtilJarAccess (19 bytes)
Event: 0.527 Thread 0x0000013f7cae5580 nmethod 906 0x0000013f006fd690 code [0x0000013f006fd880, 0x0000013f006fdc48]
Event: 0.527 Thread 0x0000013f7cae5580  907       1       java.util.jar.Manifest::getEntries (5 bytes)
Event: 0.528 Thread 0x0000013f7cae5580 nmethod 907 0x0000013f07b1ba10 code [0x0000013f07b1bba0, 0x0000013f07b1bc78]
Event: 0.528 Thread 0x0000013f7cae5580  908       1       java.util.jar.Manifest::getMainAttributes (5 bytes)
Event: 0.528 Thread 0x0000013f7cae5580 nmethod 908 0x0000013f07b1bd10 code [0x0000013f07b1bea0, 0x0000013f07b1bf78]
Event: 0.528 Thread 0x0000013f7cae5580  909       1       java.util.zip.ZipEntry::getCrc (5 bytes)
Event: 0.528 Thread 0x0000013f7cae5580 nmethod 909 0x0000013f07b1c010 code [0x0000013f07b1c1a0, 0x0000013f07b1c278]
Event: 0.529 Thread 0x0000013f7cae5580  910       3       java.util.zip.ZipFile$Source::getEntryNext (9 bytes)
Event: 0.529 Thread 0x0000013f7cae5580 nmethod 910 0x0000013f006fde10 code [0x0000013f006fdfa0, 0x0000013f006fe0d8]
Event: 0.531 Thread 0x0000013f7cae5580  911       3       java.lang.String::concat (15 bytes)
Event: 0.532 Thread 0x0000013f7cae4bd0  913       4       java.lang.StringCoding::hasNegatives (25 bytes)
Event: 0.533 Thread 0x0000013f7cae5580 nmethod 911 0x0000013f006fe190 code [0x0000013f006fe4c0, 0x0000013f006ff938]
Event: 0.533 Thread 0x0000013f7cae5580  912       3       java.util.zip.ZipFile::ensureOpen (40 bytes)
Event: 0.533 Thread 0x0000013f7cae5580 nmethod 912 0x0000013f00700090 code [0x0000013f00700260, 0x0000013f00700578]
Event: 0.536 Thread 0x0000013f7cae4bd0 nmethod 913 0x0000013f07b1c310 code [0x0000013f07b1c480, 0x0000013f07b1c698]
Event: 0.536 Thread 0x0000013f7cae4bd0  914       4       java.nio.Buffer::scope (17 bytes)
Event: 0.537 Thread 0x0000013f7cae4bd0 nmethod 914 0x0000013f07b1c790 code [0x0000013f07b1c900, 0x0000013f07b1c998]

GC Heap History (0 events):
No events

Deoptimization events (20 events):
Event: 0.098 Thread 0x0000013f6d80f3c0 DEOPT PACKING pc=0x0000013f07adf4a0 sp=0x00000001006fe6c0
Event: 0.098 Thread 0x0000013f6d80f3c0 DEOPT UNPACKING pc=0x0000013f000523a3 sp=0x00000001006fe660 mode 2
Event: 0.382 Thread 0x0000013f6d80f3c0 Uncommon trap: trap_request=0xffffffc6 fr.pc=0x0000013f07afbc38 relative=0x0000000000000ab8
Event: 0.382 Thread 0x0000013f6d80f3c0 Uncommon trap: reason=bimorphic_or_optimized_type_check action=maybe_recompile pc=0x0000013f07afbc38 method=java.util.HashMap.putVal(ILjava/lang/Object;Ljava/lang/Object;ZZ)Ljava/lang/Object; @ 152 c2
Event: 0.382 Thread 0x0000013f6d80f3c0 DEOPT PACKING pc=0x0000013f07afbc38 sp=0x00000001006fe2b0
Event: 0.382 Thread 0x0000013f6d80f3c0 DEOPT UNPACKING pc=0x0000013f000523a3 sp=0x00000001006fe1d8 mode 2
Event: 0.382 Thread 0x0000013f6d80f3c0 Uncommon trap: trap_request=0xffffffc6 fr.pc=0x0000013f07afbc38 relative=0x0000000000000ab8
Event: 0.382 Thread 0x0000013f6d80f3c0 Uncommon trap: reason=bimorphic_or_optimized_type_check action=maybe_recompile pc=0x0000013f07afbc38 method=java.util.HashMap.putVal(ILjava/lang/Object;Ljava/lang/Object;ZZ)Ljava/lang/Object; @ 152 c2
Event: 0.382 Thread 0x0000013f6d80f3c0 DEOPT PACKING pc=0x0000013f07afbc38 sp=0x00000001006fe2b0
Event: 0.382 Thread 0x0000013f6d80f3c0 DEOPT UNPACKING pc=0x0000013f000523a3 sp=0x00000001006fe1d8 mode 2
Event: 0.382 Thread 0x0000013f6d80f3c0 Uncommon trap: trap_request=0xffffffc6 fr.pc=0x0000013f07afbc38 relative=0x0000000000000ab8
Event: 0.382 Thread 0x0000013f6d80f3c0 Uncommon trap: reason=bimorphic_or_optimized_type_check action=maybe_recompile pc=0x0000013f07afbc38 method=java.util.HashMap.putVal(ILjava/lang/Object;Ljava/lang/Object;ZZ)Ljava/lang/Object; @ 152 c2
Event: 0.382 Thread 0x0000013f6d80f3c0 DEOPT PACKING pc=0x0000013f07afbc38 sp=0x00000001006fe2b0
Event: 0.382 Thread 0x0000013f6d80f3c0 DEOPT UNPACKING pc=0x0000013f000523a3 sp=0x00000001006fe1d8 mode 2
Event: 0.382 Thread 0x0000013f6d80f3c0 Uncommon trap: trap_request=0xffffffc6 fr.pc=0x0000013f07afbc38 relative=0x0000000000000ab8
Event: 0.382 Thread 0x0000013f6d80f3c0 Uncommon trap: reason=bimorphic_or_optimized_type_check action=maybe_recompile pc=0x0000013f07afbc38 method=java.util.HashMap.putVal(ILjava/lang/Object;Ljava/lang/Object;ZZ)Ljava/lang/Object; @ 152 c2
Event: 0.382 Thread 0x0000013f6d80f3c0 DEOPT PACKING pc=0x0000013f07afbc38 sp=0x00000001006fe2b0
Event: 0.382 Thread 0x0000013f6d80f3c0 DEOPT UNPACKING pc=0x0000013f000523a3 sp=0x00000001006fe1d8 mode 2
Event: 0.532 Thread 0x0000013f6d80f3c0 DEOPT PACKING pc=0x0000013f006c7e56 sp=0x00000001006fa820
Event: 0.532 Thread 0x0000013f6d80f3c0 DEOPT UNPACKING pc=0x0000013f00052b43 sp=0x00000001006f9cc0 mode 0

Classes unloaded (0 events):
No events

Classes redefined (0 events):
No events

Internal exceptions (19 events):
Event: 0.073 Thread 0x0000013f6d80f3c0 Exception <a 'sun/nio/fs/WindowsException'{0x000000008a441b08}> (0x000000008a441b08) 
thrown [s\src\hotspot\share\prims\jni.cpp, line 516]
Event: 0.073 Thread 0x0000013f6d80f3c0 Exception <a 'sun/nio/fs/WindowsException'{0x000000008a442090}> (0x000000008a442090) 
thrown [s\src\hotspot\share\prims\jni.cpp, line 516]
Event: 0.075 Thread 0x0000013f6d80f3c0 Exception <a 'sun/nio/fs/WindowsException'{0x000000008a444538}> (0x000000008a444538) 
thrown [s\src\hotspot\share\prims\jni.cpp, line 516]
Event: 0.075 Thread 0x0000013f6d80f3c0 Exception <a 'sun/nio/fs/WindowsException'{0x000000008a445068}> (0x000000008a445068) 
thrown [s\src\hotspot\share\prims\jni.cpp, line 516]
Event: 0.115 Thread 0x0000013f6d80f3c0 Exception <a 'java/lang/ClassNotFoundException'{0x000000008a313150}: sun/awt/resources/spi/awtProvider> (0x000000008a313150) 
thrown [s\src\hotspot\share\classfile\systemDictionary.cpp, line 256]
Event: 0.143 Thread 0x0000013f6d80f3c0 Exception <a 'java/io/FileNotFoundException'{0x000000008a3664a8}> (0x000000008a3664a8) 
thrown [s\src\hotspot\share\prims\jni.cpp, line 516]
Event: 0.152 Thread 0x0000013f6d80f3c0 Exception <a 'java/io/FileNotFoundException'{0x000000008a393620}> (0x000000008a393620) 
thrown [s\src\hotspot\share\prims\jni.cpp, line 516]
Event: 0.194 Thread 0x0000013f6d80f3c0 Exception <a 'java/lang/NoSuchMethodError'{0x000000008a3d7a78}: 'java.lang.Object java.lang.invoke.DirectMethodHandle$Holder.invokeStaticInit(java.lang.Object)'> (0x000000008a3d7a78) 
thrown [s\src\hotspot\share\interpreter\linkResolver.cpp, line 759]
Event: 0.231 Thread 0x0000013f6d80f3c0 Exception <a 'java/lang/NoSuchMethodError'{0x000000008a235808}: 'void java.lang.invoke.DirectMethodHandle$Holder.invokeSpecial(java.lang.Object, java.lang.Object, java.lang.Object)'> (0x000000008a235808) 
thrown [s\src\hotspot\share\interpreter\linkResolver.cpp, line 759]
Event: 0.240 Thread 0x0000013f6d80f3c0 Exception <a 'java/lang/NoSuchMethodError'{0x000000008a25fa10}: 'java.lang.Object java.lang.invoke.DirectMethodHandle$Holder.newInvokeSpecial(java.lang.Object, java.lang.Object, java.lang.Object, java.lang.Object, java.lang.Object)'> (0x000000008a25fa10) 
thrown [s\src\hotspot\share\interpreter\linkResolver.cpp, line 759]
Event: 0.242 Thread 0x0000013f6d80f3c0 Exception <a 'java/lang/NoSuchMethodError'{0x000000008a26b3d8}: 'java.lang.Object java.lang.invoke.DirectMethodHandle$Holder.invokeStatic(java.lang.Object, int, java.lang.Object, java.lang.Object, java.lang.Object, java.lang.Object)'> (0x000000008a26b3d8) 
thrown [s\src\hotspot\share\interpreter\linkResolver.cpp, line 759]
Event: 0.248 Thread 0x0000013f6d80f3c0 Exception <a 'java/lang/NoSuchMethodError'{0x000000008a290dd8}: 'java.lang.Object java.lang.invoke.DirectMethodHandle$Holder.invokeStatic(java.lang.Object, int, java.lang.Object)'> (0x000000008a290dd8) 
thrown [s\src\hotspot\share\interpreter\linkResolver.cpp, line 759]
Event: 0.277 Thread 0x0000013f6d80f3c0 Exception <a 'java/lang/ClassNotFoundException'{0x000000008a148c90}: com/sun/swing/internal/plaf/metal/resources/spi/metalProvider> (0x000000008a148c90) 
thrown [s\src\hotspot\share\classfile\systemDictionary.cpp, line 256]
Event: 0.278 Thread 0x0000013f6d80f3c0 Exception <a 'java/lang/ClassNotFoundException'{0x000000008a14cb38}: com/sun/swing/internal/plaf/basic/resources/spi/basicProvider> (0x000000008a14cb38) 
thrown [s\src\hotspot\share\classfile\systemDictionary.cpp, line 256]
Event: 0.346 Thread 0x0000013f7d8f4010 Exception <a 'java/lang/NoSuchMethodError'{0x000000008a0f0b88}: 'java.lang.Object java.lang.invoke.DirectMethodHandle$Holder.newInvokeSpecial(java.lang.Object, java.lang.Object, java.lang.Object, int, int, int, int, int)'> (0x000000008a0f0b88) 
thrown [s\src\hotspot\share\interpreter\linkResolver.cpp, line 759]
Event: 0.409 Thread 0x0000013f6d80f3c0 Exception <a 'java/lang/NoSuchMethodError'{0x0000000089a44d20}: 'java.lang.Object java.lang.invoke.DirectMethodHandle$Holder.invokeInterface(java.lang.Object, java.lang.Object)'> (0x0000000089a44d20) 
thrown [s\src\hotspot\share\interpreter\linkResolver.cpp, line 759]
Event: 0.434 Thread 0x0000013f6d80f3c0 Exception <a 'java/lang/NoSuchMethodError'{0x0000000089ac4320}: 'void java.lang.invoke.DirectMethodHandle$Holder.invokeStatic(java.lang.Object, java.lang.Object, java.lang.Object)'> (0x0000000089ac4320) 
thrown [s\src\hotspot\share\interpreter\linkResolver.cpp, line 759]
Event: 0.438 Thread 0x0000013f6d80f3c0 Exception <a 'java/lang/NoSuchMethodError'{0x0000000089ace1f0}: 'java.lang.Object java.lang.invoke.DirectMethodHandle$Holder.invokeVirtual(java.lang.Object, java.lang.Object, java.lang.Object)'> (0x0000000089ace1f0) 
thrown [s\src\hotspot\share\interpreter\linkResolver.cpp, line 759]
Event: 0.521 Thread 0x0000013f6d80f3c0 Exception <a 'java/lang/NoSuchMethodError'{0x00000000897d4be0}: 'void java.lang.invoke.DirectMethodHandle$Holder.invokeStatic(java.lang.Object, java.lang.Object)'> (0x00000000897d4be0) 
thrown [s\src\hotspot\share\interpreter\linkResolver.cpp, line 759]

VM Operations (8 events):
Event: 0.076 Executing VM operation: HandshakeAllThreads
Event: 0.076 Executing VM operation: HandshakeAllThreads done
Event: 0.290 Executing VM operation: HandshakeAllThreads
Event: 0.290 Executing VM operation: HandshakeAllThreads done
Event: 0.367 Executing VM operation: HandshakeAllThreads
Event: 0.367 Executing VM operation: HandshakeAllThreads done
Event: 0.508 Executing VM operation: HandshakeAllThreads
Event: 0.508 Executing VM operation: HandshakeAllThreads done

Events (20 events):
Event: 0.524 loading class java/lang/IndexOutOfBoundsException
Event: 0.524 loading class java/lang/IndexOutOfBoundsException done
Event: 0.524 loading class java/net/Socket$SocketInputStream
Event: 0.524 loading class java/net/Socket$SocketInputStream done
Event: 0.524 loading class sun/nio/ch/NioSocketImpl$1
Event: 0.524 loading class sun/nio/ch/NioSocketImpl$1 done
Event: 0.524 loading class java/io/EOFException
Event: 0.524 loading class java/io/EOFException done
Event: 0.524 loading class java/net/Socket$SocketOutputStream
Event: 0.524 loading class java/net/Socket$SocketOutputStream done
Event: 0.524 loading class sun/nio/ch/NioSocketImpl$2
Event: 0.524 loading class sun/nio/ch/NioSocketImpl$2 done
Event: 0.534 loading class java/lang/UnsupportedOperationException
Event: 0.534 loading class java/lang/UnsupportedOperationException done
Event: 0.534 loading class java/net/MalformedURLException
Event: 0.534 loading class java/net/MalformedURLException done
Event: 0.534 loading class java/nio/file/InvalidPathException
Event: 0.534 loading class java/nio/file/InvalidPathException done
Event: 0.534 loading class java/net/URISyntaxException
Event: 0.534 loading class java/net/URISyntaxException done


Dynamic libraries:
0x00007ff6df930000 - 0x00007ff6df93e000 	C:\Users\91839\AppData\Local\Programs\Eclipse Adoptium\jdk-17.0.4.101-hotspot\bin\java.exe
0x00007ff8ba8f0000 - 0x00007ff8bab04000 	C:\WINDOWS\SYSTEM32\ntdll.dll
0x00007ff8b9090000 - 0x00007ff8b9152000 	C:\WINDOWS\System32\KERNEL32.DLL
0x00007ff8b7ef0000 - 0x00007ff8b828c000 	C:\WINDOWS\System32\KERNELBASE.dll
0x00007ff8b7d30000 - 0x00007ff8b7e41000 	C:\WINDOWS\System32\ucrtbase.dll
0x00007ff8af830000 - 0x00007ff8af848000 	C:\Users\91839\AppData\Local\Programs\Eclipse Adoptium\jdk-17.0.4.101-hotspot\bin\jli.dll
0x00007ff8a55c0000 - 0x00007ff8a55d9000 	C:\Users\91839\AppData\Local\Programs\Eclipse Adoptium\jdk-17.0.4.101-hotspot\bin\VCRUNTIME140.dll
0x00007ff8b8800000 - 0x00007ff8b89ab000 	C:\WINDOWS\System32\USER32.dll
0x00007ff8b8350000 - 0x00007ff8b8376000 	C:\WINDOWS\System32\win32u.dll
0x00007ff8a7720000 - 0x00007ff8a79ae000 	C:\WINDOWS\WinSxS\amd64_microsoft.windows.common-controls_6595b64144ccf1df_6.0.22621.608_none_a9444ca7c10bb01d\COMCTL32.dll
0x00007ff8b8be0000 - 0x00007ff8b8c09000 	C:\WINDOWS\System32\GDI32.dll
0x00007ff8b99b0000 - 0x00007ff8b9a57000 	C:\WINDOWS\System32\msvcrt.dll
0x00007ff8b85e0000 - 0x00007ff8b86f3000 	C:\WINDOWS\System32\gdi32full.dll
0x00007ff8b7e50000 - 0x00007ff8b7eea000 	C:\WINDOWS\System32\msvcp_win.dll
0x00007ff8b9b10000 - 0x00007ff8b9b41000 	C:\WINDOWS\System32\IMM32.DLL
0x00007ff8a4ac0000 - 0x00007ff8a4acc000 	C:\Users\91839\AppData\Local\Programs\Eclipse Adoptium\jdk-17.0.4.101-hotspot\bin\vcruntime140_1.dll
0x00007ff867950000 - 0x00007ff8679e1000 	C:\Users\91839\AppData\Local\Programs\Eclipse Adoptium\jdk-17.0.4.101-hotspot\bin\msvcp140.dll
0x00007ff82e9d0000 - 0x00007ff82f616000 	C:\Users\91839\AppData\Local\Programs\Eclipse Adoptium\jdk-17.0.4.101-hotspot\bin\server\jvm.dll
0x00007ff8b8f50000 - 0x00007ff8b8ffe000 	C:\WINDOWS\System32\ADVAPI32.dll
0x00007ff8b94e0000 - 0x00007ff8b9584000 	C:\WINDOWS\System32\sechost.dll
0x00007ff8b9160000 - 0x00007ff8b9277000 	C:\WINDOWS\System32\RPCRT4.dll
0x00007ff8b9b60000 - 0x00007ff8b9b68000 	C:\WINDOWS\System32\PSAPI.DLL
0x00007ff896d00000 - 0x00007ff896d09000 	C:\WINDOWS\SYSTEM32\WSOCK32.dll
0x00007ff8b1470000 - 0x00007ff8b147a000 	C:\WINDOWS\SYSTEM32\VERSION.dll
0x00007ff8b01d0000 - 0x00007ff8b0204000 	C:\WINDOWS\SYSTEM32\WINMM.dll
0x00007ff8b9010000 - 0x00007ff8b9081000 	C:\WINDOWS\System32\WS2_32.dll
0x00007ff8b6e30000 - 0x00007ff8b6e48000 	C:\WINDOWS\SYSTEM32\kernel.appcore.dll
0x00007ff8a4a00000 - 0x00007ff8a4a0a000 	C:\Users\91839\AppData\Local\Programs\Eclipse Adoptium\jdk-17.0.4.101-hotspot\bin\jimage.dll
0x00007ff8b56d0000 - 0x00007ff8b58fe000 	C:\WINDOWS\SYSTEM32\DBGHELP.DLL
0x00007ff8b9610000 - 0x00007ff8b9999000 	C:\WINDOWS\System32\combase.dll
0x00007ff8b9380000 - 0x00007ff8b9457000 	C:\WINDOWS\System32\OLEAUT32.dll
0x00007ff89c3b0000 - 0x00007ff89c3e2000 	C:\WINDOWS\SYSTEM32\dbgcore.DLL
0x00007ff8b8560000 - 0x00007ff8b85db000 	C:\WINDOWS\System32\bcryptPrimitives.dll
0x00007ff89e250000 - 0x00007ff89e275000 	C:\Users\91839\AppData\Local\Programs\Eclipse Adoptium\jdk-17.0.4.101-hotspot\bin\java.dll
0x00007ff89d350000 - 0x00007ff89d426000 	C:\Users\91839\AppData\Local\Programs\Eclipse Adoptium\jdk-17.0.4.101-hotspot\bin\jsvml.dll
0x00007ff8b9b70000 - 0x00007ff8ba360000 	C:\WINDOWS\System32\SHELL32.dll
0x00007ff8b5d00000 - 0x00007ff8b65cd000 	C:\WINDOWS\SYSTEM32\windows.storage.dll
0x00007ff8b5bc0000 - 0x00007ff8b5cfe000 	C:\WINDOWS\SYSTEM32\wintypes.dll
0x00007ff8b9280000 - 0x00007ff8b9371000 	C:\WINDOWS\System32\SHCORE.dll
0x00007ff8b95b0000 - 0x00007ff8b960e000 	C:\WINDOWS\System32\shlwapi.dll
0x00007ff8b7c60000 - 0x00007ff8b7c81000 	C:\WINDOWS\SYSTEM32\profapi.dll
0x00007ff89d330000 - 0x00007ff89d349000 	C:\Users\91839\AppData\Local\Programs\Eclipse Adoptium\jdk-17.0.4.101-hotspot\bin\net.dll
0x00007ff8b1130000 - 0x00007ff8b1267000 	C:\WINDOWS\SYSTEM32\WINHTTP.dll
0x00007ff8b72a0000 - 0x00007ff8b7309000 	C:\WINDOWS\system32\mswsock.dll
0x00007ff89d310000 - 0x00007ff89d325000 	C:\Users\91839\AppData\Local\Programs\Eclipse Adoptium\jdk-17.0.4.101-hotspot\bin\nio.dll
0x00007ff897950000 - 0x00007ff897968000 	C:\Users\91839\AppData\Local\Programs\Eclipse Adoptium\jdk-17.0.4.101-hotspot\bin\zip.dll
0x00007ff830120000 - 0x00007ff8302ae000 	C:\Users\91839\AppData\Local\Programs\Eclipse Adoptium\jdk-17.0.4.101-hotspot\bin\awt.dll
0x00007ff8b4db0000 - 0x00007ff8b4e46000 	C:\WINDOWS\SYSTEM32\apphelp.dll
0x00007ff8b5180000 - 0x00007ff8b51ab000 	C:\WINDOWS\system32\DWMAPI.DLL
0x00007ff8b4f50000 - 0x00007ff8b4ffb000 	C:\WINDOWS\system32\uxtheme.dll
0x00007ff89dda0000 - 0x00007ff89dea0000 	C:\WINDOWS\system32\opengl32.dll
0x00007ff8a1120000 - 0x00007ff8a114d000 	C:\WINDOWS\SYSTEM32\GLU32.dll
0x00007ff8b5030000 - 0x00007ff8b5066000 	C:\WINDOWS\SYSTEM32\dxcore.dll
0x00007ff8b8e30000 - 0x00007ff8b8f4e000 	C:\WINDOWS\System32\MSCTF.dll
0x00007ff8b89b0000 - 0x00007ff8b8b4c000 	C:\WINDOWS\System32\ole32.dll
0x00007ff88c2e0000 - 0x00007ff88c30d000 	C:\Users\91839\AppData\Local\Programs\Eclipse Adoptium\jdk-17.0.4.101-hotspot\bin\javajpeg.dll
0x00007ff8b6900000 - 0x00007ff8b69f3000 	C:\WINDOWS\SYSTEM32\DNSAPI.dll
0x00007ff8b6890000 - 0x00007ff8b68bd000 	C:\WINDOWS\SYSTEM32\IPHLPAPI.DLL
0x00007ff8b99a0000 - 0x00007ff8b99a9000 	C:\WINDOWS\System32\NSI.dll
0x00007ff8a3a60000 - 0x00007ff8a3a6a000 	C:\Windows\System32\rasadhlp.dll
0x00007ff8afac0000 - 0x00007ff8afb43000 	C:\WINDOWS\System32\fwpuclnt.dll

dbghelp: loaded successfully - version: 4.0.5 - missing functions: none
symbol engine: initialized successfully - sym options: 0x614 - pdb path: .;C:\Users\91839\AppData\Local\Programs\Eclipse Adoptium\jdk-17.0.4.101-hotspot\bin;C:\WINDOWS\SYSTEM32;C:\WINDOWS\WinSxS\amd64_microsoft.windows.common-controls_6595b64144ccf1df_6.0.22621.608_none_a9444ca7c10bb01d;C:\Users\91839\AppData\Local\Programs\Eclipse Adoptium\jdk-17.0.4.101-hotspot\bin\server

VM Arguments:
jvm_args: -Dfile.encoding=UTF-8 -Djava.security.policy=applet.policy --module-path=C:\Users\91839\Documents\NetBeansProjects\Travel  Management System\build\classes 
java_command: travel.management.system.ViewPackage
java_class_path (initial): C:\Users\91839\Downloads\mysql-connector-java-8.0.28.jar;C:\Users\91839\Documents\NetBeansProjects\Travel  Management System\build\classes
Launcher Type: SUN_STANDARD

[Global flags]
     intx CICompilerCount                          = 4                                         {product} {ergonomic}
     uint ConcGCThreads                            = 2                                         {product} {ergonomic}
     uint G1ConcRefinementThreads                  = 8                                         {product} {ergonomic}
   size_t G1HeapRegionSize                         = 1048576                                   {product} {ergonomic}
    uintx GCDrainStackTargetSize                   = 64                                        {product} {ergonomic}
   size_t InitialHeapSize                          = 132120576                                 {product} {ergonomic}
   size_t MarkStackSize                            = 4194304                                   {product} {ergonomic}
   size_t MaxHeapSize                              = 2105540608                                {product} {ergonomic}
   size_t MaxNewSize                               = 1262485504                                {product} {ergonomic}
   size_t MinHeapDeltaBytes                        = 1048576                                   {product} {ergonomic}
   size_t MinHeapSize                              = 8388608                                   {product} {ergonomic}
    uintx NonNMethodCodeHeapSize                   = 5839372                                {pd product} {ergonomic}
    uintx NonProfiledCodeHeapSize                  = 122909434                              {pd product} {ergonomic}
    uintx ProfiledCodeHeapSize                     = 122909434                              {pd product} {ergonomic}
    uintx ReservedCodeCacheSize                    = 251658240                              {pd product} {ergonomic}
     bool SegmentedCodeCache                       = true                                      {product} {ergonomic}
   size_t SoftMaxHeapSize                          = 2105540608                             {manageable} {ergonomic}
     bool UseCompressedClassPointers               = true                           {product lp64_product} {ergonomic}
     bool UseCompressedOops                        = true                           {product lp64_product} {ergonomic}
     bool UseG1GC                                  = true                                      {product} {ergonomic}
     bool UseLargePagesIndividualAllocation        = false                                  {pd product} {ergonomic}

Logging:
Log output configuration:
 #0: stdout all=warning uptime,level,tags
 #1: stderr all=off uptime,level,tags

Environment Variables:
JAVA_HOME=C:\Users\91839\AppData\Local\Programs\Eclipse Adoptium\jdk-17.0.4.101-hotspot\
PATH=C:\oracle\bin;C:\Python310\Scripts\;C:\Python310\;C:\Windows\system32;C:\Windows;C:\Windows\System32\Wbem;C:\Windows\System32\WindowsPowerShell\v1.0\;C:\Windows\System32\OpenSSH\;C:\Program Files (x86)\NVIDIA Corporation\PhysX\Common;C:\Program Files\NVIDIA Corporation\NVIDIA NvDLISR;C:\MinGW\bin;C:\ProgramData\chocolatey\bin;C:\WINDOWS\system32;C:\WINDOWS;C:\WINDOWS\System32\Wbem;C:\WINDOWS\System32\WindowsPowerShell\v1.0\;C:\WINDOWS\System32\OpenSSH\;C:\Program Files\Git\cmd;C:\Program Files\nodejs\;C:\Users\91839\Downloads\Compressed\sqlite-tools-win32-x86-3390300\sqlite-tools-win32-x86-3390300;;C:\Program Files\Docker\Docker\resources\bin;C:\Program Files\MySQL\MySQL Shell 8.0\bin\;C:\Program Files (x86)\Microsoft Visual Studio\Common\Tools\WinNT;C:\Program Files (x86)\Microsoft Visual Studio\Common\MSDev98\Bin;C:\Program Files (x86)\Microsoft Visual Studio\Common\Tools;C:\Program Files (x86)\Microsoft Visual Studio\VC98\bin;C:\Users\91839\AppData\Local\Programs\Eclipse Adoptium\jdk-17.0.4.101-hotspot\bin;C:\Users\91839\AppData\Local\Microsoft\WindowsApps;C:\Users\91839\AppData\Local\Programs\Microsoft VS Code\bin;C:\Program Files\MongoDB\Server\5.0\bin;C:\src\flutter\flutter\bin;C:\Users\91839\AppData\Roaming\npm;C:\Program Files (x86)\Dr. Memory\bin\;";C:\Users\91839\Downloads\Programs\DrMemory-Windows-2.5.0\bin";C:\Users\91839\AppData\Local\GitHubDesktop\bin
USERNAME=91839
OS=Windows_NT
PROCESSOR_IDENTIFIER=Intel64 Family 6 Model 165 Stepping 2, GenuineIntel
TMP=C:\Users\91839\AppData\Local\Temp
TEMP=C:\Users\91839\AppData\Local\Temp



---------------  S Y S T E M  ---------------

OS:
 Windows 11 , 64 bit Build 22621 (10.0.22621.1485)
OS uptime: 6 days 15:20 hours
Hyper-V role detected

CPU: total 8 (initial active 8) (4 cores per cpu, 2 threads per core) family 6 model 165 stepping 2 microcode 0xe0, cx8, cmov, fxsr, ht, mmx, 3dnowpref, sse, sse2, sse3, ssse3, sse4.1, sse4.2, popcnt, lzcnt, tsc, tscinvbit, avx, avx2, aes, erms, clmul, bmi1, bmi2, adx, fma, vzeroupper, clflush, clflushopt, hv

Memory: 4k page, system-wide physical 8029M (608M free)
TotalPageFile size 32605M (AvailPageFile size 5M)
current process WorkingSet (physical memory assigned to process): 73M, peak: 73M
current process commit charge ("private bytes"): 225M, peak: 225M

vm_info: OpenJDK 64-Bit Server VM (17.0.4.1+1) for windows-amd64 JRE (17.0.4.1+1), built on Aug 17 2022 07:42:43 by "temurin" with MS VC++ 16.7 (VS2019)

END.
