#
# There is insufficient memory for the Java Runtime Environment to continue.
# Native memory allocation (malloc) failed to allocate 376656 bytes for Chunk::new
# Possible reasons:
#   The system is out of physical RAM or swap space
#   The process is running with CompressedOops enabled, and the Java Heap may be blocking the growth of the native heap
# Possible solutions:
#   Reduce memory load on the system
#   Increase physical memory or swap space
#   Check if swap backing store is full
#   Decrease Java heap size (-Xmx/-Xms)
#   Decrease number of Java threads
#   Decrease Java thread stack sizes (-Xss)
#   Set larger code cache with -XX:ReservedCodeCacheSize=
#   JVM is running with Unscaled Compressed Oops mode in which the Java heap is
#     placed in the first 4GB address space. The Java Heap base address is the
#     maximum limit for the native heap growth. Please use -XX:HeapBaseMinAddress
#     to set the Java Heap base and to place the Java Heap above 4GB virtual address.
# This output file may be truncated or incomplete.
#
#  Out of Memory Error (arena.cpp:189), pid=12072, tid=14092
#
# JRE version: OpenJDK Runtime Environment Temurin-17.0.4.1+1 (17.0.4.1+1) (build 17.0.4.1+1)
# Java VM: OpenJDK 64-Bit Server VM Temurin-17.0.4.1+1 (17.0.4.1+1, mixed mode, sharing, tiered, compressed oops, compressed class ptrs, g1 gc, windows-amd64)
# No core dump will be written. Minidumps are not enabled by default on client versions of Windows
#

---------------  S U M M A R Y ------------

Command Line: -Dfile.encoding=UTF-8 -Djava.security.policy=applet.policy --module-path=C:\Users\91839\Documents\NetBeansProjects\Travel  Management System\build\classes travel.management.system.ViewPackage

Host: Intel(R) Core(TM) i5-10300H CPU @ 2.50GHz, 8 cores, 7G,  Windows 11 , 64 bit Build 22621 (10.0.22621.1485)
Time: Fri May 19 00:39:47 2023 India Standard Time elapsed time: 0.810394 seconds (0d 0h 0m 0s)

---------------  T H R E A D  ---------------

Current thread (0x0000027271d1b310):  JavaThread "C2 CompilerThread1" daemon [_thread_in_native, id=14092, stack(0x000000ce44200000,0x000000ce44300000)]


Current CompileTask:
C2:    810 1264       4       java.util.regex.Matcher::search (154 bytes)

Stack: [0x000000ce44200000,0x000000ce44300000]
Native frames: (J=compiled Java code, j=interpreted, Vv=VM code, C=native code)
V  [jvm.dll+0x67731a]
V  [jvm.dll+0x832284]
V  [jvm.dll+0x833a2e]
V  [jvm.dll+0x834093]
V  [jvm.dll+0x245775]
V  [jvm.dll+0xabd7b]
V  [jvm.dll+0xac30c]
V  [jvm.dll+0x363a97]
V  [jvm.dll+0x32e011]
V  [jvm.dll+0x32d4ba]
V  [jvm.dll+0x218681]
V  [jvm.dll+0x217aa1]
V  [jvm.dll+0x1a3f8d]
V  [jvm.dll+0x227498]
V  [jvm.dll+0x2255e5]
V  [jvm.dll+0x7e7e9b]
V  [jvm.dll+0x7e240a]
V  [jvm.dll+0x6761a5]
C  [ucrtbase.dll+0x29363]
C  [KERNEL32.DLL+0x1269d]
C  [ntdll.dll+0x5a9f8]


---------------  P R O C E S S  ---------------

Threads class SMR info:
_java_thread_list=0x0000027271fa28a0, length=18, elements={
0x0000027250b3a7b0, 0x0000027270fb2c20, 0x0000027270fb37d0, 0x0000027270fc7a30,
0x0000027270fc83e0, 0x0000027270fc9da0, 0x0000027270fca750, 0x0000027270fcb4e0,
0x0000027270fcbf80, 0x0000027270fd6400, 0x0000027270f98e00, 0x0000027271d14c70,
0x0000027271d1b310, 0x0000027271ec40a0, 0x0000027271ec4570, 0x0000027271ec4a40,
0x0000027271f91010, 0x0000027271dd76c0
}

Java Threads: ( => current thread )
  0x0000027250b3a7b0 JavaThread "main" [_thread_in_vm, id=35348, stack(0x000000ce42f00000,0x000000ce43000000)]
  0x0000027270fb2c20 JavaThread "Reference Handler" daemon [_thread_blocked, id=20116, stack(0x000000ce43600000,0x000000ce43700000)]
  0x0000027270fb37d0 JavaThread "Finalizer" daemon [_thread_blocked, id=22036, stack(0x000000ce43700000,0x000000ce43800000)]
  0x0000027270fc7a30 JavaThread "Signal Dispatcher" daemon [_thread_blocked, id=34200, stack(0x000000ce43800000,0x000000ce43900000)]
  0x0000027270fc83e0 JavaThread "Attach Listener" daemon [_thread_blocked, id=13324, stack(0x000000ce43900000,0x000000ce43a00000)]
  0x0000027270fc9da0 JavaThread "Service Thread" daemon [_thread_blocked, id=34568, stack(0x000000ce43a00000,0x000000ce43b00000)]
  0x0000027270fca750 JavaThread "Monitor Deflation Thread" daemon [_thread_blocked, id=11880, stack(0x000000ce43b00000,0x000000ce43c00000)]
  0x0000027270fcb4e0 JavaThread "C2 CompilerThread0" daemon [_thread_in_native, id=34224, stack(0x000000ce43c00000,0x000000ce43d00000)]
  0x0000027270fcbf80 JavaThread "C1 CompilerThread0" daemon [_thread_blocked, id=35280, stack(0x000000ce43d00000,0x000000ce43e00000)]
  0x0000027270fd6400 JavaThread "Sweeper thread" daemon [_thread_blocked, id=29108, stack(0x000000ce43e00000,0x000000ce43f00000)]
  0x0000027270f98e00 JavaThread "Common-Cleaner" daemon [_thread_blocked, id=25980, stack(0x000000ce43f00000,0x000000ce44000000)]
  0x0000027271d14c70 JavaThread "Notification Thread" daemon [_thread_blocked, id=12992, stack(0x000000ce44000000,0x000000ce44100000)]
=>0x0000027271d1b310 JavaThread "C2 CompilerThread1" daemon [_thread_in_native, id=14092, stack(0x000000ce44200000,0x000000ce44300000)]
  0x0000027271ec40a0 JavaThread "Java2D Disposer" daemon [_thread_blocked, id=14220, stack(0x000000ce44300000,0x000000ce44400000)]
  0x0000027271ec4570 JavaThread "AWT-Shutdown" [_thread_blocked, id=30136, stack(0x000000ce44400000,0x000000ce44500000)]
  0x0000027271ec4a40 JavaThread "AWT-Windows" daemon [_thread_in_native, id=15040, stack(0x000000ce44500000,0x000000ce44600000)]
  0x0000027271f91010 JavaThread "Image Fetcher 0" daemon [_thread_blocked, id=3480, stack(0x000000ce44600000,0x000000ce44700000)]
  0x0000027271dd76c0 JavaThread "mysql-cj-abandoned-connection-cleanup" daemon [_thread_blocked, id=32000, stack(0x000000ce44700000,0x000000ce44800000)]

Other Threads:
  0x0000027270faaf70 VMThread "VM Thread" [stack: 0x000000ce43500000,0x000000ce43600000] [id=3844]
  0x0000027252d78750 WatcherThread [stack: 0x000000ce44100000,0x000000ce44200000] [id=17588]
  0x0000027252d566d0 GCTaskThread "GC Thread#0" [stack: 0x000000ce43000000,0x000000ce43100000] [id=18080]
  0x0000027252d67110 ConcurrentGCThread "G1 Main Marker" [stack: 0x000000ce43100000,0x000000ce43200000] [id=26316]
  0x0000027252d67c80 ConcurrentGCThread "G1 Conc#0" [stack: 0x000000ce43200000,0x000000ce43300000] [id=34240]
  0x0000027252dceaa0 ConcurrentGCThread "G1 Refine#0" [stack: 0x000000ce43300000,0x000000ce43400000] [id=35044]
  0x0000027270e694f0 ConcurrentGCThread "G1 Service" [stack: 0x000000ce43400000,0x000000ce43500000] [id=20752]

Threads with active compile tasks:
C2 CompilerThread0      839 1334       4       sun.security.util.math.intpoly.IntegerPolynomial$MutableElement::setSum (84 bytes)
C2 CompilerThread1      840 1264       4       java.util.regex.Matcher::search (154 bytes)

VM state: not at safepoint (normal execution)

VM Mutex/Monitor currently owned by a thread: None

Heap address: 0x0000000082800000, size: 2008 MB, Compressed Oops mode: 32-bit

CDS archive(s) mapped at: [0x0000000800000000-0x0000000800bc0000-0x0000000800bc0000), size 12320768, SharedBaseAddress: 0x0000000800000000, ArchiveRelocationMode: 0.
Compressed class space mapped at: 0x0000000800c00000-0x0000000840c00000, reserved size: 1073741824
Narrow klass base: 0x0000000800000000, Narrow klass shift: 0, Narrow klass range: 0x100000000

GC Precious Log:
 CPUs: 8 total, 8 available
 Memory: 8029M
 Large Page Support: Disabled
 NUMA Support: Disabled
 Compressed Oops: Enabled (32-bit)
 Heap Region Size: 1M
 Heap Min Capacity: 8M
 Heap Initial Capacity: 126M
 Heap Max Capacity: 2008M
 Pre-touch: Disabled
 Parallel Workers: 8
 Concurrent Workers: 2
 Concurrent Refinement Workers: 8
 Periodic GC: Disabled

Heap:
 garbage-first heap   total 129024K, used 24576K [0x0000000082800000, 0x0000000100000000)
  region size 1024K, 22 young (22528K), 0 survivors (0K)
 Metaspace       used 12318K, committed 12544K, reserved 1064960K
  class space    used 1368K, committed 1472K, reserved 1048576K

Heap Regions: E=young(eden), S=young(survivor), O=old, HS=humongous(starts), HC=humongous(continues), CS=collection set, F=free, OA=open archive, CA=closed archive, TAMS=top-at-mark-start (previous, next)
|   0|0x0000000082800000, 0x0000000082900000, 0x0000000082900000|100%|HS|  |TAMS 0x0000000082800000, 0x0000000082800000| Complete 
|   1|0x0000000082900000, 0x0000000082a00000, 0x0000000082a00000|100%|HC|  |TAMS 0x0000000082900000, 0x0000000082900000| Complete 
|   2|0x0000000082a00000, 0x0000000082b00000, 0x0000000082b00000|100%|HC|  |TAMS 0x0000000082a00000, 0x0000000082a00000| Complete 
|   3|0x0000000082b00000, 0x0000000082c00000, 0x0000000082c00000|100%|HS|  |TAMS 0x0000000082b00000, 0x0000000082b00000| Complete 
|   4|0x0000000082c00000, 0x0000000082c00000, 0x0000000082d00000|  0%| F|  |TAMS 0x0000000082c00000, 0x0000000082c00000| Untracked 
|   5|0x0000000082d00000, 0x0000000082d00000, 0x0000000082e00000|  0%| F|  |TAMS 0x0000000082d00000, 0x0000000082d00000| Untracked 
|   6|0x0000000082e00000, 0x0000000082e00000, 0x0000000082f00000|  0%| F|  |TAMS 0x0000000082e00000, 0x0000000082e00000| Untracked 
|   7|0x0000000082f00000, 0x0000000082f00000, 0x0000000083000000|  0%| F|  |TAMS 0x0000000082f00000, 0x0000000082f00000| Untracked 
|   8|0x0000000083000000, 0x0000000083000000, 0x0000000083100000|  0%| F|  |TAMS 0x0000000083000000, 0x0000000083000000| Untracked 
|   9|0x0000000083100000, 0x0000000083100000, 0x0000000083200000|  0%| F|  |TAMS 0x0000000083100000, 0x0000000083100000| Untracked 
|  10|0x0000000083200000, 0x0000000083200000, 0x0000000083300000|  0%| F|  |TAMS 0x0000000083200000, 0x0000000083200000| Untracked 
|  11|0x0000000083300000, 0x0000000083300000, 0x0000000083400000|  0%| F|  |TAMS 0x0000000083300000, 0x0000000083300000| Untracked 
|  12|0x0000000083400000, 0x0000000083400000, 0x0000000083500000|  0%| F|  |TAMS 0x0000000083400000, 0x0000000083400000| Untracked 
|  13|0x0000000083500000, 0x0000000083500000, 0x0000000083600000|  0%| F|  |TAMS 0x0000000083500000, 0x0000000083500000| Untracked 
|  14|0x0000000083600000, 0x0000000083600000, 0x0000000083700000|  0%| F|  |TAMS 0x0000000083600000, 0x0000000083600000| Untracked 
|  15|0x0000000083700000, 0x0000000083700000, 0x0000000083800000|  0%| F|  |TAMS 0x0000000083700000, 0x0000000083700000| Untracked 
|  16|0x0000000083800000, 0x0000000083800000, 0x0000000083900000|  0%| F|  |TAMS 0x0000000083800000, 0x0000000083800000| Untracked 
|  17|0x0000000083900000, 0x0000000083900000, 0x0000000083a00000|  0%| F|  |TAMS 0x0000000083900000, 0x0000000083900000| Untracked 
|  18|0x0000000083a00000, 0x0000000083a00000, 0x0000000083b00000|  0%| F|  |TAMS 0x0000000083a00000, 0x0000000083a00000| Untracked 
|  19|0x0000000083b00000, 0x0000000083b00000, 0x0000000083c00000|  0%| F|  |TAMS 0x0000000083b00000, 0x0000000083b00000| Untracked 
|  20|0x0000000083c00000, 0x0000000083c00000, 0x0000000083d00000|  0%| F|  |TAMS 0x0000000083c00000, 0x0000000083c00000| Untracked 
|  21|0x0000000083d00000, 0x0000000083d00000, 0x0000000083e00000|  0%| F|  |TAMS 0x0000000083d00000, 0x0000000083d00000| Untracked 
|  22|0x0000000083e00000, 0x0000000083e00000, 0x0000000083f00000|  0%| F|  |TAMS 0x0000000083e00000, 0x0000000083e00000| Untracked 
|  23|0x0000000083f00000, 0x0000000083f00000, 0x0000000084000000|  0%| F|  |TAMS 0x0000000083f00000, 0x0000000083f00000| Untracked 
|  24|0x0000000084000000, 0x0000000084000000, 0x0000000084100000|  0%| F|  |TAMS 0x0000000084000000, 0x0000000084000000| Untracked 
|  25|0x0000000084100000, 0x0000000084100000, 0x0000000084200000|  0%| F|  |TAMS 0x0000000084100000, 0x0000000084100000| Untracked 
|  26|0x0000000084200000, 0x0000000084200000, 0x0000000084300000|  0%| F|  |TAMS 0x0000000084200000, 0x0000000084200000| Untracked 
|  27|0x0000000084300000, 0x0000000084300000, 0x0000000084400000|  0%| F|  |TAMS 0x0000000084300000, 0x0000000084300000| Untracked 
|  28|0x0000000084400000, 0x0000000084400000, 0x0000000084500000|  0%| F|  |TAMS 0x0000000084400000, 0x0000000084400000| Untracked 
|  29|0x0000000084500000, 0x0000000084500000, 0x0000000084600000|  0%| F|  |TAMS 0x0000000084500000, 0x0000000084500000| Untracked 
|  30|0x0000000084600000, 0x0000000084600000, 0x0000000084700000|  0%| F|  |TAMS 0x0000000084600000, 0x0000000084600000| Untracked 
|  31|0x0000000084700000, 0x0000000084700000, 0x0000000084800000|  0%| F|  |TAMS 0x0000000084700000, 0x0000000084700000| Untracked 
|  32|0x0000000084800000, 0x0000000084800000, 0x0000000084900000|  0%| F|  |TAMS 0x0000000084800000, 0x0000000084800000| Untracked 
|  33|0x0000000084900000, 0x0000000084900000, 0x0000000084a00000|  0%| F|  |TAMS 0x0000000084900000, 0x0000000084900000| Untracked 
|  34|0x0000000084a00000, 0x0000000084a00000, 0x0000000084b00000|  0%| F|  |TAMS 0x0000000084a00000, 0x0000000084a00000| Untracked 
|  35|0x0000000084b00000, 0x0000000084b00000, 0x0000000084c00000|  0%| F|  |TAMS 0x0000000084b00000, 0x0000000084b00000| Untracked 
|  36|0x0000000084c00000, 0x0000000084c00000, 0x0000000084d00000|  0%| F|  |TAMS 0x0000000084c00000, 0x0000000084c00000| Untracked 
|  37|0x0000000084d00000, 0x0000000084d00000, 0x0000000084e00000|  0%| F|  |TAMS 0x0000000084d00000, 0x0000000084d00000| Untracked 
|  38|0x0000000084e00000, 0x0000000084e00000, 0x0000000084f00000|  0%| F|  |TAMS 0x0000000084e00000, 0x0000000084e00000| Untracked 
|  39|0x0000000084f00000, 0x0000000084f00000, 0x0000000085000000|  0%| F|  |TAMS 0x0000000084f00000, 0x0000000084f00000| Untracked 
|  40|0x0000000085000000, 0x0000000085000000, 0x0000000085100000|  0%| F|  |TAMS 0x0000000085000000, 0x0000000085000000| Untracked 
|  41|0x0000000085100000, 0x0000000085100000, 0x0000000085200000|  0%| F|  |TAMS 0x0000000085100000, 0x0000000085100000| Untracked 
|  42|0x0000000085200000, 0x0000000085200000, 0x0000000085300000|  0%| F|  |TAMS 0x0000000085200000, 0x0000000085200000| Untracked 
|  43|0x0000000085300000, 0x0000000085300000, 0x0000000085400000|  0%| F|  |TAMS 0x0000000085300000, 0x0000000085300000| Untracked 
|  44|0x0000000085400000, 0x0000000085400000, 0x0000000085500000|  0%| F|  |TAMS 0x0000000085400000, 0x0000000085400000| Untracked 
|  45|0x0000000085500000, 0x0000000085500000, 0x0000000085600000|  0%| F|  |TAMS 0x0000000085500000, 0x0000000085500000| Untracked 
|  46|0x0000000085600000, 0x0000000085600000, 0x0000000085700000|  0%| F|  |TAMS 0x0000000085600000, 0x0000000085600000| Untracked 
|  47|0x0000000085700000, 0x0000000085700000, 0x0000000085800000|  0%| F|  |TAMS 0x0000000085700000, 0x0000000085700000| Untracked 
|  48|0x0000000085800000, 0x0000000085800000, 0x0000000085900000|  0%| F|  |TAMS 0x0000000085800000, 0x0000000085800000| Untracked 
|  49|0x0000000085900000, 0x0000000085900000, 0x0000000085a00000|  0%| F|  |TAMS 0x0000000085900000, 0x0000000085900000| Untracked 
|  50|0x0000000085a00000, 0x0000000085a00000, 0x0000000085b00000|  0%| F|  |TAMS 0x0000000085a00000, 0x0000000085a00000| Untracked 
|  51|0x0000000085b00000, 0x0000000085b00000, 0x0000000085c00000|  0%| F|  |TAMS 0x0000000085b00000, 0x0000000085b00000| Untracked 
|  52|0x0000000085c00000, 0x0000000085c00000, 0x0000000085d00000|  0%| F|  |TAMS 0x0000000085c00000, 0x0000000085c00000| Untracked 
|  53|0x0000000085d00000, 0x0000000085d00000, 0x0000000085e00000|  0%| F|  |TAMS 0x0000000085d00000, 0x0000000085d00000| Untracked 
|  54|0x0000000085e00000, 0x0000000085e00000, 0x0000000085f00000|  0%| F|  |TAMS 0x0000000085e00000, 0x0000000085e00000| Untracked 
|  55|0x0000000085f00000, 0x0000000085f00000, 0x0000000086000000|  0%| F|  |TAMS 0x0000000085f00000, 0x0000000085f00000| Untracked 
|  56|0x0000000086000000, 0x0000000086000000, 0x0000000086100000|  0%| F|  |TAMS 0x0000000086000000, 0x0000000086000000| Untracked 
|  57|0x0000000086100000, 0x0000000086100000, 0x0000000086200000|  0%| F|  |TAMS 0x0000000086100000, 0x0000000086100000| Untracked 
|  58|0x0000000086200000, 0x0000000086200000, 0x0000000086300000|  0%| F|  |TAMS 0x0000000086200000, 0x0000000086200000| Untracked 
|  59|0x0000000086300000, 0x0000000086300000, 0x0000000086400000|  0%| F|  |TAMS 0x0000000086300000, 0x0000000086300000| Untracked 
|  60|0x0000000086400000, 0x0000000086400000, 0x0000000086500000|  0%| F|  |TAMS 0x0000000086400000, 0x0000000086400000| Untracked 
|  61|0x0000000086500000, 0x0000000086500000, 0x0000000086600000|  0%| F|  |TAMS 0x0000000086500000, 0x0000000086500000| Untracked 
|  62|0x0000000086600000, 0x0000000086600000, 0x0000000086700000|  0%| F|  |TAMS 0x0000000086600000, 0x0000000086600000| Untracked 
|  63|0x0000000086700000, 0x0000000086700000, 0x0000000086800000|  0%| F|  |TAMS 0x0000000086700000, 0x0000000086700000| Untracked 
|  64|0x0000000086800000, 0x0000000086800000, 0x0000000086900000|  0%| F|  |TAMS 0x0000000086800000, 0x0000000086800000| Untracked 
|  65|0x0000000086900000, 0x0000000086900000, 0x0000000086a00000|  0%| F|  |TAMS 0x0000000086900000, 0x0000000086900000| Untracked 
|  66|0x0000000086a00000, 0x0000000086a00000, 0x0000000086b00000|  0%| F|  |TAMS 0x0000000086a00000, 0x0000000086a00000| Untracked 
|  67|0x0000000086b00000, 0x0000000086b00000, 0x0000000086c00000|  0%| F|  |TAMS 0x0000000086b00000, 0x0000000086b00000| Untracked 
|  68|0x0000000086c00000, 0x0000000086c00000, 0x0000000086d00000|  0%| F|  |TAMS 0x0000000086c00000, 0x0000000086c00000| Untracked 
|  69|0x0000000086d00000, 0x0000000086d00000, 0x0000000086e00000|  0%| F|  |TAMS 0x0000000086d00000, 0x0000000086d00000| Untracked 
|  70|0x0000000086e00000, 0x0000000086e00000, 0x0000000086f00000|  0%| F|  |TAMS 0x0000000086e00000, 0x0000000086e00000| Untracked 
|  71|0x0000000086f00000, 0x0000000086f00000, 0x0000000087000000|  0%| F|  |TAMS 0x0000000086f00000, 0x0000000086f00000| Untracked 
|  72|0x0000000087000000, 0x0000000087000000, 0x0000000087100000|  0%| F|  |TAMS 0x0000000087000000, 0x0000000087000000| Untracked 
|  73|0x0000000087100000, 0x0000000087100000, 0x0000000087200000|  0%| F|  |TAMS 0x0000000087100000, 0x0000000087100000| Untracked 
|  74|0x0000000087200000, 0x0000000087200000, 0x0000000087300000|  0%| F|  |TAMS 0x0000000087200000, 0x0000000087200000| Untracked 
|  75|0x0000000087300000, 0x0000000087300000, 0x0000000087400000|  0%| F|  |TAMS 0x0000000087300000, 0x0000000087300000| Untracked 
|  76|0x0000000087400000, 0x0000000087400000, 0x0000000087500000|  0%| F|  |TAMS 0x0000000087400000, 0x0000000087400000| Untracked 
|  77|0x0000000087500000, 0x0000000087500000, 0x0000000087600000|  0%| F|  |TAMS 0x0000000087500000, 0x0000000087500000| Untracked 
|  78|0x0000000087600000, 0x0000000087600000, 0x0000000087700000|  0%| F|  |TAMS 0x0000000087600000, 0x0000000087600000| Untracked 
|  79|0x0000000087700000, 0x0000000087700000, 0x0000000087800000|  0%| F|  |TAMS 0x0000000087700000, 0x0000000087700000| Untracked 
|  80|0x0000000087800000, 0x0000000087800000, 0x0000000087900000|  0%| F|  |TAMS 0x0000000087800000, 0x0000000087800000| Untracked 
|  81|0x0000000087900000, 0x0000000087900000, 0x0000000087a00000|  0%| F|  |TAMS 0x0000000087900000, 0x0000000087900000| Untracked 
|  82|0x0000000087a00000, 0x0000000087a00000, 0x0000000087b00000|  0%| F|  |TAMS 0x0000000087a00000, 0x0000000087a00000| Untracked 
|  83|0x0000000087b00000, 0x0000000087b00000, 0x0000000087c00000|  0%| F|  |TAMS 0x0000000087b00000, 0x0000000087b00000| Untracked 
|  84|0x0000000087c00000, 0x0000000087c00000, 0x0000000087d00000|  0%| F|  |TAMS 0x0000000087c00000, 0x0000000087c00000| Untracked 
|  85|0x0000000087d00000, 0x0000000087d00000, 0x0000000087e00000|  0%| F|  |TAMS 0x0000000087d00000, 0x0000000087d00000| Untracked 
|  86|0x0000000087e00000, 0x0000000087e00000, 0x0000000087f00000|  0%| F|  |TAMS 0x0000000087e00000, 0x0000000087e00000| Untracked 
|  87|0x0000000087f00000, 0x0000000087f00000, 0x0000000088000000|  0%| F|  |TAMS 0x0000000087f00000, 0x0000000087f00000| Untracked 
|  88|0x0000000088000000, 0x0000000088000000, 0x0000000088100000|  0%| F|  |TAMS 0x0000000088000000, 0x0000000088000000| Untracked 
|  89|0x0000000088100000, 0x0000000088100000, 0x0000000088200000|  0%| F|  |TAMS 0x0000000088100000, 0x0000000088100000| Untracked 
|  90|0x0000000088200000, 0x0000000088200000, 0x0000000088300000|  0%| F|  |TAMS 0x0000000088200000, 0x0000000088200000| Untracked 
|  91|0x0000000088300000, 0x0000000088300000, 0x0000000088400000|  0%| F|  |TAMS 0x0000000088300000, 0x0000000088300000| Untracked 
|  92|0x0000000088400000, 0x0000000088400000, 0x0000000088500000|  0%| F|  |TAMS 0x0000000088400000, 0x0000000088400000| Untracked 
|  93|0x0000000088500000, 0x0000000088500000, 0x0000000088600000|  0%| F|  |TAMS 0x0000000088500000, 0x0000000088500000| Untracked 
|  94|0x0000000088600000, 0x0000000088600000, 0x0000000088700000|  0%| F|  |TAMS 0x0000000088600000, 0x0000000088600000| Untracked 
|  95|0x0000000088700000, 0x0000000088700000, 0x0000000088800000|  0%| F|  |TAMS 0x0000000088700000, 0x0000000088700000| Untracked 
|  96|0x0000000088800000, 0x0000000088800000, 0x0000000088900000|  0%| F|  |TAMS 0x0000000088800000, 0x0000000088800000| Untracked 
|  97|0x0000000088900000, 0x0000000088900000, 0x0000000088a00000|  0%| F|  |TAMS 0x0000000088900000, 0x0000000088900000| Untracked 
|  98|0x0000000088a00000, 0x0000000088a00000, 0x0000000088b00000|  0%| F|  |TAMS 0x0000000088a00000, 0x0000000088a00000| Untracked 
|  99|0x0000000088b00000, 0x0000000088b00000, 0x0000000088c00000|  0%| F|  |TAMS 0x0000000088b00000, 0x0000000088b00000| Untracked 
| 100|0x0000000088c00000, 0x0000000088c00000, 0x0000000088d00000|  0%| F|  |TAMS 0x0000000088c00000, 0x0000000088c00000| Untracked 
| 101|0x0000000088d00000, 0x0000000088d00000, 0x0000000088e00000|  0%| F|  |TAMS 0x0000000088d00000, 0x0000000088d00000| Untracked 
| 102|0x0000000088e00000, 0x0000000088e00000, 0x0000000088f00000|  0%| F|  |TAMS 0x0000000088e00000, 0x0000000088e00000| Untracked 
| 103|0x0000000088f00000, 0x0000000088f00000, 0x0000000089000000|  0%| F|  |TAMS 0x0000000088f00000, 0x0000000088f00000| Untracked 
| 104|0x0000000089000000, 0x00000000890765b8, 0x0000000089100000| 46%| E|  |TAMS 0x0000000089000000, 0x0000000089000000| Complete 
| 105|0x0000000089100000, 0x0000000089200000, 0x0000000089200000|100%| E|CS|TAMS 0x0000000089100000, 0x0000000089100000| Complete 
| 106|0x0000000089200000, 0x0000000089300000, 0x0000000089300000|100%| E|CS|TAMS 0x0000000089200000, 0x0000000089200000| Complete 
| 107|0x0000000089300000, 0x0000000089400000, 0x0000000089400000|100%| E|CS|TAMS 0x0000000089300000, 0x0000000089300000| Complete 
| 108|0x0000000089400000, 0x0000000089500000, 0x0000000089500000|100%| E|CS|TAMS 0x0000000089400000, 0x0000000089400000| Complete 
| 109|0x0000000089500000, 0x0000000089600000, 0x0000000089600000|100%| E|CS|TAMS 0x0000000089500000, 0x0000000089500000| Complete 
| 110|0x0000000089600000, 0x0000000089700000, 0x0000000089700000|100%| E|CS|TAMS 0x0000000089600000, 0x0000000089600000| Complete 
| 111|0x0000000089700000, 0x0000000089800000, 0x0000000089800000|100%| E|CS|TAMS 0x0000000089700000, 0x0000000089700000| Complete 
| 112|0x0000000089800000, 0x0000000089900000, 0x0000000089900000|100%| E|  |TAMS 0x0000000089800000, 0x0000000089800000| Complete 
| 113|0x0000000089900000, 0x0000000089a00000, 0x0000000089a00000|100%| E|CS|TAMS 0x0000000089900000, 0x0000000089900000| Complete 
| 114|0x0000000089a00000, 0x0000000089b00000, 0x0000000089b00000|100%| E|CS|TAMS 0x0000000089a00000, 0x0000000089a00000| Complete 
| 115|0x0000000089b00000, 0x0000000089c00000, 0x0000000089c00000|100%| E|CS|TAMS 0x0000000089b00000, 0x0000000089b00000| Complete 
| 116|0x0000000089c00000, 0x0000000089d00000, 0x0000000089d00000|100%| E|CS|TAMS 0x0000000089c00000, 0x0000000089c00000| Complete 
| 117|0x0000000089d00000, 0x0000000089e00000, 0x0000000089e00000|100%| E|CS|TAMS 0x0000000089d00000, 0x0000000089d00000| Complete 
| 118|0x0000000089e00000, 0x0000000089f00000, 0x0000000089f00000|100%| E|CS|TAMS 0x0000000089e00000, 0x0000000089e00000| Complete 
| 119|0x0000000089f00000, 0x000000008a000000, 0x000000008a000000|100%| E|CS|TAMS 0x0000000089f00000, 0x0000000089f00000| Complete 
| 120|0x000000008a000000, 0x000000008a100000, 0x000000008a100000|100%| E|CS|TAMS 0x000000008a000000, 0x000000008a000000| Complete 
| 121|0x000000008a100000, 0x000000008a200000, 0x000000008a200000|100%| E|CS|TAMS 0x000000008a100000, 0x000000008a100000| Complete 
| 122|0x000000008a200000, 0x000000008a300000, 0x000000008a300000|100%| E|CS|TAMS 0x000000008a200000, 0x000000008a200000| Complete 
| 123|0x000000008a300000, 0x000000008a400000, 0x000000008a400000|100%| E|CS|TAMS 0x000000008a300000, 0x000000008a300000| Complete 
| 124|0x000000008a400000, 0x000000008a500000, 0x000000008a500000|100%| E|CS|TAMS 0x000000008a400000, 0x000000008a400000| Complete 
| 125|0x000000008a500000, 0x000000008a600000, 0x000000008a600000|100%| E|CS|TAMS 0x000000008a500000, 0x000000008a500000| Complete 

Card table byte_map: [0x0000027269f10000,0x000002726a300000] _byte_map_base: 0x0000027269afc000

Marking Bits (Prev, Next): (CMBitMap*) 0x0000027252d56ce0, (CMBitMap*) 0x0000027252d56d20
 Prev Bits: [0x000002726a6f0000, 0x000002726c650000)
 Next Bits: [0x000002726c650000, 0x000002726e5b0000)

Polling page: 0x0000027250d00000

Metaspace:

Usage:
  Non-class:     10.73 MB used.
      Class:      1.34 MB used.
       Both:     12.07 MB used.

Virtual space:
  Non-class space:       16.00 MB reserved,      10.88 MB ( 68%) committed,  2 nodes.
      Class space:        1.00 GB reserved,       1.44 MB ( <1%) committed,  1 nodes.
             Both:        1.02 GB reserved,      12.31 MB (  1%) committed. 

Chunk freelists:
   Non-Class:  928.00 KB
       Class:  2.58 MB
        Both:  3.48 MB

MaxMetaspaceSize: unlimited
CompressedClassSpaceSize: 1.00 GB
Initial GC threshold: 21.00 MB
Current GC threshold: 21.00 MB
CDS: on
MetaspaceReclaimPolicy: balanced
 - commit_granule_bytes: 65536.
 - commit_granule_words: 8192.
 - virtual_space_node_default_size: 1048576.
 - enlarge_chunks_in_place: 1.
 - new_chunks_are_fully_committed: 0.
 - uncommit_free_chunks: 1.
 - use_allocation_guard: 0.
 - handle_deallocations: 1.


Internal statistics:

num_allocs_failed_limit: 0.
num_arena_births: 136.
num_arena_deaths: 0.
num_vsnodes_births: 3.
num_vsnodes_deaths: 0.
num_space_committed: 197.
num_space_uncommitted: 0.
num_chunks_returned_to_freelist: 0.
num_chunks_taken_from_freelist: 297.
num_chunk_merges: 0.
num_chunk_splits: 175.
num_chunks_enlarged: 96.
num_purges: 0.
num_inconsistent_stats: 0.

CodeHeap 'non-profiled nmethods': size=120000Kb used=464Kb max_used=464Kb free=119535Kb
 bounds [0x00000272622b0000, 0x0000027262520000, 0x00000272697e0000]
CodeHeap 'profiled nmethods': size=120000Kb used=2369Kb max_used=2369Kb free=117630Kb
 bounds [0x000002725ad80000, 0x000002725aff0000, 0x00000272622b0000]
CodeHeap 'non-nmethods': size=5760Kb used=1286Kb max_used=1307Kb free=4474Kb
 bounds [0x000002725a7e0000, 0x000002725aa50000, 0x000002725ad80000]
 total_blobs=1976 nmethods=1366 adapters=523
 compilation: enabled
              stopped_count=0, restarted_count=0
 full_count=0

Compilation events (20 events):
Event: 0.803 Thread 0x0000027270fcbf80 1294       3       sun.security.util.math.intpoly.IntegerPolynomial$MutableElement::setProduct (6 bytes)
Event: 0.803 Thread 0x0000027270fcbf80 nmethod 1294 0x000002725afa8510 code [0x000002725afa86a0, 0x000002725afa87e8]
Event: 0.803 Thread 0x0000027270fcbf80 1295       3       sun.security.util.math.intpoly.IntegerPolynomial$MutableElement::setProduct (31 bytes)
Event: 0.803 Thread 0x0000027270fcbf80 nmethod 1295 0x000002725afa8890 code [0x000002725afa8a40, 0x000002725afa8d48]
Event: 0.803 Thread 0x0000027270fcbf80 1296       3       sun.security.util.math.intpoly.IntegerPolynomial$MutableElement::setDifference (6 bytes)
Event: 0.803 Thread 0x0000027270fcbf80 nmethod 1296 0x000002725afa8e90 code [0x000002725afa9040, 0x000002725afa9188]
Event: 0.804 Thread 0x0000027270fcbf80 1306       3       sun.security.util.math.intpoly.IntegerPolynomial::conditionalSwap (57 bytes)
Event: 0.804 Thread 0x0000027270fcbf80 nmethod 1306 0x000002725afa9210 code [0x000002725afa93c0, 0x000002725afa95b8]
Event: 0.804 Thread 0x0000027270fcbf80 1300       3       sun.security.util.math.intpoly.IntegerPolynomial$MutableElement::setSquare (5 bytes)
Event: 0.804 Thread 0x0000027270fcbf80 nmethod 1300 0x000002725afa9710 code [0x000002725afa98c0, 0x000002725afa9b28]
Event: 0.804 Thread 0x0000027270fcbf80 1301       3       sun.security.util.math.intpoly.IntegerPolynomial$MutableElement::setSquare (22 bytes)
Event: 0.805 Thread 0x0000027270fcbf80 nmethod 1301 0x000002725afa9c10 code [0x000002725afa9dc0, 0x000002725afa9fc8]
Event: 0.805 Thread 0x0000027270fcbf80 1302       3       sun.security.util.math.intpoly.IntegerPolynomial25519::square (613 bytes)
Event: 0.806 Thread 0x0000027270fcbf80 nmethod 1302 0x000002725afaa090 code [0x000002725afaa240, 0x000002725afaaac8]
Event: 0.806 Thread 0x0000027270fcbf80 1299       3       sun.security.util.math.intpoly.IntegerPolynomial$MutableElement::setSum (6 bytes)
Event: 0.806 Thread 0x0000027270fcbf80 nmethod 1299 0x000002725afaad10 code [0x000002725afaaec0, 0x000002725afab008]
Event: 0.806 Thread 0x0000027270fcbf80 1304       3       sun.security.ec.XECOperations::cswap (9 bytes)
Event: 0.806 Thread 0x0000027270fcbf80 nmethod 1304 0x000002725afab090 code [0x000002725afab240, 0x000002725afab3c8]
Event: 0.806 Thread 0x0000027270fcbf80 1305       3       sun.security.util.math.intpoly.IntegerPolynomial$MutableElement::conditionalSwapWith (38 bytes)
Event: 0.807 Thread 0x0000027270fcbf80 nmethod 1305 0x000002725afab510 code [0x000002725afab6c0, 0x000002725afab928]

GC Heap History (0 events):
No events

Deoptimization events (20 events):
Event: 0.606 Thread 0x0000027250b3a7b0 Uncommon trap: trap_request=0xffffffde fr.pc=0x00000272622f3aa0 relative=0x0000000000000460
Event: 0.606 Thread 0x0000027250b3a7b0 Uncommon trap: reason=class_check action=maybe_recompile pc=0x00000272622f3aa0 method=java.util.HashMap.getNode(Ljava/lang/Object;)Ljava/util/HashMap$Node; @ 128 c2
Event: 0.606 Thread 0x0000027250b3a7b0 DEOPT PACKING pc=0x00000272622f3aa0 sp=0x000000ce42ffc6f0
Event: 0.606 Thread 0x0000027250b3a7b0 DEOPT UNPACKING pc=0x000002725a8323a3 sp=0x000000ce42ffc608 mode 2
Event: 0.606 Thread 0x0000027250b3a7b0 Uncommon trap: trap_request=0xffffffde fr.pc=0x00000272622ddc48 relative=0x0000000000000408
Event: 0.606 Thread 0x0000027250b3a7b0 Uncommon trap: reason=class_check action=maybe_recompile pc=0x00000272622ddc48 method=java.util.HashMap.getNode(Ljava/lang/Object;)Ljava/util/HashMap$Node; @ 128 c2
Event: 0.606 Thread 0x0000027250b3a7b0 DEOPT PACKING pc=0x00000272622ddc48 sp=0x000000ce42ffc680
Event: 0.606 Thread 0x0000027250b3a7b0 DEOPT UNPACKING pc=0x000002725a8323a3 sp=0x000000ce42ffc608 mode 2
Event: 0.629 Thread 0x0000027250b3a7b0 DEOPT PACKING pc=0x000002725aeb493e sp=0x000000ce42ffa880
Event: 0.629 Thread 0x0000027250b3a7b0 DEOPT UNPACKING pc=0x000002725a832b43 sp=0x000000ce42ff9d20 mode 0
Event: 0.693 Thread 0x0000027250b3a7b0 DEOPT PACKING pc=0x000002725aeab156 sp=0x000000ce42ffd0a0
Event: 0.693 Thread 0x0000027250b3a7b0 DEOPT UNPACKING pc=0x000002725a832b43 sp=0x000000ce42ffc540 mode 0
Event: 0.746 Thread 0x0000027250b3a7b0 Uncommon trap: trap_request=0xffffff45 fr.pc=0x00000272622e6800 relative=0x0000000000000280
Event: 0.746 Thread 0x0000027250b3a7b0 Uncommon trap: reason=unstable_if action=reinterpret pc=0x00000272622e6800 method=java.util.HashMap.putVal(ILjava/lang/Object;Ljava/lang/Object;ZZ)Ljava/lang/Object; @ 162 c2
Event: 0.746 Thread 0x0000027250b3a7b0 DEOPT PACKING pc=0x00000272622e6800 sp=0x000000ce42ffb180
Event: 0.746 Thread 0x0000027250b3a7b0 DEOPT UNPACKING pc=0x000002725a8323a3 sp=0x000000ce42ffb0b8 mode 2
Event: 0.773 Thread 0x0000027250b3a7b0 Uncommon trap: trap_request=0xffffff45 fr.pc=0x0000027262313e9c relative=0x000000000000025c
Event: 0.773 Thread 0x0000027250b3a7b0 Uncommon trap: reason=unstable_if action=reinterpret pc=0x0000027262313e9c method=java.util.regex.Pattern$SliceI.match(Ljava/util/regex/Matcher;ILjava/lang/CharSequence;)Z @ 29 c2
Event: 0.773 Thread 0x0000027250b3a7b0 DEOPT PACKING pc=0x0000027262313e9c sp=0x000000ce42ffdb70
Event: 0.773 Thread 0x0000027250b3a7b0 DEOPT UNPACKING pc=0x000002725a8323a3 sp=0x000000ce42ffdb08 mode 2

Classes unloaded (0 events):
No events

Classes redefined (0 events):
No events

Internal exceptions (20 events):
Event: 0.161 Thread 0x0000027250b3a7b0 Exception <a 'java/io/FileNotFoundException'{0x000000008a3935b0}> (0x000000008a3935b0) 
thrown [s\src\hotspot\share\prims\jni.cpp, line 516]
Event: 0.200 Thread 0x0000027250b3a7b0 Exception <a 'java/lang/NoSuchMethodError'{0x000000008a3d7a70}: 'java.lang.Object java.lang.invoke.DirectMethodHandle$Holder.invokeStaticInit(java.lang.Object)'> (0x000000008a3d7a70) 
thrown [s\src\hotspot\share\interpreter\linkResolver.cpp, line 759]
Event: 0.239 Thread 0x0000027250b3a7b0 Exception <a 'java/lang/NoSuchMethodError'{0x000000008a2357a0}: 'void java.lang.invoke.DirectMethodHandle$Holder.invokeSpecial(java.lang.Object, java.lang.Object, java.lang.Object)'> (0x000000008a2357a0) 
thrown [s\src\hotspot\share\interpreter\linkResolver.cpp, line 759]
Event: 0.248 Thread 0x0000027250b3a7b0 Exception <a 'java/lang/NoSuchMethodError'{0x000000008a25f9a8}: 'java.lang.Object java.lang.invoke.DirectMethodHandle$Holder.newInvokeSpecial(java.lang.Object, java.lang.Object, java.lang.Object, java.lang.Object, java.lang.Object)'> (0x000000008a25f9a8) 
thrown [s\src\hotspot\share\interpreter\linkResolver.cpp, line 759]
Event: 0.250 Thread 0x0000027250b3a7b0 Exception <a 'java/lang/NoSuchMethodError'{0x000000008a26b370}: 'java.lang.Object java.lang.invoke.DirectMethodHandle$Holder.invokeStatic(java.lang.Object, int, java.lang.Object, java.lang.Object, java.lang.Object, java.lang.Object)'> (0x000000008a26b370) 
thrown [s\src\hotspot\share\interpreter\linkResolver.cpp, line 759]
Event: 0.256 Thread 0x0000027250b3a7b0 Exception <a 'java/lang/NoSuchMethodError'{0x000000008a290d70}: 'java.lang.Object java.lang.invoke.DirectMethodHandle$Holder.invokeStatic(java.lang.Object, int, java.lang.Object)'> (0x000000008a290d70) 
thrown [s\src\hotspot\share\interpreter\linkResolver.cpp, line 759]
Event: 0.283 Thread 0x0000027250b3a7b0 Exception <a 'java/lang/ClassNotFoundException'{0x000000008a149278}: com/sun/swing/internal/plaf/metal/resources/spi/metalProvider> (0x000000008a149278) 
thrown [s\src\hotspot\share\classfile\systemDictionary.cpp, line 256]
Event: 0.283 Thread 0x0000027250b3a7b0 Exception <a 'java/lang/ClassNotFoundException'{0x000000008a14d120}: com/sun/swing/internal/plaf/basic/resources/spi/basicProvider> (0x000000008a14d120) 
thrown [s\src\hotspot\share\classfile\systemDictionary.cpp, line 256]
Event: 0.350 Thread 0x0000027271f91010 Exception <a 'java/lang/NoSuchMethodError'{0x000000008a0f06d8}: 'java.lang.Object java.lang.invoke.DirectMethodHandle$Holder.newInvokeSpecial(java.lang.Object, java.lang.Object, java.lang.Object, int, int, int, int, int)'> (0x000000008a0f06d8) 
thrown [s\src\hotspot\share\interpreter\linkResolver.cpp, line 759]
Event: 0.423 Thread 0x0000027250b3a7b0 Exception <a 'java/lang/NoSuchMethodError'{0x0000000089a45520}: 'java.lang.Object java.lang.invoke.DirectMethodHandle$Holder.invokeInterface(java.lang.Object, java.lang.Object)'> (0x0000000089a45520) 
thrown [s\src\hotspot\share\interpreter\linkResolver.cpp, line 759]
Event: 0.451 Thread 0x0000027250b3a7b0 Exception <a 'java/lang/NoSuchMethodError'{0x0000000089ac4e98}: 'void java.lang.invoke.DirectMethodHandle$Holder.invokeStatic(java.lang.Object, java.lang.Object, java.lang.Object)'> (0x0000000089ac4e98) 
thrown [s\src\hotspot\share\interpreter\linkResolver.cpp, line 759]
Event: 0.453 Thread 0x0000027250b3a7b0 Exception <a 'java/lang/NoSuchMethodError'{0x0000000089aced68}: 'java.lang.Object java.lang.invoke.DirectMethodHandle$Holder.invokeVirtual(java.lang.Object, java.lang.Object, java.lang.Object)'> (0x0000000089aced68) 
thrown [s\src\hotspot\share\interpreter\linkResolver.cpp, line 759]
Event: 0.533 Thread 0x0000027250b3a7b0 Exception <a 'java/lang/NoSuchMethodError'{0x00000000897d2078}: 'void java.lang.invoke.DirectMethodHandle$Holder.invokeStatic(java.lang.Object, java.lang.Object)'> (0x00000000897d2078) 
thrown [s\src\hotspot\share\interpreter\linkResolver.cpp, line 759]
Event: 0.584 Thread 0x0000027250b3a7b0 Exception <a 'java/lang/NoSuchMethodError'{0x0000000089567ac8}: 'void java.lang.invoke.DirectMethodHandle$Holder.invokeStaticInit(java.lang.Object, java.lang.Object)'> (0x0000000089567ac8) 
thrown [s\src\hotspot\share\interpreter\linkResolver.cpp, line 759]
Event: 0.629 Thread 0x0000027250b3a7b0 Exception <a 'sun/nio/fs/WindowsException'{0x000000008948d4b0}> (0x000000008948d4b0) 
thrown [s\src\hotspot\share\prims\jni.cpp, line 516]
Event: 0.640 Thread 0x0000027250b3a7b0 Exception <a 'java/lang/NoSuchMethodError'{0x00000000894b1db0}: 'int java.lang.invoke.DirectMethodHandle$Holder.invokeStaticInit(java.lang.Object, java.lang.Object, java.lang.Object, java.lang.Object)'> (0x00000000894b1db0) 
thrown [s\src\hotspot\share\interpreter\linkResolver.cpp, line 759]
Event: 0.642 Thread 0x0000027250b3a7b0 Exception <a 'java/lang/IncompatibleClassChangeError'{0x00000000894baf98}: Found class java.lang.Object, but interface was expected> (0x00000000894baf98) 
thrown [s\src\hotspot\share\interpreter\linkResolver.cpp, line 826]
Event: 0.642 Thread 0x0000027250b3a7b0 Exception <a 'java/lang/NoSuchMethodError'{0x00000000894c0580}: 'int java.lang.invoke.DirectMethodHandle$Holder.invokeStaticInit(java.lang.Object, java.lang.Object)'> (0x00000000894c0580) 
thrown [s\src\hotspot\share\interpreter\linkResolver.cpp, line 759]
Event: 0.684 Thread 0x0000027250b3a7b0 Exception <a 'java/lang/NoSuchMethodError'{0x0000000089211218}: 'java.lang.Object java.lang.invoke.DirectMethodHandle$Holder.invokeStaticInit(java.lang.Object, int, int, int, int)'> (0x0000000089211218) 
thrown [s\src\hotspot\share\interpreter\linkResolver.cpp, line 759]
Event: 0.730 Thread 0x0000027250b3a7b0 Exception <a 'java/lang/NoSuchMethodError'{0x00000000892baae0}: 'java.lang.Object java.lang.invoke.DirectMethodHandle$Holder.invokeStaticInit(java.lang.Object, java.lang.Object, int, int, int, int)'> (0x00000000892baae0) 
thrown [s\src\hotspot\share\interpreter\linkResolver.cpp, line 759]

VM Operations (12 events):
Event: 0.082 Executing VM operation: HandshakeAllThreads
Event: 0.082 Executing VM operation: HandshakeAllThreads done
Event: 0.295 Executing VM operation: HandshakeAllThreads
Event: 0.295 Executing VM operation: HandshakeAllThreads done
Event: 0.369 Executing VM operation: HandshakeAllThreads
Event: 0.369 Executing VM operation: HandshakeAllThreads done
Event: 0.520 Executing VM operation: HandshakeAllThreads
Event: 0.520 Executing VM operation: HandshakeAllThreads done
Event: 0.634 Executing VM operation: HandshakeAllThreads
Event: 0.635 Executing VM operation: HandshakeAllThreads done
Event: 0.646 Executing VM operation: ICBufferFull
Event: 0.646 Executing VM operation: ICBufferFull done

Events (20 events):
Event: 0.805 loading class java/security/interfaces/XECKey done
Event: 0.805 loading class java/security/interfaces/XECPublicKey done
Event: 0.805 loading class sun/security/x509/X509Key
Event: 0.806 loading class sun/security/x509/X509Key done
Event: 0.806 loading class sun/security/util/BitArray
Event: 0.806 loading class sun/security/util/BitArray done
Event: 0.806 loading class java/security/interfaces/XECPrivateKey
Event: 0.806 loading class java/security/interfaces/XECPrivateKey done
Event: 0.807 loading class sun/security/pkcs/PKCS8Key
Event: 0.807 loading class sun/security/pkcs/PKCS8Key done
Event: 0.807 loading class sun/security/util/DerValue
Event: 0.807 loading class sun/security/util/DerValue done
Event: 0.807 loading class sun/security/util/DerInputStream
Event: 0.808 loading class sun/security/util/DerInputStream done
Event: 0.808 loading class sun/security/ssl/XDHKeyExchange$1
Event: 0.808 loading class sun/security/ssl/XDHKeyExchange$1 done
Event: 0.808 loading class sun/security/ssl/KeyShareExtension$KeyShareEntry
Event: 0.808 loading class sun/security/ssl/KeyShareExtension$KeyShareEntry done
Event: 0.808 loading class sun/security/ssl/ECDHKeyExchange$ECDHEPossession
Event: 0.808 loading class sun/security/ssl/ECDHKeyExchange$ECDHEPossession done


Dynamic libraries:
0x00007ff6df930000 - 0x00007ff6df93e000 	C:\Users\91839\AppData\Local\Programs\Eclipse Adoptium\jdk-17.0.4.101-hotspot\bin\java.exe
0x00007ff8ba8f0000 - 0x00007ff8bab04000 	C:\WINDOWS\SYSTEM32\ntdll.dll
0x00007ff8b9090000 - 0x00007ff8b9152000 	C:\WINDOWS\System32\KERNEL32.DLL
0x00007ff8b7ef0000 - 0x00007ff8b828c000 	C:\WINDOWS\System32\KERNELBASE.dll
0x00007ff8b7d30000 - 0x00007ff8b7e41000 	C:\WINDOWS\System32\ucrtbase.dll
0x00007ff8af830000 - 0x00007ff8af848000 	C:\Users\91839\AppData\Local\Programs\Eclipse Adoptium\jdk-17.0.4.101-hotspot\bin\jli.dll
0x00007ff8a55c0000 - 0x00007ff8a55d9000 	C:\Users\91839\AppData\Local\Programs\Eclipse Adoptium\jdk-17.0.4.101-hotspot\bin\VCRUNTIME140.dll
0x00007ff8b8800000 - 0x00007ff8b89ab000 	C:\WINDOWS\System32\USER32.dll
0x00007ff8b8350000 - 0x00007ff8b8376000 	C:\WINDOWS\System32\win32u.dll
0x00007ff8a7720000 - 0x00007ff8a79ae000 	C:\WINDOWS\WinSxS\amd64_microsoft.windows.common-controls_6595b64144ccf1df_6.0.22621.608_none_a9444ca7c10bb01d\COMCTL32.dll
0x00007ff8b8be0000 - 0x00007ff8b8c09000 	C:\WINDOWS\System32\GDI32.dll
0x00007ff8b99b0000 - 0x00007ff8b9a57000 	C:\WINDOWS\System32\msvcrt.dll
0x00007ff8b85e0000 - 0x00007ff8b86f3000 	C:\WINDOWS\System32\gdi32full.dll
0x00007ff8b7e50000 - 0x00007ff8b7eea000 	C:\WINDOWS\System32\msvcp_win.dll
0x00007ff8b9b10000 - 0x00007ff8b9b41000 	C:\WINDOWS\System32\IMM32.DLL
0x00007ff8a4ac0000 - 0x00007ff8a4acc000 	C:\Users\91839\AppData\Local\Programs\Eclipse Adoptium\jdk-17.0.4.101-hotspot\bin\vcruntime140_1.dll
0x00007ff867950000 - 0x00007ff8679e1000 	C:\Users\91839\AppData\Local\Programs\Eclipse Adoptium\jdk-17.0.4.101-hotspot\bin\msvcp140.dll
0x00007ff82e9d0000 - 0x00007ff82f616000 	C:\Users\91839\AppData\Local\Programs\Eclipse Adoptium\jdk-17.0.4.101-hotspot\bin\server\jvm.dll
0x00007ff8b8f50000 - 0x00007ff8b8ffe000 	C:\WINDOWS\System32\ADVAPI32.dll
0x00007ff8b94e0000 - 0x00007ff8b9584000 	C:\WINDOWS\System32\sechost.dll
0x00007ff8b9160000 - 0x00007ff8b9277000 	C:\WINDOWS\System32\RPCRT4.dll
0x00007ff8b9b60000 - 0x00007ff8b9b68000 	C:\WINDOWS\System32\PSAPI.DLL
0x00007ff896d00000 - 0x00007ff896d09000 	C:\WINDOWS\SYSTEM32\WSOCK32.dll
0x00007ff8b01d0000 - 0x00007ff8b0204000 	C:\WINDOWS\SYSTEM32\WINMM.dll
0x00007ff8b1470000 - 0x00007ff8b147a000 	C:\WINDOWS\SYSTEM32\VERSION.dll
0x00007ff8b9010000 - 0x00007ff8b9081000 	C:\WINDOWS\System32\WS2_32.dll
0x00007ff8b6e30000 - 0x00007ff8b6e48000 	C:\WINDOWS\SYSTEM32\kernel.appcore.dll
0x00007ff8a4a00000 - 0x00007ff8a4a0a000 	C:\Users\91839\AppData\Local\Programs\Eclipse Adoptium\jdk-17.0.4.101-hotspot\bin\jimage.dll
0x00007ff8b56d0000 - 0x00007ff8b58fe000 	C:\WINDOWS\SYSTEM32\DBGHELP.DLL
0x00007ff8b9610000 - 0x00007ff8b9999000 	C:\WINDOWS\System32\combase.dll
0x00007ff8b9380000 - 0x00007ff8b9457000 	C:\WINDOWS\System32\OLEAUT32.dll
0x00007ff89c3b0000 - 0x00007ff89c3e2000 	C:\WINDOWS\SYSTEM32\dbgcore.DLL
0x00007ff8b8560000 - 0x00007ff8b85db000 	C:\WINDOWS\System32\bcryptPrimitives.dll
0x00007ff89e250000 - 0x00007ff89e275000 	C:\Users\91839\AppData\Local\Programs\Eclipse Adoptium\jdk-17.0.4.101-hotspot\bin\java.dll
0x00007ff89d350000 - 0x00007ff89d426000 	C:\Users\91839\AppData\Local\Programs\Eclipse Adoptium\jdk-17.0.4.101-hotspot\bin\jsvml.dll
0x00007ff8b9b70000 - 0x00007ff8ba360000 	C:\WINDOWS\System32\SHELL32.dll
0x00007ff8b5d00000 - 0x00007ff8b65cd000 	C:\WINDOWS\SYSTEM32\windows.storage.dll
0x00007ff8b5bc0000 - 0x00007ff8b5cfe000 	C:\WINDOWS\SYSTEM32\wintypes.dll
0x00007ff8b9280000 - 0x00007ff8b9371000 	C:\WINDOWS\System32\SHCORE.dll
0x00007ff8b95b0000 - 0x00007ff8b960e000 	C:\WINDOWS\System32\shlwapi.dll
0x00007ff8b7c60000 - 0x00007ff8b7c81000 	C:\WINDOWS\SYSTEM32\profapi.dll
0x00007ff89d330000 - 0x00007ff89d349000 	C:\Users\91839\AppData\Local\Programs\Eclipse Adoptium\jdk-17.0.4.101-hotspot\bin\net.dll
0x00007ff8b1130000 - 0x00007ff8b1267000 	C:\WINDOWS\SYSTEM32\WINHTTP.dll
0x00007ff8b72a0000 - 0x00007ff8b7309000 	C:\WINDOWS\system32\mswsock.dll
0x00007ff89d310000 - 0x00007ff89d325000 	C:\Users\91839\AppData\Local\Programs\Eclipse Adoptium\jdk-17.0.4.101-hotspot\bin\nio.dll
0x00007ff897950000 - 0x00007ff897968000 	C:\Users\91839\AppData\Local\Programs\Eclipse Adoptium\jdk-17.0.4.101-hotspot\bin\zip.dll
0x00007ff830120000 - 0x00007ff8302ae000 	C:\Users\91839\AppData\Local\Programs\Eclipse Adoptium\jdk-17.0.4.101-hotspot\bin\awt.dll
0x00007ff8b4db0000 - 0x00007ff8b4e46000 	C:\WINDOWS\SYSTEM32\apphelp.dll
0x00007ff8b5180000 - 0x00007ff8b51ab000 	C:\WINDOWS\system32\DWMAPI.DLL
0x00007ff8b4f50000 - 0x00007ff8b4ffb000 	C:\WINDOWS\system32\uxtheme.dll
0x00007ff89dda0000 - 0x00007ff89dea0000 	C:\WINDOWS\system32\opengl32.dll
0x00007ff8a1120000 - 0x00007ff8a114d000 	C:\WINDOWS\SYSTEM32\GLU32.dll
0x00007ff8b5030000 - 0x00007ff8b5066000 	C:\WINDOWS\SYSTEM32\dxcore.dll
0x00007ff8b8e30000 - 0x00007ff8b8f4e000 	C:\WINDOWS\System32\MSCTF.dll
0x00007ff8b89b0000 - 0x00007ff8b8b4c000 	C:\WINDOWS\System32\ole32.dll
0x00007ff88c2e0000 - 0x00007ff88c30d000 	C:\Users\91839\AppData\Local\Programs\Eclipse Adoptium\jdk-17.0.4.101-hotspot\bin\javajpeg.dll
0x00007ff8b6900000 - 0x00007ff8b69f3000 	C:\WINDOWS\SYSTEM32\DNSAPI.dll
0x00007ff8b6890000 - 0x00007ff8b68bd000 	C:\WINDOWS\SYSTEM32\IPHLPAPI.DLL
0x00007ff8b99a0000 - 0x00007ff8b99a9000 	C:\WINDOWS\System32\NSI.dll
0x00007ff8a3a60000 - 0x00007ff8a3a6a000 	C:\Windows\System32\rasadhlp.dll
0x00007ff8afac0000 - 0x00007ff8afb43000 	C:\WINDOWS\System32\fwpuclnt.dll
0x00007ff8b7540000 - 0x00007ff8b755b000 	C:\WINDOWS\SYSTEM32\CRYPTSP.dll
0x00007ff8b6da0000 - 0x00007ff8b6dd5000 	C:\WINDOWS\system32\rsaenh.dll
0x00007ff8b73c0000 - 0x00007ff8b73e8000 	C:\WINDOWS\SYSTEM32\USERENV.dll
0x00007ff8b7700000 - 0x00007ff8b7728000 	C:\WINDOWS\SYSTEM32\bcrypt.dll
0x00007ff8b7560000 - 0x00007ff8b756c000 	C:\WINDOWS\SYSTEM32\CRYPTBASE.dll
0x00007ff8b1480000 - 0x00007ff8b1499000 	C:\WINDOWS\SYSTEM32\dhcpcsvc6.DLL
0x00007ff8b1030000 - 0x00007ff8b104f000 	C:\WINDOWS\SYSTEM32\dhcpcsvc.DLL
0x00007ff8a7c60000 - 0x00007ff8a7c6e000 	C:\Users\91839\AppData\Local\Programs\Eclipse Adoptium\jdk-17.0.4.101-hotspot\bin\sunmscapi.dll
0x00007ff8b8380000 - 0x00007ff8b84e6000 	C:\WINDOWS\System32\CRYPT32.dll
0x00007ff8b76d0000 - 0x00007ff8b76fe000 	C:\WINDOWS\SYSTEM32\ncrypt.dll
0x00007ff8b7690000 - 0x00007ff8b76c7000 	C:\WINDOWS\SYSTEM32\NTASN1.dll

dbghelp: loaded successfully - version: 4.0.5 - missing functions: none
symbol engine: initialized successfully - sym options: 0x614 - pdb path: .;C:\Users\91839\AppData\Local\Programs\Eclipse Adoptium\jdk-17.0.4.101-hotspot\bin;C:\WINDOWS\SYSTEM32;C:\WINDOWS\WinSxS\amd64_microsoft.windows.common-controls_6595b64144ccf1df_6.0.22621.608_none_a9444ca7c10bb01d;C:\Users\91839\AppData\Local\Programs\Eclipse Adoptium\jdk-17.0.4.101-hotspot\bin\server

VM Arguments:
jvm_args: -Dfile.encoding=UTF-8 -Djava.security.policy=applet.policy --module-path=C:\Users\91839\Documents\NetBeansProjects\Travel  Management System\build\classes 
java_command: travel.management.system.ViewPackage
java_class_path (initial): C:\Users\91839\Downloads\mysql-connector-java-8.0.28.jar;C:\Users\91839\Documents\NetBeansProjects\Travel  Management System\build\classes
Launcher Type: SUN_STANDARD

[Global flags]
     intx CICompilerCount                          = 4                                         {product} {ergonomic}
     uint ConcGCThreads                            = 2                                         {product} {ergonomic}
     uint G1ConcRefinementThreads                  = 8                                         {product} {ergonomic}
   size_t G1HeapRegionSize                         = 1048576                                   {product} {ergonomic}
    uintx GCDrainStackTargetSize                   = 64                                        {product} {ergonomic}
   size_t InitialHeapSize                          = 132120576                                 {product} {ergonomic}
   size_t MarkStackSize                            = 4194304                                   {product} {ergonomic}
   size_t MaxHeapSize                              = 2105540608                                {product} {ergonomic}
   size_t MaxNewSize                               = 1262485504                                {product} {ergonomic}
   size_t MinHeapDeltaBytes                        = 1048576                                   {product} {ergonomic}
   size_t MinHeapSize                              = 8388608                                   {product} {ergonomic}
    uintx NonNMethodCodeHeapSize                   = 5839372                                {pd product} {ergonomic}
    uintx NonProfiledCodeHeapSize                  = 122909434                              {pd product} {ergonomic}
    uintx ProfiledCodeHeapSize                     = 122909434                              {pd product} {ergonomic}
    uintx ReservedCodeCacheSize                    = 251658240                              {pd product} {ergonomic}
     bool SegmentedCodeCache                       = true                                      {product} {ergonomic}
   size_t SoftMaxHeapSize                          = 2105540608                             {manageable} {ergonomic}
     bool UseCompressedClassPointers               = true                           {product lp64_product} {ergonomic}
     bool UseCompressedOops                        = true                           {product lp64_product} {ergonomic}
     bool UseG1GC                                  = true                                      {product} {ergonomic}
     bool UseLargePagesIndividualAllocation        = false                                  {pd product} {ergonomic}

Logging:
Log output configuration:
 #0: stdout all=warning uptime,level,tags
 #1: stderr all=off uptime,level,tags

Environment Variables:
JAVA_HOME=C:\Users\91839\AppData\Local\Programs\Eclipse Adoptium\jdk-17.0.4.101-hotspot\
PATH=C:\oracle\bin;C:\Python310\Scripts\;C:\Python310\;C:\Windows\system32;C:\Windows;C:\Windows\System32\Wbem;C:\Windows\System32\WindowsPowerShell\v1.0\;C:\Windows\System32\OpenSSH\;C:\Program Files (x86)\NVIDIA Corporation\PhysX\Common;C:\Program Files\NVIDIA Corporation\NVIDIA NvDLISR;C:\MinGW\bin;C:\ProgramData\chocolatey\bin;C:\WINDOWS\system32;C:\WINDOWS;C:\WINDOWS\System32\Wbem;C:\WINDOWS\System32\WindowsPowerShell\v1.0\;C:\WINDOWS\System32\OpenSSH\;C:\Program Files\Git\cmd;C:\Program Files\nodejs\;C:\Users\91839\Downloads\Compressed\sqlite-tools-win32-x86-3390300\sqlite-tools-win32-x86-3390300;;C:\Program Files\Docker\Docker\resources\bin;C:\Program Files\MySQL\MySQL Shell 8.0\bin\;C:\Program Files (x86)\Microsoft Visual Studio\Common\Tools\WinNT;C:\Program Files (x86)\Microsoft Visual Studio\Common\MSDev98\Bin;C:\Program Files (x86)\Microsoft Visual Studio\Common\Tools;C:\Program Files (x86)\Microsoft Visual Studio\VC98\bin;C:\Users\91839\AppData\Local\Programs\Eclipse Adoptium\jdk-17.0.4.101-hotspot\bin;C:\Users\91839\AppData\Local\Microsoft\WindowsApps;C:\Users\91839\AppData\Local\Programs\Microsoft VS Code\bin;C:\Program Files\MongoDB\Server\5.0\bin;C:\src\flutter\flutter\bin;C:\Users\91839\AppData\Roaming\npm;C:\Program Files (x86)\Dr. Memory\bin\;";C:\Users\91839\Downloads\Programs\DrMemory-Windows-2.5.0\bin";C:\Users\91839\AppData\Local\GitHubDesktop\bin
USERNAME=91839
OS=Windows_NT
PROCESSOR_IDENTIFIER=Intel64 Family 6 Model 165 Stepping 2, GenuineIntel
TMP=C:\Users\91839\AppData\Local\Temp
TEMP=C:\Users\91839\AppData\Local\Temp



---------------  S Y S T E M  ---------------

OS:
 Windows 11 , 64 bit Build 22621 (10.0.22621.1485)
OS uptime: 6 days 15:19 hours
Hyper-V role detected

CPU: total 8 (initial active 8) (4 cores per cpu, 2 threads per core) family 6 model 165 stepping 2 microcode 0xe0, cx8, cmov, fxsr, ht, mmx, 3dnowpref, sse, sse2, sse3, ssse3, sse4.1, sse4.2, popcnt, lzcnt, tsc, tscinvbit, avx, avx2, aes, erms, clmul, bmi1, bmi2, adx, fma, vzeroupper, clflush, clflushopt, hv

Memory: 4k page, system-wide physical 8029M (594M free)
TotalPageFile size 32605M (AvailPageFile size 4M)
current process WorkingSet (physical memory assigned to process): 88M, peak: 88M
current process commit charge ("private bytes"): 231M, peak: 231M

vm_info: OpenJDK 64-Bit Server VM (17.0.4.1+1) for windows-amd64 JRE (17.0.4.1+1), built on Aug 17 2022 07:42:43 by "temurin" with MS VC++ 16.7 (VS2019)

END.
