#
# A fatal error has been detected by the Java Runtime Environment:
#
#  EXCEPTION_ACCESS_VIOLATION (0xc0000005) at pc=0x00007ff82ed56e96, pid=31992, tid=35760
#
# JRE version: OpenJDK Runtime Environment Temurin-17.0.4.1+1 (17.0.4.1+1) (build 17.0.4.1+1)
# Java VM: OpenJDK 64-Bit Server VM Temurin-17.0.4.1+1 (17.0.4.1+1, mixed mode, sharing, tiered, compressed oops, compressed class ptrs, g1 gc, windows-amd64)
# Problematic frame:
# V  [jvm.dll+0x386e96]
#
# No core dump will be written. Minidumps are not enabled by default on client versions of Windows
#
# If you would like to submit a bug report, please visit:
#   https://github.com/adoptium/adoptium-support/issues
#

---------------  S U M M A R Y ------------

Command Line: -Dfile.encoding=UTF-8 -Djava.security.policy=applet.policy --module-path=C:\Users\91839\Documents\NetBeansProjects\Travel  Management System\build\classes travel.management.system.ViewPackage

Host: Intel(R) Core(TM) i5-10300H CPU @ 2.50GHz, 8 cores, 7G,  Windows 11 , 64 bit Build 22621 (10.0.22621.1485)
Time: Fri May 19 00:41:20 2023 India Standard Time elapsed time: 0.196838 seconds (0d 0h 0m 0s)

---------------  T H R E A D  ---------------

Current thread (0x000002304a6ab370):  JavaThread "AWT-Shutdown" [_thread_in_vm, id=35760, stack(0x000000784fc00000,0x000000784fd00000)]

Stack: [0x000000784fc00000,0x000000784fd00000],  sp=0x000000784fcff260,  free space=1020k
Native frames: (J=compiled Java code, j=interpreted, Vv=VM code, C=native code)
V  [jvm.dll+0x386e96]
V  [jvm.dll+0x677242]
V  [jvm.dll+0x387aeb]
V  [jvm.dll+0x387d77]
V  [jvm.dll+0x40dd71]
V  [jvm.dll+0x7e7e9b]
V  [jvm.dll+0x7e240a]
